{"total": {"lines":{"total":1414,"covered":1037,"skipped":0,"pct":73.33},"statements":{"total":1536,"covered":1078,"skipped":0,"pct":70.18},"functions":{"total":343,"covered":218,"skipped":0,"pct":63.55},"branches":{"total":785,"covered":460,"skipped":0,"pct":58.59},"branchesTrue":{"total":0,"covered":0,"skipped":0,"pct":100}}
,"/home/halile/Masaüstü/GitHub/Archive/engine-standalone/src/editor/assets/AssetUtils.ts": {"lines":{"total":11,"covered":11,"skipped":0,"pct":100},"functions":{"total":5,"covered":5,"skipped":0,"pct":100},"statements":{"total":13,"covered":13,"skipped":0,"pct":100},"branches":{"total":6,"covered":6,"skipped":0,"pct":100}}
,"/home/halile/Masaüstü/GitHub/Archive/engine-standalone/src/editor/bridge/AICopilot.ts": {"lines":{"total":54,"covered":29,"skipped":0,"pct":53.7},"functions":{"total":5,"covered":2,"skipped":0,"pct":40},"statements":{"total":54,"covered":29,"skipped":0,"pct":53.7},"branches":{"total":26,"covered":11,"skipped":0,"pct":42.3}}
,"/home/halile/Masaüstü/GitHub/Archive/engine-standalone/src/editor/bridge/ComponentRegistry.ts": {"lines":{"total":3,"covered":3,"skipped":0,"pct":100},"functions":{"total":3,"covered":3,"skipped":0,"pct":100},"statements":{"total":4,"covered":4,"skipped":0,"pct":100},"branches":{"total":0,"covered":0,"skipped":0,"pct":100}}
,"/home/halile/Masaüstü/GitHub/Archive/engine-standalone/src/editor/bridge/ScriptRegistry.ts": {"lines":{"total":2,"covered":2,"skipped":0,"pct":100},"functions":{"total":1,"covered":1,"skipped":0,"pct":100},"statements":{"total":2,"covered":2,"skipped":0,"pct":100},"branches":{"total":0,"covered":0,"skipped":0,"pct":100}}
,"/home/halile/Masaüstü/GitHub/Archive/engine-standalone/src/editor/components/ContextMenu.tsx": {"lines":{"total":24,"covered":21,"skipped":0,"pct":87.5},"functions":{"total":9,"covered":6,"skipped":0,"pct":66.66},"statements":{"total":27,"covered":23,"skipped":0,"pct":85.18},"branches":{"total":24,"covered":13,"skipped":0,"pct":54.16}}
,"/home/halile/Masaüstü/GitHub/Archive/engine-standalone/src/editor/panels/HierarchyPanel.styles.ts": {"lines":{"total":1,"covered":1,"skipped":0,"pct":100},"functions":{"total":0,"covered":0,"skipped":0,"pct":100},"statements":{"total":1,"covered":1,"skipped":0,"pct":100},"branches":{"total":0,"covered":0,"skipped":0,"pct":100}}
,"/home/halile/Masaüstü/GitHub/Archive/engine-standalone/src/editor/panels/HierarchyPanel.tsx": {"lines":{"total":62,"covered":41,"skipped":0,"pct":66.12},"functions":{"total":23,"covered":11,"skipped":0,"pct":47.82},"statements":{"total":65,"covered":42,"skipped":0,"pct":64.61},"branches":{"total":45,"covered":22,"skipped":0,"pct":48.88}}
,"/home/halile/Masaüstü/GitHub/Archive/engine-standalone/src/editor/panels/InspectorPanel.styles.ts": {"lines":{"total":1,"covered":1,"skipped":0,"pct":100},"functions":{"total":0,"covered":0,"skipped":0,"pct":100},"statements":{"total":1,"covered":1,"skipped":0,"pct":100},"branches":{"total":0,"covered":0,"skipped":0,"pct":100}}
,"/home/halile/Masaüstü/GitHub/Archive/engine-standalone/src/editor/panels/InspectorPanel.tsx": {"lines":{"total":47,"covered":34,"skipped":0,"pct":72.34},"functions":{"total":17,"covered":12,"skipped":0,"pct":70.58},"statements":{"total":49,"covered":34,"skipped":0,"pct":69.38},"branches":{"total":39,"covered":21,"skipped":0,"pct":53.84}}
,"/home/halile/Masaüstü/GitHub/Archive/engine-standalone/src/editor/serialization/SceneSerializer.ts": {"lines":{"total":60,"covered":21,"skipped":0,"pct":35},"functions":{"total":11,"covered":5,"skipped":0,"pct":45.45},"statements":{"total":61,"covered":21,"skipped":0,"pct":34.42},"branches":{"total":5,"covered":1,"skipped":0,"pct":20}}
,"/home/halile/Masaüstü/GitHub/Archive/engine-standalone/src/editor/stores/sceneStore.ts": {"lines":{"total":85,"covered":50,"skipped":0,"pct":58.82},"functions":{"total":32,"covered":15,"skipped":0,"pct":46.87},"statements":{"total":97,"covered":54,"skipped":0,"pct":55.67},"branches":{"total":34,"covered":16,"skipped":0,"pct":47.05}}
,"/home/halile/Masaüstü/GitHub/Archive/engine-standalone/src/engine/components/AnimationComponent.ts": {"lines":{"total":65,"covered":31,"skipped":0,"pct":47.69},"functions":{"total":14,"covered":5,"skipped":0,"pct":35.71},"statements":{"total":68,"covered":31,"skipped":0,"pct":45.58},"branches":{"total":41,"covered":17,"skipped":0,"pct":41.46}}
,"/home/halile/Masaüstü/GitHub/Archive/engine-standalone/src/engine/components/AudioComponent.ts": {"lines":{"total":53,"covered":42,"skipped":0,"pct":79.24},"functions":{"total":13,"covered":9,"skipped":0,"pct":69.23},"statements":{"total":54,"covered":42,"skipped":0,"pct":77.77},"branches":{"total":13,"covered":9,"skipped":0,"pct":69.23}}
,"/home/halile/Masaüstü/GitHub/Archive/engine-standalone/src/engine/components/CameraComponent.ts": {"lines":{"total":42,"covered":40,"skipped":0,"pct":95.23},"functions":{"total":7,"covered":6,"skipped":0,"pct":85.71},"statements":{"total":46,"covered":40,"skipped":0,"pct":86.95},"branches":{"total":25,"covered":20,"skipped":0,"pct":80}}
,"/home/halile/Masaüstü/GitHub/Archive/engine-standalone/src/engine/components/CollisionComponent.ts": {"lines":{"total":60,"covered":52,"skipped":0,"pct":86.66},"functions":{"total":12,"covered":10,"skipped":0,"pct":83.33},"statements":{"total":64,"covered":53,"skipped":0,"pct":82.81},"branches":{"total":33,"covered":26,"skipped":0,"pct":78.78}}
,"/home/halile/Masaüstü/GitHub/Archive/engine-standalone/src/engine/components/ParticleComponent.ts": {"lines":{"total":78,"covered":73,"skipped":0,"pct":93.58},"functions":{"total":10,"covered":6,"skipped":0,"pct":60},"statements":{"total":83,"covered":77,"skipped":0,"pct":92.77},"branches":{"total":45,"covered":40,"skipped":0,"pct":88.88}}
,"/home/halile/Masaüstü/GitHub/Archive/engine-standalone/src/engine/components/RenderComponent.ts": {"lines":{"total":54,"covered":27,"skipped":0,"pct":50},"functions":{"total":15,"covered":6,"skipped":0,"pct":40},"statements":{"total":59,"covered":27,"skipped":0,"pct":45.76},"branches":{"total":36,"covered":12,"skipped":0,"pct":33.33}}
,"/home/halile/Masaüstü/GitHub/Archive/engine-standalone/src/engine/components/RigidbodyComponent.ts": {"lines":{"total":51,"covered":39,"skipped":0,"pct":76.47},"functions":{"total":10,"covered":5,"skipped":0,"pct":50},"statements":{"total":54,"covered":40,"skipped":0,"pct":74.07},"branches":{"total":20,"covered":13,"skipped":0,"pct":65}}
,"/home/halile/Masaüstü/GitHub/Archive/engine-standalone/src/engine/components/ScriptComponent.ts": {"lines":{"total":47,"covered":39,"skipped":0,"pct":82.97},"functions":{"total":16,"covered":12,"skipped":0,"pct":75},"statements":{"total":56,"covered":43,"skipped":0,"pct":76.78},"branches":{"total":35,"covered":18,"skipped":0,"pct":51.42}}
,"/home/halile/Masaüstü/GitHub/Archive/engine-standalone/src/engine/components/TransformComponent.ts": {"lines":{"total":61,"covered":41,"skipped":0,"pct":67.21},"functions":{"total":14,"covered":9,"skipped":0,"pct":64.28},"statements":{"total":64,"covered":41,"skipped":0,"pct":64.06},"branches":{"total":10,"covered":7,"skipped":0,"pct":70}}
,"/home/halile/Masaüstü/GitHub/Archive/engine-standalone/src/engine/core/AppLoadingBridge.ts": {"lines":{"total":13,"covered":13,"skipped":0,"pct":100},"functions":{"total":3,"covered":3,"skipped":0,"pct":100},"statements":{"total":15,"covered":15,"skipped":0,"pct":100},"branches":{"total":8,"covered":8,"skipped":0,"pct":100}}
,"/home/halile/Masaüstü/GitHub/Archive/engine-standalone/src/engine/core/Component.ts": {"lines":{"total":8,"covered":4,"skipped":0,"pct":50},"functions":{"total":2,"covered":1,"skipped":0,"pct":50},"statements":{"total":8,"covered":4,"skipped":0,"pct":50},"branches":{"total":0,"covered":0,"skipped":0,"pct":100}}
,"/home/halile/Masaüstü/GitHub/Archive/engine-standalone/src/engine/core/Entity.ts": {"lines":{"total":77,"covered":54,"skipped":0,"pct":70.12},"functions":{"total":20,"covered":14,"skipped":0,"pct":70},"statements":{"total":97,"covered":60,"skipped":0,"pct":61.85},"branches":{"total":55,"covered":30,"skipped":0,"pct":54.54}}
,"/home/halile/Masaüstü/GitHub/Archive/engine-standalone/src/engine/core/Scene.ts": {"lines":{"total":30,"covered":19,"skipped":0,"pct":63.33},"functions":{"total":16,"covered":7,"skipped":0,"pct":43.75},"statements":{"total":37,"covered":19,"skipped":0,"pct":51.35},"branches":{"total":13,"covered":3,"skipped":0,"pct":23.07}}
,"/home/halile/Masaüstü/GitHub/Archive/engine-standalone/src/engine/core/System.ts": {"lines":{"total":9,"covered":4,"skipped":0,"pct":44.44},"functions":{"total":3,"covered":0,"skipped":0,"pct":0},"statements":{"total":11,"covered":4,"skipped":0,"pct":36.36},"branches":{"total":4,"covered":0,"skipped":0,"pct":0}}
,"/home/halile/Masaüstü/GitHub/Archive/engine-standalone/src/engine/systems/AnimationSystem.ts": {"lines":{"total":6,"covered":6,"skipped":0,"pct":100},"functions":{"total":1,"covered":1,"skipped":0,"pct":100},"statements":{"total":6,"covered":6,"skipped":0,"pct":100},"branches":{"total":2,"covered":2,"skipped":0,"pct":100}}
,"/home/halile/Masaüstü/GitHub/Archive/engine-standalone/src/engine/systems/AudioSystem.ts": {"lines":{"total":31,"covered":19,"skipped":0,"pct":61.29},"functions":{"total":8,"covered":5,"skipped":0,"pct":62.5},"statements":{"total":32,"covered":19,"skipped":0,"pct":59.37},"branches":{"total":8,"covered":2,"skipped":0,"pct":25}}
,"/home/halile/Masaüstü/GitHub/Archive/engine-standalone/src/engine/systems/InputSystem.ts": {"lines":{"total":106,"covered":94,"skipped":0,"pct":88.67},"functions":{"total":22,"covered":20,"skipped":0,"pct":90.9},"statements":{"total":110,"covered":98,"skipped":0,"pct":89.09},"branches":{"total":53,"covered":35,"skipped":0,"pct":66.03}}
,"/home/halile/Masaüstü/GitHub/Archive/engine-standalone/src/engine/systems/ParticleSystem.ts": {"lines":{"total":18,"covered":18,"skipped":0,"pct":100},"functions":{"total":3,"covered":3,"skipped":0,"pct":100},"statements":{"total":19,"covered":18,"skipped":0,"pct":94.73},"branches":{"total":10,"covered":7,"skipped":0,"pct":70}}
,"/home/halile/Masaüstü/GitHub/Archive/engine-standalone/src/engine/systems/PhysicsSystem.ts": {"lines":{"total":58,"covered":52,"skipped":0,"pct":89.65},"functions":{"total":7,"covered":7,"skipped":0,"pct":100},"statements":{"total":71,"covered":59,"skipped":0,"pct":83.09},"branches":{"total":52,"covered":35,"skipped":0,"pct":67.3}}
,"/home/halile/Masaüstü/GitHub/Archive/engine-standalone/src/engine/systems/RenderSystem.ts": {"lines":{"total":32,"covered":28,"skipped":0,"pct":87.5},"functions":{"total":6,"covered":4,"skipped":0,"pct":66.66},"statements":{"total":37,"covered":29,"skipped":0,"pct":78.37},"branches":{"total":21,"covered":15,"skipped":0,"pct":71.42}}
,"/home/halile/Masaüstü/GitHub/Archive/engine-standalone/src/engine/systems/ScriptSystem.ts": {"lines":{"total":19,"covered":19,"skipped":0,"pct":100},"functions":{"total":3,"covered":3,"skipped":0,"pct":100},"statements":{"total":23,"covered":19,"skipped":0,"pct":82.6},"branches":{"total":10,"covered":6,"skipped":0,"pct":60}}
,"/home/halile/Masaüstü/GitHub/Archive/engine-standalone/src/engine/utils/EventEmitter.ts": {"lines":{"total":27,"covered":24,"skipped":0,"pct":88.88},"functions":{"total":8,"covered":6,"skipped":0,"pct":75},"statements":{"total":27,"covered":24,"skipped":0,"pct":88.88},"branches":{"total":14,"covered":7,"skipped":0,"pct":50}}
,"/home/halile/Masaüstü/GitHub/Archive/engine-standalone/src/engine/utils/ObjectPool.ts": {"lines":{"total":23,"covered":21,"skipped":0,"pct":91.3},"functions":{"total":9,"covered":7,"skipped":0,"pct":77.77},"statements":{"total":24,"covered":22,"skipped":0,"pct":91.66},"branches":{"total":6,"covered":5,"skipped":0,"pct":83.33}}
,"/home/halile/Masaüstü/GitHub/Archive/engine-standalone/src/presentation/atomic/atoms/VibeButton.tsx": {"lines":{"total":19,"covered":13,"skipped":0,"pct":68.42},"functions":{"total":6,"covered":2,"skipped":0,"pct":33.33},"statements":{"total":20,"covered":13,"skipped":0,"pct":65},"branches":{"total":24,"covered":10,"skipped":0,"pct":41.66}}
,"/home/halile/Masaüstü/GitHub/Archive/engine-standalone/src/presentation/atomic/atoms/VibeInput.tsx": {"lines":{"total":13,"covered":9,"skipped":0,"pct":69.23},"functions":{"total":4,"covered":2,"skipped":0,"pct":50},"statements":{"total":13,"covered":9,"skipped":0,"pct":69.23},"branches":{"total":7,"covered":5,"skipped":0,"pct":71.42}}
,"/home/halile/Masaüstü/GitHub/Archive/engine-standalone/src/presentation/atomic/molecules/SovereignHeader.tsx": {"lines":{"total":4,"covered":4,"skipped":0,"pct":100},"functions":{"total":2,"covered":2,"skipped":0,"pct":100},"statements":{"total":4,"covered":4,"skipped":0,"pct":100},"branches":{"total":4,"covered":4,"skipped":0,"pct":100}}
,"/home/halile/Masaüstü/GitHub/Archive/engine-standalone/src/presentation/components/VibeIcons.tsx": {"lines":{"total":57,"covered":35,"skipped":0,"pct":61.4},"functions":{"total":2,"covered":2,"skipped":0,"pct":100},"statements":{"total":57,"covered":35,"skipped":0,"pct":61.4},"branches":{"total":57,"covered":34,"skipped":0,"pct":59.64}}
,"/home/halile/Masaüstü/GitHub/Archive/engine-standalone/src/presentation/themes/VibeStyles.ts": {"lines":{"total":3,"covered":3,"skipped":0,"pct":100},"functions":{"total":1,"covered":1,"skipped":0,"pct":100},"statements":{"total":3,"covered":3,"skipped":0,"pct":100},"branches":{"total":0,"covered":0,"skipped":0,"pct":100}}
}
