{"/home/halile/Masaüstü/GitHub/Archive/engine-standalone/src/editor/assets/AssetUtils.ts": {"path":"/home/halile/Masaüstü/GitHub/Archive/engine-standalone/src/editor/assets/AssetUtils.ts","statementMap":{"0":{"start":{"line":19,"column":28},"end":{"line":19,"column":58}},"1":{"start":{"line":20,"column":30},"end":{"line":20,"column":62}},"2":{"start":{"line":22,"column":21},"end":{"line":22,"column":null}},"3":{"start":{"line":26,"column":4},"end":{"line":26,"column":null}},"4":{"start":{"line":33,"column":4},"end":{"line":42,"column":null}},"5":{"start":{"line":34,"column":8},"end":{"line":34,"column":null}},"6":{"start":{"line":34,"column":28},"end":{"line":34,"column":null}},"7":{"start":{"line":35,"column":8},"end":{"line":39,"column":null}},"8":{"start":{"line":36,"column":12},"end":{"line":39,"column":null}},"9":{"start":{"line":37,"column":16},"end":{"line":37,"column":null}},"10":{"start":{"line":37,"column":51},"end":{"line":37,"column":62}},"11":{"start":{"line":39,"column":16},"end":{"line":39,"column":null}},"12":{"start":{"line":49,"column":4},"end":{"line":49,"column":null}}},"fnMap":{"0":{"name":"generateId","decl":{"start":{"line":25,"column":16},"end":{"line":25,"column":37}},"loc":{"start":{"line":25,"column":37},"end":{"line":26,"column":null}},"line":25},"1":{"name":"disposeModel","decl":{"start":{"line":32,"column":16},"end":{"line":32,"column":29}},"loc":{"start":{"line":32,"column":55},"end":{"line":42,"column":null}},"line":32},"2":{"name":"(anonymous_2)","decl":{"start":{"line":33,"column":10},"end":{"line":33,"column":20}},"loc":{"start":{"line":33,"column":35},"end":{"line":42,"column":null}},"line":33},"3":{"name":"(anonymous_3)","decl":{"start":{"line":37,"column":31},"end":{"line":37,"column":40}},"loc":{"start":{"line":37,"column":51},"end":{"line":37,"column":62}},"line":37},"4":{"name":"disposeTexture","decl":{"start":{"line":48,"column":16},"end":{"line":48,"column":31}},"loc":{"start":{"line":48,"column":61},"end":{"line":49,"column":null}},"line":48}},"branchMap":{"0":{"loc":{"start":{"line":34,"column":8},"end":{"line":34,"column":null}},"type":"if","locations":[{"start":{"line":34,"column":8},"end":{"line":34,"column":null}},{"start":{},"end":{}}],"line":34},"1":{"loc":{"start":{"line":35,"column":8},"end":{"line":39,"column":null}},"type":"if","locations":[{"start":{"line":35,"column":8},"end":{"line":39,"column":null}},{"start":{},"end":{}}],"line":35},"2":{"loc":{"start":{"line":36,"column":12},"end":{"line":39,"column":null}},"type":"if","locations":[{"start":{"line":36,"column":12},"end":{"line":39,"column":null}},{"start":{"line":38,"column":19},"end":{"line":39,"column":null}}],"line":36}},"s":{"0":1,"1":1,"2":1,"3":2,"4":2,"5":4,"6":2,"7":4,"8":2,"9":1,"10":2,"11":1,"12":1},"f":{"0":2,"1":2,"2":4,"3":2,"4":1},"b":{"0":[2,2],"1":[2,2],"2":[1,1]},"meta":{"lastBranch":3,"lastFunction":5,"lastStatement":13,"seen":{"s:19:28:19:58":0,"s:20:30:20:62":1,"s:22:21:22:Infinity":2,"f:25:16:25:37":0,"s:26:4:26:Infinity":3,"f:32:16:32:29":1,"s:33:4:42:Infinity":4,"f:33:10:33:20":2,"b:34:8:34:Infinity:undefined:undefined:undefined:undefined":0,"s:34:8:34:Infinity":5,"s:34:28:34:Infinity":6,"b:35:8:39:Infinity:undefined:undefined:undefined:undefined":1,"s:35:8:39:Infinity":7,"b:36:12:39:Infinity:38:19:39:Infinity":2,"s:36:12:39:Infinity":8,"s:37:16:37:Infinity":9,"f:37:31:37:40":3,"s:37:51:37:62":10,"s:39:16:39:Infinity":11,"f:48:16:48:31":4,"s:49:4:49:Infinity":12}}}
,"/home/halile/Masaüstü/GitHub/Archive/engine-standalone/src/editor/bridge/AICopilot.ts": {"path":"/home/halile/Masaüstü/GitHub/Archive/engine-standalone/src/editor/bridge/AICopilot.ts","statementMap":{"0":{"start":{"line":51,"column":41},"end":{"line":51,"column":43}},"1":{"start":{"line":52,"column":27},"end":{"line":52,"column":51}},"2":{"start":{"line":54,"column":8},"end":{"line":54,"column":null}},"3":{"start":{"line":56,"column":8},"end":{"line":63,"column":null}},"4":{"start":{"line":57,"column":27},"end":{"line":57,"column":56}},"5":{"start":{"line":58,"column":12},"end":{"line":58,"column":null}},"6":{"start":{"line":60,"column":12},"end":{"line":63,"column":null}},"7":{"start":{"line":61,"column":16},"end":{"line":61,"column":null}},"8":{"start":{"line":63,"column":16},"end":{"line":63,"column":null}},"9":{"start":{"line":67,"column":8},"end":{"line":67,"column":null}},"10":{"start":{"line":68,"column":8},"end":{"line":68,"column":null}},"11":{"start":{"line":78,"column":8},"end":{"line":159,"column":null}},"12":{"start":{"line":79,"column":12},"end":{"line":156,"column":null}},"13":{"start":{"line":81,"column":31},"end":{"line":81,"column":84}},"14":{"start":{"line":83,"column":20},"end":{"line":85,"column":null}},"15":{"start":{"line":84,"column":24},"end":{"line":85,"column":null}},"16":{"start":{"line":85,"column":28},"end":{"line":85,"column":null}},"17":{"start":{"line":89,"column":20},"end":{"line":89,"column":null}},"18":{"start":{"line":93,"column":39},"end":{"line":93,"column":null}},"19":{"start":{"line":94,"column":31},"end":{"line":94,"column":79}},"20":{"start":{"line":97,"column":20},"end":{"line":114,"column":null}},"21":{"start":{"line":99,"column":28},"end":{"line":99,"column":null}},"22":{"start":{"line":100,"column":28},"end":{"line":100,"column":null}},"23":{"start":{"line":101,"column":28},"end":{"line":101,"column":null}},"24":{"start":{"line":102,"column":28},"end":{"line":102,"column":null}},"25":{"start":{"line":105,"column":28},"end":{"line":105,"column":null}},"26":{"start":{"line":106,"column":28},"end":{"line":106,"column":null}},"27":{"start":{"line":107,"column":28},"end":{"line":107,"column":null}},"28":{"start":{"line":108,"column":28},"end":{"line":108,"column":null}},"29":{"start":{"line":109,"column":28},"end":{"line":109,"column":null}},"30":{"start":{"line":112,"column":28},"end":{"line":112,"column":null}},"31":{"start":{"line":113,"column":28},"end":{"line":113,"column":null}},"32":{"start":{"line":114,"column":28},"end":{"line":114,"column":null}},"33":{"start":{"line":117,"column":20},"end":{"line":117,"column":null}},"34":{"start":{"line":121,"column":20},"end":{"line":121,"column":null}},"35":{"start":{"line":122,"column":20},"end":{"line":122,"column":null}},"36":{"start":{"line":126,"column":20},"end":{"line":126,"column":null}},"37":{"start":{"line":127,"column":20},"end":{"line":127,"column":null}},"38":{"start":{"line":131,"column":48},"end":{"line":135,"column":null}},"39":{"start":{"line":136,"column":20},"end":{"line":136,"column":null}},"40":{"start":{"line":137,"column":20},"end":{"line":137,"column":null}},"41":{"start":{"line":141,"column":20},"end":{"line":141,"column":null}},"42":{"start":{"line":142,"column":20},"end":{"line":142,"column":null}},"43":{"start":{"line":146,"column":20},"end":{"line":146,"column":null}},"44":{"start":{"line":147,"column":20},"end":{"line":147,"column":null}},"45":{"start":{"line":151,"column":20},"end":{"line":151,"column":null}},"46":{"start":{"line":152,"column":20},"end":{"line":152,"column":null}},"47":{"start":{"line":156,"column":20},"end":{"line":156,"column":null}},"48":{"start":{"line":159,"column":12},"end":{"line":159,"column":null}},"49":{"start":{"line":167,"column":13},"end":{"line":188,"column":null}},"50":{"start":{"line":168,"column":5},"end":{"line":187,"column":null}},"51":{"start":{"line":169,"column":44},"end":{"line":169,"column":85}},"52":{"start":{"line":173,"column":13},"end":{"line":185,"column":null}},"53":{"start":{"line":188,"column":4},"end":{"line":188,"column":null}}},"fnMap":{"0":{"name":"(anonymous_0)","decl":{"start":{"line":50,"column":11},"end":{"line":50,"column":24}},"loc":{"start":{"line":50,"column":64},"end":{"line":68,"column":null}},"line":50},"1":{"name":"(anonymous_1)","decl":{"start":{"line":77,"column":19},"end":{"line":77,"column":27}},"loc":{"start":{"line":77,"column":70},"end":{"line":159,"column":null}},"line":77},"2":{"name":"(anonymous_2)","decl":{"start":{"line":167,"column":13},"end":{"line":167,"column":35}},"loc":{"start":{"line":167,"column":35},"end":{"line":188,"column":null}},"line":167},"3":{"name":"(anonymous_3)","decl":{"start":{"line":169,"column":8},"end":{"line":169,"column":18}},"loc":{"start":{"line":169,"column":44},"end":{"line":169,"column":85}},"line":169},"4":{"name":"(anonymous_4)","decl":{"start":{"line":172,"column":8},"end":{"line":172,"column":31}},"loc":{"start":{"line":172,"column":31},"end":{"line":185,"column":null}},"line":172}},"branchMap":{"0":{"loc":{"start":{"line":60,"column":12},"end":{"line":63,"column":null}},"type":"if","locations":[{"start":{"line":60,"column":12},"end":{"line":63,"column":null}},{"start":{"line":62,"column":19},"end":{"line":63,"column":null}}],"line":60},"1":{"loc":{"start":{"line":79,"column":12},"end":{"line":156,"column":null}},"type":"switch","locations":[{"start":{"line":80,"column":16},"end":{"line":89,"column":null}},{"start":{"line":92,"column":16},"end":{"line":117,"column":null}},{"start":{"line":120,"column":16},"end":{"line":122,"column":null}},{"start":{"line":125,"column":16},"end":{"line":127,"column":null}},{"start":{"line":130,"column":16},"end":{"line":137,"column":null}},{"start":{"line":140,"column":16},"end":{"line":142,"column":null}},{"start":{"line":145,"column":16},"end":{"line":147,"column":null}},{"start":{"line":150,"column":16},"end":{"line":152,"column":null}},{"start":{"line":155,"column":16},"end":{"line":156,"column":null}}],"line":79},"2":{"loc":{"start":{"line":83,"column":20},"end":{"line":85,"column":null}},"type":"if","locations":[{"start":{"line":83,"column":20},"end":{"line":85,"column":null}},{"start":{},"end":{}}],"line":83},"3":{"loc":{"start":{"line":83,"column":24},"end":{"line":83,"column":85}},"type":"binary-expr","locations":[{"start":{"line":83,"column":24},"end":{"line":83,"column":49}},{"start":{"line":83,"column":49},"end":{"line":83,"column":85}}],"line":83},"4":{"loc":{"start":{"line":97,"column":20},"end":{"line":114,"column":null}},"type":"switch","locations":[{"start":{"line":98,"column":24},"end":{"line":102,"column":null}},{"start":{"line":104,"column":24},"end":{"line":109,"column":null}},{"start":{"line":111,"column":24},"end":{"line":114,"column":null}}],"line":97},"5":{"loc":{"start":{"line":99,"column":99},"end":{"line":99,"column":135}},"type":"binary-expr","locations":[{"start":{"line":99,"column":99},"end":{"line":99,"column":122}},{"start":{"line":99,"column":122},"end":{"line":99,"column":135}}],"line":99},"6":{"loc":{"start":{"line":105,"column":79},"end":{"line":105,"column":115}},"type":"binary-expr","locations":[{"start":{"line":105,"column":79},"end":{"line":105,"column":102}},{"start":{"line":105,"column":102},"end":{"line":105,"column":115}}],"line":105},"7":{"loc":{"start":{"line":133,"column":30},"end":{"line":133,"column":51}},"type":"binary-expr","locations":[{"start":{"line":133,"column":30},"end":{"line":133,"column":49}},{"start":{"line":133,"column":49},"end":{"line":133,"column":51}}],"line":133},"8":{"loc":{"start":{"line":159,"column":66},"end":{"line":159,"column":120}},"type":"cond-expr","locations":[{"start":{"line":159,"column":91},"end":{"line":159,"column":107}},{"start":{"line":159,"column":107},"end":{"line":159,"column":120}}],"line":159}},"s":{"0":4,"1":4,"2":4,"3":4,"4":5,"5":5,"6":5,"7":1,"8":4,"9":4,"10":4,"11":5,"12":5,"13":3,"14":3,"15":1,"16":1,"17":3,"18":1,"19":1,"20":1,"21":0,"22":0,"23":0,"24":0,"25":1,"26":1,"27":1,"28":1,"29":1,"30":0,"31":0,"32":0,"33":1,"34":0,"35":0,"36":0,"37":0,"38":0,"39":0,"40":0,"41":0,"42":0,"43":0,"44":0,"45":0,"46":0,"47":1,"48":0,"49":1,"50":0,"51":0,"52":0,"53":0},"f":{"0":1,"1":1,"2":0,"3":0,"4":0},"b":{"0":[1,4],"1":[3,1,0,0,0,0,0,0,1],"2":[1,2],"3":[3,1],"4":[0,1,0],"5":[0,0],"6":[1,0],"7":[0,0],"8":[0,0]},"meta":{"lastBranch":9,"lastFunction":5,"lastStatement":54,"seen":{"f:50:11:50:24":0,"s:51:41:51:43":0,"s:52:27:52:51":1,"s:54:8:54:Infinity":2,"s:56:8:63:Infinity":3,"s:57:27:57:56":4,"s:58:12:58:Infinity":5,"b:60:12:63:Infinity:62:19:63:Infinity":0,"s:60:12:63:Infinity":6,"s:61:16:61:Infinity":7,"s:63:16:63:Infinity":8,"s:67:8:67:Infinity":9,"s:68:8:68:Infinity":10,"f:77:19:77:27":1,"s:78:8:159:Infinity":11,"b:80:16:89:Infinity:92:16:117:Infinity:120:16:122:Infinity:125:16:127:Infinity:130:16:137:Infinity:140:16:142:Infinity:145:16:147:Infinity:150:16:152:Infinity:155:16:156:Infinity":1,"s:79:12:156:Infinity":12,"s:81:31:81:84":13,"b:83:20:85:Infinity:undefined:undefined:undefined:undefined":2,"s:83:20:85:Infinity":14,"b:83:24:83:49:83:49:83:85":3,"s:84:24:85:Infinity":15,"s:85:28:85:Infinity":16,"s:89:20:89:Infinity":17,"s:93:39:93:Infinity":18,"s:94:31:94:79":19,"b:98:24:102:Infinity:104:24:109:Infinity:111:24:114:Infinity":4,"s:97:20:114:Infinity":20,"s:99:28:99:Infinity":21,"b:99:99:99:122:99:122:99:135":5,"s:100:28:100:Infinity":22,"s:101:28:101:Infinity":23,"s:102:28:102:Infinity":24,"s:105:28:105:Infinity":25,"b:105:79:105:102:105:102:105:115":6,"s:106:28:106:Infinity":26,"s:107:28:107:Infinity":27,"s:108:28:108:Infinity":28,"s:109:28:109:Infinity":29,"s:112:28:112:Infinity":30,"s:113:28:113:Infinity":31,"s:114:28:114:Infinity":32,"s:117:20:117:Infinity":33,"s:121:20:121:Infinity":34,"s:122:20:122:Infinity":35,"s:126:20:126:Infinity":36,"s:127:20:127:Infinity":37,"s:131:48:135:Infinity":38,"b:133:30:133:49:133:49:133:51":7,"s:136:20:136:Infinity":39,"s:137:20:137:Infinity":40,"s:141:20:141:Infinity":41,"s:142:20:142:Infinity":42,"s:146:20:146:Infinity":43,"s:147:20:147:Infinity":44,"s:151:20:151:Infinity":45,"s:152:20:152:Infinity":46,"s:156:20:156:Infinity":47,"s:159:12:159:Infinity":48,"b:159:91:159:107:159:107:159:120":8,"s:167:13:188:Infinity":49,"f:167:13:167:35":2,"s:168:5:187:Infinity":50,"f:169:8:169:18":3,"s:169:44:169:85":51,"f:172:8:172:31":4,"s:173:13:185:Infinity":52,"s:188:4:188:Infinity":53}}}
,"/home/halile/Masaüstü/GitHub/Archive/engine-standalone/src/editor/bridge/ComponentRegistry.ts": {"path":"/home/halile/Masaüstü/GitHub/Archive/engine-standalone/src/editor/bridge/ComponentRegistry.ts","statementMap":{"0":{"start":{"line":24,"column":55},"end":{"line":163,"column":null}},"1":{"start":{"line":169,"column":4},"end":{"line":169,"column":null}},"2":{"start":{"line":169,"column":40},"end":{"line":169,"column":56}},"3":{"start":{"line":176,"column":4},"end":{"line":176,"column":null}}},"fnMap":{"0":{"name":"getComponentInfo","decl":{"start":{"line":168,"column":16},"end":{"line":168,"column":33}},"loc":{"start":{"line":168,"column":78},"end":{"line":169,"column":null}},"line":168},"1":{"name":"(anonymous_1)","decl":{"start":{"line":169,"column":30},"end":{"line":169,"column":35}},"loc":{"start":{"line":169,"column":40},"end":{"line":169,"column":56}},"line":169},"2":{"name":"getAvailableComponents","decl":{"start":{"line":175,"column":16},"end":{"line":175,"column":62}},"loc":{"start":{"line":175,"column":62},"end":{"line":176,"column":null}},"line":175}},"branchMap":{},"s":{"0":1,"1":3,"2":9,"3":1},"f":{"0":3,"1":9,"2":1},"b":{},"meta":{"lastBranch":0,"lastFunction":3,"lastStatement":4,"seen":{"s:24:55:163:Infinity":0,"f:168:16:168:33":0,"s:169:4:169:Infinity":1,"f:169:30:169:35":1,"s:169:40:169:56":2,"f:175:16:175:62":2,"s:176:4:176:Infinity":3}}}
,"/home/halile/Masaüstü/GitHub/Archive/engine-standalone/src/editor/bridge/ScriptRegistry.ts": {"path":"/home/halile/Masaüstü/GitHub/Archive/engine-standalone/src/editor/bridge/ScriptRegistry.ts","statementMap":{"0":{"start":{"line":11,"column":45},"end":{"line":34,"column":null}},"1":{"start":{"line":37,"column":4},"end":{"line":37,"column":null}}},"fnMap":{"0":{"name":"getAvailableScripts","decl":{"start":{"line":36,"column":16},"end":{"line":36,"column":52}},"loc":{"start":{"line":36,"column":52},"end":{"line":37,"column":null}},"line":36}},"branchMap":{},"s":{"0":1,"1":2},"f":{"0":2},"b":{},"meta":{"lastBranch":0,"lastFunction":1,"lastStatement":2,"seen":{"s:11:45:34:Infinity":0,"f:36:16:36:52":0,"s:37:4:37:Infinity":1}}}
,"/home/halile/Masaüstü/GitHub/Archive/engine-standalone/src/editor/components/ContextMenu.tsx": {"path":"/home/halile/Masaüstü/GitHub/Archive/engine-standalone/src/editor/components/ContextMenu.tsx","statementMap":{"0":{"start":{"line":25,"column":6},"end":{"line":67,"column":2}},"1":{"start":{"line":69,"column":19},"end":{"line":69,"column":null}},"2":{"start":{"line":76,"column":13},"end":{"line":127,"column":null}},"3":{"start":{"line":77,"column":10},"end":{"line":77,"column":48}},"4":{"start":{"line":78,"column":23},"end":{"line":78,"column":69}},"5":{"start":{"line":80,"column":4},"end":{"line":93,"column":null}},"6":{"start":{"line":81,"column":14},"end":{"line":82,"column":null}},"7":{"start":{"line":82,"column":12},"end":{"line":82,"column":null}},"8":{"start":{"line":82,"column":80},"end":{"line":82,"column":null}},"9":{"start":{"line":84,"column":14},"end":{"line":85,"column":null}},"10":{"start":{"line":85,"column":12},"end":{"line":85,"column":null}},"11":{"start":{"line":85,"column":36},"end":{"line":85,"column":null}},"12":{"start":{"line":87,"column":8},"end":{"line":87,"column":null}},"13":{"start":{"line":88,"column":8},"end":{"line":88,"column":null}},"14":{"start":{"line":89,"column":8},"end":{"line":91,"column":null}},"15":{"start":{"line":90,"column":12},"end":{"line":90,"column":null}},"16":{"start":{"line":91,"column":12},"end":{"line":91,"column":null}},"17":{"start":{"line":96,"column":22},"end":{"line":96,"column":58}},"18":{"start":{"line":97,"column":22},"end":{"line":97,"column":75}},"19":{"start":{"line":99,"column":4},"end":{"line":127,"column":null}},"20":{"start":{"line":106,"column":16},"end":{"line":126,"column":null}},"21":{"start":{"line":115,"column":44},"end":{"line":115,"column":82}},"22":{"start":{"line":116,"column":44},"end":{"line":116,"column":81}},"23":{"start":{"line":118,"column":28},"end":{"line":118,"column":null}},"24":{"start":{"line":118,"column":47},"end":{"line":118,"column":null}},"25":{"start":{"line":119,"column":28},"end":{"line":119,"column":null}},"26":{"start":{"line":120,"column":28},"end":{"line":120,"column":null}}},"fnMap":{"0":{"name":"(anonymous_0)","decl":{"start":{"line":76,"column":13},"end":{"line":76,"column":56}},"loc":{"start":{"line":76,"column":85},"end":{"line":127,"column":null}},"line":76},"1":{"name":"(anonymous_1)","decl":{"start":{"line":80,"column":4},"end":{"line":80,"column":20}},"loc":{"start":{"line":80,"column":20},"end":{"line":93,"column":8}},"line":80},"2":{"name":"(anonymous_2)","decl":{"start":{"line":81,"column":14},"end":{"line":81,"column":36}},"loc":{"start":{"line":81,"column":54},"end":{"line":82,"column":null}},"line":81},"3":{"name":"(anonymous_3)","decl":{"start":{"line":84,"column":14},"end":{"line":84,"column":31}},"loc":{"start":{"line":84,"column":52},"end":{"line":85,"column":null}},"line":84},"4":{"name":"(anonymous_4)","decl":{"start":{"line":89,"column":8},"end":{"line":89,"column":21}},"loc":{"start":{"line":89,"column":21},"end":{"line":91,"column":null}},"line":89},"5":{"name":"(anonymous_5)","decl":{"start":{"line":105,"column":19},"end":{"line":105,"column":24}},"loc":{"start":{"line":106,"column":16},"end":{"line":126,"column":null}},"line":106},"6":{"name":"(anonymous_6)","decl":{"start":{"line":115,"column":24},"end":{"line":115,"column":44}},"loc":{"start":{"line":115,"column":44},"end":{"line":115,"column":82}},"line":115},"7":{"name":"(anonymous_7)","decl":{"start":{"line":116,"column":24},"end":{"line":116,"column":44}},"loc":{"start":{"line":116,"column":44},"end":{"line":116,"column":81}},"line":116},"8":{"name":"(anonymous_8)","decl":{"start":{"line":117,"column":24},"end":{"line":117,"column":39}},"loc":{"start":{"line":117,"column":39},"end":{"line":120,"column":null}},"line":117}},"branchMap":{"0":{"loc":{"start":{"line":82,"column":12},"end":{"line":82,"column":null}},"type":"if","locations":[{"start":{"line":82,"column":12},"end":{"line":82,"column":null}},{"start":{},"end":{}}],"line":82},"1":{"loc":{"start":{"line":82,"column":16},"end":{"line":82,"column":78}},"type":"binary-expr","locations":[{"start":{"line":82,"column":16},"end":{"line":82,"column":35}},{"start":{"line":82,"column":35},"end":{"line":82,"column":78}}],"line":82},"2":{"loc":{"start":{"line":85,"column":12},"end":{"line":85,"column":null}},"type":"if","locations":[{"start":{"line":85,"column":12},"end":{"line":85,"column":null}},{"start":{},"end":{}}],"line":85},"3":{"loc":{"start":{"line":107,"column":21},"end":{"line":108,"column":21}},"type":"binary-expr","locations":[{"start":{"line":107,"column":21},"end":{"line":107,"column":37}},{"start":{"line":107,"column":37},"end":{"line":108,"column":21}}],"line":107},"4":{"loc":{"start":{"line":111,"column":32},"end":{"line":111,"column":68}},"type":"cond-expr","locations":[{"start":{"line":111,"column":46},"end":{"line":111,"column":66}},{"start":{"line":111,"column":66},"end":{"line":111,"column":68}}],"line":111},"5":{"loc":{"start":{"line":112,"column":32},"end":{"line":112,"column":135}},"type":"cond-expr","locations":[{"start":{"line":112,"column":74},"end":{"line":112,"column":133}},{"start":{"line":112,"column":133},"end":{"line":112,"column":135}}],"line":112},"6":{"loc":{"start":{"line":112,"column":32},"end":{"line":112,"column":74}},"type":"binary-expr","locations":[{"start":{"line":112,"column":32},"end":{"line":112,"column":56}},{"start":{"line":112,"column":56},"end":{"line":112,"column":74}}],"line":112},"7":{"loc":{"start":{"line":112,"column":74},"end":{"line":112,"column":133}},"type":"cond-expr","locations":[{"start":{"line":112,"column":88},"end":{"line":112,"column":113}},{"start":{"line":112,"column":113},"end":{"line":112,"column":133}}],"line":112},"8":{"loc":{"start":{"line":113,"column":32},"end":{"line":113,"column":null}},"type":"cond-expr","locations":[{"start":{"line":113,"column":48},"end":{"line":113,"column":114}},{"start":{"line":113,"column":114},"end":{"line":113,"column":null}}],"line":113},"9":{"loc":{"start":{"line":115,"column":44},"end":{"line":115,"column":82}},"type":"binary-expr","locations":[{"start":{"line":115,"column":44},"end":{"line":115,"column":62}},{"start":{"line":115,"column":62},"end":{"line":115,"column":82}}],"line":115},"10":{"loc":{"start":{"line":116,"column":44},"end":{"line":116,"column":81}},"type":"binary-expr","locations":[{"start":{"line":116,"column":44},"end":{"line":116,"column":62}},{"start":{"line":116,"column":62},"end":{"line":116,"column":81}}],"line":116},"11":{"loc":{"start":{"line":118,"column":28},"end":{"line":118,"column":null}},"type":"if","locations":[{"start":{"line":118,"column":28},"end":{"line":118,"column":null}},{"start":{},"end":{}}],"line":118}},"s":{"0":2,"1":2,"2":2,"3":3,"4":3,"5":3,"6":3,"7":1,"8":1,"9":3,"10":0,"11":0,"12":3,"13":3,"14":3,"15":3,"16":3,"17":3,"18":3,"19":3,"20":12,"21":0,"22":0,"23":2,"24":1,"25":1,"26":2},"f":{"0":3,"1":3,"2":1,"3":0,"4":3,"5":12,"6":0,"7":0,"8":2},"b":{"0":[1,0],"1":[1,1],"2":[0,0],"3":[12,3],"4":[3,9],"5":[0,12],"6":[12,0],"7":[0,0],"8":[3,9],"9":[0,0],"10":[0,0],"11":[1,1]},"meta":{"lastBranch":12,"lastFunction":9,"lastStatement":27,"seen":{"s:25:6:67:2":0,"s:69:19:69:Infinity":1,"s:76:13:127:Infinity":2,"f:76:13:76:56":0,"s:77:10:77:48":3,"s:78:23:78:69":4,"s:80:4:93:Infinity":5,"f:80:4:80:20":1,"s:81:14:82:Infinity":6,"f:81:14:81:36":2,"b:82:12:82:Infinity:undefined:undefined:undefined:undefined":0,"s:82:12:82:Infinity":7,"b:82:16:82:35:82:35:82:78":1,"s:82:80:82:Infinity":8,"s:84:14:85:Infinity":9,"f:84:14:84:31":3,"b:85:12:85:Infinity:undefined:undefined:undefined:undefined":2,"s:85:12:85:Infinity":10,"s:85:36:85:Infinity":11,"s:87:8:87:Infinity":12,"s:88:8:88:Infinity":13,"s:89:8:91:Infinity":14,"f:89:8:89:21":4,"s:90:12:90:Infinity":15,"s:91:12:91:Infinity":16,"s:96:22:96:58":17,"s:97:22:97:75":18,"s:99:4:127:Infinity":19,"f:105:19:105:24":5,"s:106:16:126:Infinity":20,"b:107:21:107:37:107:37:108:21":3,"b:111:46:111:66:111:66:111:68":4,"b:112:74:112:133:112:133:112:135":5,"b:112:32:112:56:112:56:112:74":6,"b:112:88:112:113:112:113:112:133":7,"b:113:48:113:114:113:114:113:Infinity":8,"f:115:24:115:44":6,"s:115:44:115:82":21,"b:115:44:115:62:115:62:115:82":9,"f:116:24:116:44":7,"s:116:44:116:81":22,"b:116:44:116:62:116:62:116:81":10,"f:117:24:117:39":8,"b:118:28:118:Infinity:undefined:undefined:undefined:undefined":11,"s:118:28:118:Infinity":23,"s:118:47:118:Infinity":24,"s:119:28:119:Infinity":25,"s:120:28:120:Infinity":26}}}
,"/home/halile/Masaüstü/GitHub/Archive/engine-standalone/src/editor/panels/HierarchyPanel.styles.ts": {"path":"/home/halile/Masaüstü/GitHub/Archive/engine-standalone/src/editor/panels/HierarchyPanel.styles.ts","statementMap":{"0":{"start":{"line":9,"column":13},"end":{"line":81,"column":2}}},"fnMap":{},"branchMap":{},"s":{"0":1},"f":{},"b":{},"meta":{"lastBranch":0,"lastFunction":0,"lastStatement":1,"seen":{"s:9:13:81:2":0}}}
,"/home/halile/Masaüstü/GitHub/Archive/engine-standalone/src/editor/panels/HierarchyPanel.tsx": {"path":"/home/halile/Masaüstü/GitHub/Archive/engine-standalone/src/editor/panels/HierarchyPanel.tsx","statementMap":{"0":{"start":{"line":29,"column":6},"end":{"line":44,"column":null}},"1":{"start":{"line":30,"column":4},"end":{"line":31,"column":null}},"2":{"start":{"line":31,"column":8},"end":{"line":31,"column":null}},"3":{"start":{"line":34,"column":18},"end":{"line":34,"column":61}},"4":{"start":{"line":35,"column":4},"end":{"line":44,"column":null}},"5":{"start":{"line":38,"column":16},"end":{"line":41,"column":null}},"6":{"start":{"line":66,"column":6},"end":{"line":130,"column":null}},"7":{"start":{"line":67,"column":21},"end":{"line":67,"column":50}},"8":{"start":{"line":68,"column":22},"end":{"line":68,"column":53}},"9":{"start":{"line":69,"column":12},"end":{"line":69,"column":40}},"10":{"start":{"line":70,"column":30},"end":{"line":70,"column":63}},"11":{"start":{"line":72,"column":24},"end":{"line":72,"column":null}},"12":{"start":{"line":73,"column":23},"end":{"line":73,"column":null}},"13":{"start":{"line":75,"column":10},"end":{"line":82,"column":null}},"14":{"start":{"line":76,"column":37},"end":{"line":79,"column":null}},"15":{"start":{"line":80,"column":8},"end":{"line":81,"column":null}},"16":{"start":{"line":80,"column":24},"end":{"line":80,"column":null}},"17":{"start":{"line":81,"column":17},"end":{"line":81,"column":null}},"18":{"start":{"line":81,"column":28},"end":{"line":81,"column":null}},"19":{"start":{"line":82,"column":8},"end":{"line":82,"column":null}},"20":{"start":{"line":85,"column":4},"end":{"line":130,"column":null}},"21":{"start":{"line":90,"column":31},"end":{"line":90,"column":54}},"22":{"start":{"line":91,"column":38},"end":{"line":91,"column":65}},"23":{"start":{"line":92,"column":36},"end":{"line":92,"column":54}},"24":{"start":{"line":93,"column":36},"end":{"line":93,"column":55}},"25":{"start":{"line":100,"column":28},"end":{"line":100,"column":null}},"26":{"start":{"line":101,"column":28},"end":{"line":101,"column":null}},"27":{"start":{"line":119,"column":38},"end":{"line":119,"column":59}},"28":{"start":{"line":120,"column":24},"end":{"line":128,"column":null}},"29":{"start":{"line":151,"column":13},"end":{"line":284,"column":null}},"30":{"start":{"line":152,"column":48},"end":{"line":152,"column":80}},"31":{"start":{"line":155,"column":23},"end":{"line":156,"column":24}},"32":{"start":{"line":157,"column":24},"end":{"line":157,"column":54}},"33":{"start":{"line":158,"column":24},"end":{"line":158,"column":107}},"34":{"start":{"line":160,"column":10},"end":{"line":162,"column":null}},"35":{"start":{"line":161,"column":19},"end":{"line":161,"column":48}},"36":{"start":{"line":162,"column":8},"end":{"line":162,"column":null}},"37":{"start":{"line":165,"column":10},"end":{"line":168,"column":null}},"38":{"start":{"line":166,"column":8},"end":{"line":166,"column":null}},"39":{"start":{"line":167,"column":8},"end":{"line":168,"column":null}},"40":{"start":{"line":168,"column":12},"end":{"line":168,"column":null}},"41":{"start":{"line":172,"column":10},"end":{"line":176,"column":null}},"42":{"start":{"line":173,"column":25},"end":{"line":173,"column":41}},"43":{"start":{"line":174,"column":8},"end":{"line":176,"column":null}},"44":{"start":{"line":175,"column":26},"end":{"line":175,"column":81}},"45":{"start":{"line":176,"column":12},"end":{"line":176,"column":null}},"46":{"start":{"line":180,"column":10},"end":{"line":182,"column":null}},"47":{"start":{"line":181,"column":8},"end":{"line":181,"column":null}},"48":{"start":{"line":182,"column":8},"end":{"line":182,"column":null}},"49":{"start":{"line":185,"column":48},"end":{"line":198,"column":10}},"50":{"start":{"line":189,"column":27},"end":{"line":189,"column":null}},"51":{"start":{"line":196,"column":27},"end":{"line":196,"column":null}},"52":{"start":{"line":200,"column":28},"end":{"line":204,"column":null}},"53":{"start":{"line":201,"column":23},"end":{"line":201,"column":39}},"54":{"start":{"line":202,"column":8},"end":{"line":202,"column":null}},"55":{"start":{"line":202,"column":26},"end":{"line":202,"column":null}},"56":{"start":{"line":203,"column":8},"end":{"line":203,"column":null}},"57":{"start":{"line":207,"column":8},"end":{"line":220,"column":null}},"58":{"start":{"line":214,"column":31},"end":{"line":214,"column":81}},"59":{"start":{"line":223,"column":4},"end":{"line":284,"column":null}},"60":{"start":{"line":226,"column":27},"end":{"line":226,"column":54}},"61":{"start":{"line":242,"column":41},"end":{"line":242,"column":71}},"62":{"start":{"line":263,"column":43},"end":{"line":263,"column":59}},"63":{"start":{"line":264,"column":28},"end":{"line":272,"column":null}},"64":{"start":{"line":283,"column":35},"end":{"line":283,"column":null}}},"fnMap":{"0":{"name":"(anonymous_0)","decl":{"start":{"line":29,"column":6},"end":{"line":29,"column":57}},"loc":{"start":{"line":29,"column":78},"end":{"line":44,"column":null}},"line":29},"1":{"name":"(anonymous_1)","decl":{"start":{"line":37,"column":19},"end":{"line":37,"column":24}},"loc":{"start":{"line":38,"column":16},"end":{"line":41,"column":null}},"line":38},"2":{"name":"(anonymous_2)","decl":{"start":{"line":66,"column":6},"end":{"line":66,"column":43}},"loc":{"start":{"line":66,"column":93},"end":{"line":130,"column":null}},"line":66},"3":{"name":"(anonymous_3)","decl":{"start":{"line":75,"column":10},"end":{"line":75,"column":52}},"loc":{"start":{"line":75,"column":52},"end":{"line":82,"column":null}},"line":75},"4":{"name":"(anonymous_4)","decl":{"start":{"line":90,"column":16},"end":{"line":90,"column":31}},"loc":{"start":{"line":90,"column":31},"end":{"line":90,"column":54}},"line":90},"5":{"name":"(anonymous_5)","decl":{"start":{"line":91,"column":16},"end":{"line":91,"column":32}},"loc":{"start":{"line":91,"column":38},"end":{"line":91,"column":65}},"line":91},"6":{"name":"(anonymous_6)","decl":{"start":{"line":92,"column":16},"end":{"line":92,"column":36}},"loc":{"start":{"line":92,"column":36},"end":{"line":92,"column":54}},"line":92},"7":{"name":"(anonymous_7)","decl":{"start":{"line":93,"column":16},"end":{"line":93,"column":36}},"loc":{"start":{"line":93,"column":36},"end":{"line":93,"column":55}},"line":93},"8":{"name":"(anonymous_8)","decl":{"start":{"line":99,"column":24},"end":{"line":99,"column":34}},"loc":{"start":{"line":99,"column":40},"end":{"line":101,"column":null}},"line":99},"9":{"name":"(anonymous_9)","decl":{"start":{"line":118,"column":37},"end":{"line":118,"column":41}},"loc":{"start":{"line":118,"column":52},"end":{"line":128,"column":null}},"line":118},"10":{"name":"(anonymous_10)","decl":{"start":{"line":151,"column":13},"end":{"line":151,"column":62}},"loc":{"start":{"line":151,"column":86},"end":{"line":284,"column":null}},"line":151},"11":{"name":"(anonymous_11)","decl":{"start":{"line":160,"column":10},"end":{"line":160,"column":34}},"loc":{"start":{"line":160,"column":34},"end":{"line":162,"column":null}},"line":160},"12":{"name":"(anonymous_12)","decl":{"start":{"line":165,"column":10},"end":{"line":165,"column":26}},"loc":{"start":{"line":165,"column":41},"end":{"line":168,"column":null}},"line":165},"13":{"name":"(anonymous_13)","decl":{"start":{"line":172,"column":10},"end":{"line":172,"column":29}},"loc":{"start":{"line":172,"column":44},"end":{"line":176,"column":null}},"line":172},"14":{"name":"(anonymous_14)","decl":{"start":{"line":180,"column":10},"end":{"line":180,"column":31}},"loc":{"start":{"line":180,"column":73},"end":{"line":182,"column":null}},"line":180},"15":{"name":"(anonymous_15)","decl":{"start":{"line":189,"column":12},"end":{"line":189,"column":27}},"loc":{"start":{"line":189,"column":27},"end":{"line":189,"column":null}},"line":189},"16":{"name":"(anonymous_16)","decl":{"start":{"line":196,"column":12},"end":{"line":196,"column":27}},"loc":{"start":{"line":196,"column":27},"end":{"line":196,"column":null}},"line":196},"17":{"name":"(anonymous_17)","decl":{"start":{"line":200,"column":42},"end":{"line":200,"column":49}},"loc":{"start":{"line":200,"column":55},"end":{"line":204,"column":null}},"line":200},"18":{"name":"(anonymous_18)","decl":{"start":{"line":214,"column":16},"end":{"line":214,"column":31}},"loc":{"start":{"line":214,"column":31},"end":{"line":214,"column":81}},"line":214},"19":{"name":"(anonymous_19)","decl":{"start":{"line":226,"column":12},"end":{"line":226,"column":27}},"loc":{"start":{"line":226,"column":27},"end":{"line":226,"column":54}},"line":226},"20":{"name":"(anonymous_20)","decl":{"start":{"line":242,"column":24},"end":{"line":242,"column":35}},"loc":{"start":{"line":242,"column":41},"end":{"line":242,"column":71}},"line":242},"21":{"name":"(anonymous_21)","decl":{"start":{"line":262,"column":41},"end":{"line":262,"column":45}},"loc":{"start":{"line":262,"column":51},"end":{"line":272,"column":null}},"line":262},"22":{"name":"(anonymous_22)","decl":{"start":{"line":283,"column":20},"end":{"line":283,"column":35}},"loc":{"start":{"line":283,"column":35},"end":{"line":283,"column":null}},"line":283}},"branchMap":{"0":{"loc":{"start":{"line":30,"column":4},"end":{"line":31,"column":null}},"type":"if","locations":[{"start":{"line":30,"column":4},"end":{"line":31,"column":null}},{"start":{},"end":{}}],"line":30},"1":{"loc":{"start":{"line":30,"column":8},"end":{"line":30,"column":69}},"type":"binary-expr","locations":[{"start":{"line":30,"column":8},"end":{"line":30,"column":19}},{"start":{"line":30,"column":19},"end":{"line":30,"column":69}}],"line":30},"2":{"loc":{"start":{"line":38,"column":16},"end":{"line":41,"column":null}},"type":"cond-expr","locations":[{"start":{"line":39,"column":20},"end":{"line":39,"column":null}},{"start":{"line":41,"column":20},"end":{"line":41,"column":null}}],"line":38},"3":{"loc":{"start":{"line":80,"column":8},"end":{"line":81,"column":null}},"type":"if","locations":[{"start":{"line":80,"column":8},"end":{"line":81,"column":null}},{"start":{"line":81,"column":17},"end":{"line":81,"column":null}}],"line":80},"4":{"loc":{"start":{"line":81,"column":17},"end":{"line":81,"column":null}},"type":"if","locations":[{"start":{"line":81,"column":17},"end":{"line":81,"column":null}},{"start":{},"end":{}}],"line":81},"5":{"loc":{"start":{"line":88,"column":40},"end":{"line":88,"column":null}},"type":"cond-expr","locations":[{"start":{"line":88,"column":53},"end":{"line":88,"column":66}},{"start":{"line":88,"column":66},"end":{"line":88,"column":null}}],"line":88},"6":{"loc":{"start":{"line":95,"column":17},"end":{"line":107,"column":null}},"type":"cond-expr","locations":[{"start":{"line":96,"column":20},"end":{"line":107,"column":21}},{"start":{"line":107,"column":20},"end":{"line":107,"column":null}}],"line":95},"7":{"loc":{"start":{"line":104,"column":25},"end":{"line":104,"column":null}},"type":"cond-expr","locations":[{"start":{"line":104,"column":36},"end":{"line":104,"column":82}},{"start":{"line":104,"column":81},"end":{"line":104,"column":null}}],"line":104},"8":{"loc":{"start":{"line":116,"column":13},"end":{"line":130,"column":null}},"type":"binary-expr","locations":[{"start":{"line":116,"column":13},"end":{"line":116,"column":25}},{"start":{"line":116,"column":25},"end":{"line":116,"column":null}},{"start":{"line":117,"column":16},"end":{"line":130,"column":null}}],"line":116},"9":{"loc":{"start":{"line":120,"column":31},"end":{"line":128,"column":null}},"type":"cond-expr","locations":[{"start":{"line":121,"column":28},"end":{"line":127,"column":null}},{"start":{"line":128,"column":28},"end":{"line":128,"column":null}}],"line":120},"10":{"loc":{"start":{"line":167,"column":8},"end":{"line":168,"column":null}},"type":"if","locations":[{"start":{"line":167,"column":8},"end":{"line":168,"column":null}},{"start":{},"end":{}}],"line":167},"11":{"loc":{"start":{"line":174,"column":8},"end":{"line":176,"column":null}},"type":"if","locations":[{"start":{"line":174,"column":8},"end":{"line":176,"column":null}},{"start":{},"end":{}}],"line":174},"12":{"loc":{"start":{"line":185,"column":48},"end":{"line":198,"column":10}},"type":"cond-expr","locations":[{"start":{"line":185,"column":62},"end":{"line":198,"column":8}},{"start":{"line":198,"column":8},"end":{"line":198,"column":10}}],"line":185},"13":{"loc":{"start":{"line":202,"column":8},"end":{"line":202,"column":null}},"type":"if","locations":[{"start":{"line":202,"column":8},"end":{"line":202,"column":null}},{"start":{},"end":{}}],"line":202},"14":{"loc":{"start":{"line":214,"column":31},"end":{"line":214,"column":81}},"type":"binary-expr","locations":[{"start":{"line":214,"column":31},"end":{"line":214,"column":51}},{"start":{"line":214,"column":51},"end":{"line":214,"column":81}}],"line":214},"15":{"loc":{"start":{"line":225,"column":55},"end":{"line":225,"column":null}},"type":"cond-expr","locations":[{"start":{"line":225,"column":87},"end":{"line":225,"column":104}},{"start":{"line":225,"column":104},"end":{"line":225,"column":null}}],"line":225},"16":{"loc":{"start":{"line":249,"column":17},"end":{"line":274,"column":null}},"type":"cond-expr","locations":[{"start":{"line":250,"column":20},"end":{"line":261,"column":21}},{"start":{"line":261,"column":20},"end":{"line":274,"column":null}}],"line":249},"17":{"loc":{"start":{"line":252,"column":55},"end":{"line":252,"column":112}},"type":"cond-expr","locations":[{"start":{"line":252,"column":69},"end":{"line":252,"column":84}},{"start":{"line":252,"column":84},"end":{"line":252,"column":112}}],"line":252},"18":{"loc":{"start":{"line":253,"column":53},"end":{"line":253,"column":150}},"type":"cond-expr","locations":[{"start":{"line":253,"column":67},"end":{"line":253,"column":100}},{"start":{"line":253,"column":100},"end":{"line":253,"column":150}}],"line":253},"19":{"loc":{"start":{"line":254,"column":25},"end":{"line":256,"column":null}},"type":"binary-expr","locations":[{"start":{"line":254,"column":25},"end":{"line":254,"column":null}},{"start":{"line":255,"column":28},"end":{"line":256,"column":null}}],"line":254},"20":{"loc":{"start":{"line":264,"column":35},"end":{"line":272,"column":null}},"type":"cond-expr","locations":[{"start":{"line":265,"column":32},"end":{"line":271,"column":null}},{"start":{"line":272,"column":32},"end":{"line":272,"column":null}}],"line":264},"21":{"loc":{"start":{"line":278,"column":13},"end":{"line":284,"column":null}},"type":"binary-expr","locations":[{"start":{"line":278,"column":13},"end":{"line":278,"column":null}},{"start":{"line":279,"column":16},"end":{"line":284,"column":null}}],"line":278}},"s":{"0":1,"1":2,"2":2,"3":0,"4":0,"5":0,"6":1,"7":2,"8":2,"9":2,"10":2,"11":2,"12":2,"13":2,"14":2,"15":2,"16":0,"17":2,"18":0,"19":2,"20":2,"21":1,"22":0,"23":0,"24":0,"25":0,"26":0,"27":0,"28":0,"29":1,"30":5,"31":5,"32":5,"33":5,"34":5,"35":1,"36":1,"37":5,"38":1,"39":1,"40":1,"41":5,"42":0,"43":0,"44":0,"45":0,"46":5,"47":0,"48":0,"49":5,"50":0,"51":0,"52":5,"53":2,"54":2,"55":2,"56":0,"57":5,"58":1,"59":5,"60":1,"61":0,"62":2,"63":2,"64":0},"f":{"0":2,"1":0,"2":2,"3":2,"4":1,"5":0,"6":0,"7":0,"8":0,"9":0,"10":5,"11":1,"12":1,"13":0,"14":0,"15":0,"16":0,"17":2,"18":1,"19":1,"20":0,"21":2,"22":0},"b":{"0":[2,0],"1":[2,0],"2":[0,0],"3":[0,2],"4":[0,2],"5":[0,2],"6":[0,2],"7":[0,0],"8":[2,2,0],"9":[0,0],"10":[1,0],"11":[0,0],"12":[0,5],"13":[2,0],"14":[1,1],"15":[5,0],"16":[3,2],"17":[0,3],"18":[0,3],"19":[3,3],"20":[2,0],"21":[5,0]},"meta":{"lastBranch":22,"lastFunction":23,"lastStatement":65,"seen":{"s:29:6:44:Infinity":0,"f:29:6:29:57":0,"b:30:4:31:Infinity:undefined:undefined:undefined:undefined":0,"s:30:4:31:Infinity":1,"b:30:8:30:19:30:19:30:69":1,"s:31:8:31:Infinity":2,"s:34:18:34:61":3,"s:35:4:44:Infinity":4,"f:37:19:37:24":1,"s:38:16:41:Infinity":5,"b:39:20:39:Infinity:41:20:41:Infinity":2,"s:66:6:130:Infinity":6,"f:66:6:66:43":2,"s:67:21:67:50":7,"s:68:22:68:53":8,"s:69:12:69:40":9,"s:70:30:70:63":10,"s:72:24:72:Infinity":11,"s:73:23:73:Infinity":12,"s:75:10:82:Infinity":13,"f:75:10:75:52":3,"s:76:37:79:Infinity":14,"b:80:8:81:Infinity:81:17:81:Infinity":3,"s:80:8:81:Infinity":15,"s:80:24:80:Infinity":16,"b:81:17:81:Infinity:undefined:undefined:undefined:undefined":4,"s:81:17:81:Infinity":17,"s:81:28:81:Infinity":18,"s:82:8:82:Infinity":19,"s:85:4:130:Infinity":20,"b:88:53:88:66:88:66:88:Infinity":5,"f:90:16:90:31":4,"s:90:31:90:54":21,"f:91:16:91:32":5,"s:91:38:91:65":22,"f:92:16:92:36":6,"s:92:36:92:54":23,"f:93:16:93:36":7,"s:93:36:93:55":24,"b:96:20:107:21:107:20:107:Infinity":6,"f:99:24:99:34":8,"s:100:28:100:Infinity":25,"s:101:28:101:Infinity":26,"b:104:36:104:82:104:81:104:Infinity":7,"b:116:13:116:25:116:25:116:Infinity:117:16:130:Infinity":8,"f:118:37:118:41":9,"s:119:38:119:59":27,"s:120:24:128:Infinity":28,"b:121:28:127:Infinity:128:28:128:Infinity":9,"s:151:13:284:Infinity":29,"f:151:13:151:62":10,"s:152:48:152:80":30,"s:155:23:156:24":31,"s:157:24:157:54":32,"s:158:24:158:107":33,"s:160:10:162:Infinity":34,"f:160:10:160:34":11,"s:161:19:161:48":35,"s:162:8:162:Infinity":36,"s:165:10:168:Infinity":37,"f:165:10:165:26":12,"s:166:8:166:Infinity":38,"b:167:8:168:Infinity:undefined:undefined:undefined:undefined":10,"s:167:8:168:Infinity":39,"s:168:12:168:Infinity":40,"s:172:10:176:Infinity":41,"f:172:10:172:29":13,"s:173:25:173:41":42,"b:174:8:176:Infinity:undefined:undefined:undefined:undefined":11,"s:174:8:176:Infinity":43,"s:175:26:175:81":44,"s:176:12:176:Infinity":45,"s:180:10:182:Infinity":46,"f:180:10:180:31":14,"s:181:8:181:Infinity":47,"s:182:8:182:Infinity":48,"s:185:48:198:10":49,"b:185:62:198:8:198:8:198:10":12,"f:189:12:189:27":15,"s:189:27:189:Infinity":50,"f:196:12:196:27":16,"s:196:27:196:Infinity":51,"s:200:28:204:Infinity":52,"f:200:42:200:49":17,"s:201:23:201:39":53,"b:202:8:202:Infinity:undefined:undefined:undefined:undefined":13,"s:202:8:202:Infinity":54,"s:202:26:202:Infinity":55,"s:203:8:203:Infinity":56,"s:207:8:220:Infinity":57,"f:214:16:214:31":18,"s:214:31:214:81":58,"b:214:31:214:51:214:51:214:81":14,"s:223:4:284:Infinity":59,"b:225:87:225:104:225:104:225:Infinity":15,"f:226:12:226:27":19,"s:226:27:226:54":60,"f:242:24:242:35":20,"s:242:41:242:71":61,"b:250:20:261:21:261:20:274:Infinity":16,"b:252:69:252:84:252:84:252:112":17,"b:253:67:253:100:253:100:253:150":18,"b:254:25:254:Infinity:255:28:256:Infinity":19,"f:262:41:262:45":21,"s:263:43:263:59":62,"s:264:28:272:Infinity":63,"b:265:32:271:Infinity:272:32:272:Infinity":20,"b:278:13:278:Infinity:279:16:284:Infinity":21,"f:283:20:283:35":22,"s:283:35:283:Infinity":64}}}
,"/home/halile/Masaüstü/GitHub/Archive/engine-standalone/src/editor/panels/InspectorPanel.styles.ts": {"path":"/home/halile/Masaüstü/GitHub/Archive/engine-standalone/src/editor/panels/InspectorPanel.styles.ts","statementMap":{"0":{"start":{"line":8,"column":13},"end":{"line":93,"column":2}}},"fnMap":{},"branchMap":{},"s":{"0":1},"f":{},"b":{},"meta":{"lastBranch":0,"lastFunction":0,"lastStatement":1,"seen":{"s:8:13:93:2":0}}}
,"/home/halile/Masaüstü/GitHub/Archive/engine-standalone/src/editor/panels/InspectorPanel.tsx": {"path":"/home/halile/Masaüstü/GitHub/Archive/engine-standalone/src/editor/panels/InspectorPanel.tsx","statementMap":{"0":{"start":{"line":32,"column":6},"end":{"line":67,"column":null}},"1":{"start":{"line":33,"column":17},"end":{"line":33,"column":null}},"2":{"start":{"line":36,"column":10},"end":{"line":39,"column":null}},"3":{"start":{"line":37,"column":8},"end":{"line":37,"column":null}},"4":{"start":{"line":37,"column":34},"end":{"line":37,"column":null}},"5":{"start":{"line":38,"column":8},"end":{"line":38,"column":null}},"6":{"start":{"line":38,"column":57},"end":{"line":38,"column":null}},"7":{"start":{"line":39,"column":8},"end":{"line":39,"column":null}},"8":{"start":{"line":42,"column":10},"end":{"line":48,"column":null}},"9":{"start":{"line":43,"column":8},"end":{"line":48,"column":null}},"10":{"start":{"line":44,"column":25},"end":{"line":44,"column":35}},"11":{"start":{"line":45,"column":12},"end":{"line":45,"column":null}},"12":{"start":{"line":46,"column":12},"end":{"line":46,"column":null}},"13":{"start":{"line":48,"column":12},"end":{"line":48,"column":null}},"14":{"start":{"line":52,"column":4},"end":{"line":67,"column":null}},"15":{"start":{"line":57,"column":20},"end":{"line":65,"column":null}},"16":{"start":{"line":62,"column":45},"end":{"line":62,"column":105}},"17":{"start":{"line":91,"column":6},"end":{"line":117,"column":null}},"18":{"start":{"line":94,"column":22},"end":{"line":94,"column":53}},"19":{"start":{"line":97,"column":25},"end":{"line":97,"column":null}},"20":{"start":{"line":98,"column":24},"end":{"line":98,"column":null}},"21":{"start":{"line":100,"column":4},"end":{"line":117,"column":null}},"22":{"start":{"line":103,"column":32},"end":{"line":103,"column":50}},"23":{"start":{"line":104,"column":32},"end":{"line":104,"column":51}},"24":{"start":{"line":138,"column":13},"end":{"line":234,"column":null}},"25":{"start":{"line":139,"column":22},"end":{"line":139,"column":54}},"26":{"start":{"line":140,"column":45},"end":{"line":140,"column":80}},"27":{"start":{"line":141,"column":52},"end":{"line":141,"column":73}},"28":{"start":{"line":143,"column":27},"end":{"line":143,"column":null}},"29":{"start":{"line":145,"column":4},"end":{"line":158,"column":null}},"30":{"start":{"line":146,"column":8},"end":{"line":158,"column":null}},"31":{"start":{"line":149,"column":31},"end":{"line":149,"column":58}},"32":{"start":{"line":164,"column":4},"end":{"line":234,"column":null}},"33":{"start":{"line":167,"column":27},"end":{"line":167,"column":54}},"34":{"start":{"line":178,"column":41},"end":{"line":178,"column":null}},"35":{"start":{"line":184,"column":34},"end":{"line":184,"column":50}},"36":{"start":{"line":185,"column":20},"end":{"line":215,"column":null}},"37":{"start":{"line":186,"column":24},"end":{"line":215,"column":null}},"38":{"start":{"line":192,"column":57},"end":{"line":192,"column":87}},"39":{"start":{"line":193,"column":40},"end":{"line":193,"column":null}},"40":{"start":{"line":194,"column":40},"end":{"line":194,"column":null}},"41":{"start":{"line":201,"column":57},"end":{"line":201,"column":87}},"42":{"start":{"line":202,"column":40},"end":{"line":202,"column":null}},"43":{"start":{"line":203,"column":40},"end":{"line":203,"column":null}},"44":{"start":{"line":210,"column":57},"end":{"line":210,"column":87}},"45":{"start":{"line":211,"column":40},"end":{"line":211,"column":null}},"46":{"start":{"line":212,"column":40},"end":{"line":212,"column":null}},"47":{"start":{"line":218,"column":20},"end":{"line":218,"column":null}},"48":{"start":{"line":225,"column":39},"end":{"line":225,"column":77}}},"fnMap":{"0":{"name":"(anonymous_0)","decl":{"start":{"line":32,"column":6},"end":{"line":32,"column":51}},"loc":{"start":{"line":32,"column":82},"end":{"line":67,"column":null}},"line":32},"1":{"name":"(anonymous_1)","decl":{"start":{"line":36,"column":10},"end":{"line":36,"column":26}},"loc":{"start":{"line":36,"column":56},"end":{"line":39,"column":null}},"line":36},"2":{"name":"(anonymous_2)","decl":{"start":{"line":42,"column":10},"end":{"line":42,"column":30}},"loc":{"start":{"line":42,"column":76},"end":{"line":48,"column":null}},"line":42},"3":{"name":"(anonymous_3)","decl":{"start":{"line":56,"column":22},"end":{"line":56,"column":27}},"loc":{"start":{"line":57,"column":20},"end":{"line":65,"column":null}},"line":57},"4":{"name":"(anonymous_4)","decl":{"start":{"line":62,"column":28},"end":{"line":62,"column":39}},"loc":{"start":{"line":62,"column":45},"end":{"line":62,"column":105}},"line":62},"5":{"name":"(anonymous_5)","decl":{"start":{"line":91,"column":6},"end":{"line":91,"column":59}},"loc":{"start":{"line":93,"column":6},"end":{"line":117,"column":null}},"line":93},"6":{"name":"(anonymous_6)","decl":{"start":{"line":103,"column":12},"end":{"line":103,"column":32}},"loc":{"start":{"line":103,"column":32},"end":{"line":103,"column":50}},"line":103},"7":{"name":"(anonymous_7)","decl":{"start":{"line":104,"column":12},"end":{"line":104,"column":32}},"loc":{"start":{"line":104,"column":32},"end":{"line":104,"column":51}},"line":104},"8":{"name":"(anonymous_8)","decl":{"start":{"line":138,"column":13},"end":{"line":138,"column":62}},"loc":{"start":{"line":138,"column":86},"end":{"line":234,"column":null}},"line":138},"9":{"name":"(anonymous_9)","decl":{"start":{"line":149,"column":16},"end":{"line":149,"column":31}},"loc":{"start":{"line":149,"column":31},"end":{"line":149,"column":58}},"line":149},"10":{"name":"(anonymous_10)","decl":{"start":{"line":167,"column":12},"end":{"line":167,"column":27}},"loc":{"start":{"line":167,"column":27},"end":{"line":167,"column":54}},"line":167},"11":{"name":"(anonymous_11)","decl":{"start":{"line":178,"column":24},"end":{"line":178,"column":35}},"loc":{"start":{"line":178,"column":41},"end":{"line":178,"column":null}},"line":178},"12":{"name":"(anonymous_12)","decl":{"start":{"line":183,"column":43},"end":{"line":183,"column":48}},"loc":{"start":{"line":183,"column":75},"end":{"line":219,"column":null}},"line":183},"13":{"name":"(anonymous_13)","decl":{"start":{"line":191,"column":36},"end":{"line":191,"column":47}},"loc":{"start":{"line":191,"column":55},"end":{"line":194,"column":null}},"line":191},"14":{"name":"(anonymous_14)","decl":{"start":{"line":200,"column":36},"end":{"line":200,"column":47}},"loc":{"start":{"line":200,"column":55},"end":{"line":203,"column":null}},"line":200},"15":{"name":"(anonymous_15)","decl":{"start":{"line":209,"column":36},"end":{"line":209,"column":47}},"loc":{"start":{"line":209,"column":55},"end":{"line":212,"column":null}},"line":209},"16":{"name":"(anonymous_16)","decl":{"start":{"line":225,"column":24},"end":{"line":225,"column":39}},"loc":{"start":{"line":225,"column":39},"end":{"line":225,"column":77}},"line":225}},"branchMap":{"0":{"loc":{"start":{"line":37,"column":8},"end":{"line":37,"column":null}},"type":"if","locations":[{"start":{"line":37,"column":8},"end":{"line":37,"column":null}},{"start":{},"end":{}}],"line":37},"1":{"loc":{"start":{"line":38,"column":8},"end":{"line":38,"column":null}},"type":"if","locations":[{"start":{"line":38,"column":8},"end":{"line":38,"column":null}},{"start":{},"end":{}}],"line":38},"2":{"loc":{"start":{"line":38,"column":12},"end":{"line":38,"column":57}},"type":"binary-expr","locations":[{"start":{"line":38,"column":12},"end":{"line":38,"column":41}},{"start":{"line":38,"column":41},"end":{"line":38,"column":57}}],"line":38},"3":{"loc":{"start":{"line":43,"column":8},"end":{"line":48,"column":null}},"type":"if","locations":[{"start":{"line":43,"column":8},"end":{"line":48,"column":null}},{"start":{"line":47,"column":15},"end":{"line":48,"column":null}}],"line":43},"4":{"loc":{"start":{"line":61,"column":42},"end":{"line":61,"column":71}},"type":"binary-expr","locations":[{"start":{"line":61,"column":42},"end":{"line":61,"column":65}},{"start":{"line":61,"column":69},"end":{"line":61,"column":71}}],"line":61},"5":{"loc":{"start":{"line":62,"column":73},"end":{"line":62,"column":105}},"type":"binary-expr","locations":[{"start":{"line":62,"column":73},"end":{"line":62,"column":99}},{"start":{"line":62,"column":103},"end":{"line":62,"column":105}}],"line":62},"6":{"loc":{"start":{"line":97,"column":25},"end":{"line":97,"column":null}},"type":"binary-expr","locations":[{"start":{"line":97,"column":25},"end":{"line":97,"column":34}},{"start":{"line":97,"column":34},"end":{"line":97,"column":64}},{"start":{"line":97,"column":68},"end":{"line":97,"column":null}}],"line":97},"7":{"loc":{"start":{"line":98,"column":24},"end":{"line":98,"column":null}},"type":"binary-expr","locations":[{"start":{"line":98,"column":24},"end":{"line":98,"column":33}},{"start":{"line":98,"column":33},"end":{"line":98,"column":null}}],"line":98},"8":{"loc":{"start":{"line":98,"column":33},"end":{"line":98,"column":null}},"type":"cond-expr","locations":[{"start":{"line":98,"column":63},"end":{"line":98,"column":71}},{"start":{"line":98,"column":71},"end":{"line":98,"column":null}}],"line":98},"9":{"loc":{"start":{"line":98,"column":71},"end":{"line":98,"column":null}},"type":"cond-expr","locations":[{"start":{"line":98,"column":103},"end":{"line":98,"column":114}},{"start":{"line":98,"column":114},"end":{"line":98,"column":null}}],"line":98},"10":{"loc":{"start":{"line":109,"column":17},"end":{"line":112,"column":null}},"type":"binary-expr","locations":[{"start":{"line":109,"column":17},"end":{"line":109,"column":30}},{"start":{"line":109,"column":30},"end":{"line":109,"column":65}},{"start":{"line":109,"column":65},"end":{"line":109,"column":null}},{"start":{"line":110,"column":20},"end":{"line":112,"column":null}}],"line":109},"11":{"loc":{"start":{"line":143,"column":27},"end":{"line":143,"column":null}},"type":"cond-expr","locations":[{"start":{"line":143,"column":46},"end":{"line":143,"column":76}},{"start":{"line":143,"column":79},"end":{"line":143,"column":null}}],"line":143},"12":{"loc":{"start":{"line":145,"column":4},"end":{"line":158,"column":null}},"type":"if","locations":[{"start":{"line":145,"column":4},"end":{"line":158,"column":null}},{"start":{},"end":{}}],"line":145},"13":{"loc":{"start":{"line":148,"column":59},"end":{"line":148,"column":null}},"type":"cond-expr","locations":[{"start":{"line":148,"column":91},"end":{"line":148,"column":108}},{"start":{"line":148,"column":108},"end":{"line":148,"column":null}}],"line":148},"14":{"loc":{"start":{"line":166,"column":55},"end":{"line":166,"column":null}},"type":"cond-expr","locations":[{"start":{"line":166,"column":87},"end":{"line":166,"column":104}},{"start":{"line":166,"column":104},"end":{"line":166,"column":null}}],"line":166},"15":{"loc":{"start":{"line":184,"column":34},"end":{"line":184,"column":50}},"type":"binary-expr","locations":[{"start":{"line":184,"column":34},"end":{"line":184,"column":48}},{"start":{"line":184,"column":48},"end":{"line":184,"column":50}}],"line":184},"16":{"loc":{"start":{"line":185,"column":20},"end":{"line":215,"column":null}},"type":"if","locations":[{"start":{"line":185,"column":20},"end":{"line":215,"column":null}},{"start":{},"end":{}}],"line":185},"17":{"loc":{"start":{"line":230,"column":21},"end":{"line":234,"column":null}},"type":"binary-expr","locations":[{"start":{"line":230,"column":21},"end":{"line":230,"column":null}},{"start":{"line":231,"column":24},"end":{"line":234,"column":null}}],"line":230}},"s":{"0":1,"1":6,"2":6,"3":18,"4":0,"5":18,"6":0,"7":18,"8":6,"9":1,"10":0,"11":0,"12":0,"13":1,"14":6,"15":18,"16":1,"17":1,"18":2,"19":2,"20":2,"21":2,"22":0,"23":0,"24":1,"25":6,"26":6,"27":6,"28":6,"29":6,"30":1,"31":0,"32":5,"33":1,"34":1,"35":2,"36":2,"37":2,"38":1,"39":1,"40":1,"41":0,"42":0,"43":0,"44":0,"45":0,"46":0,"47":0,"48":1},"f":{"0":6,"1":18,"2":1,"3":18,"4":1,"5":2,"6":0,"7":0,"8":6,"9":0,"10":1,"11":1,"12":2,"13":1,"14":0,"15":0,"16":1},"b":{"0":[0,18],"1":[0,18],"2":[18,0],"3":[0,1],"4":[18,18],"5":[1,0],"6":[2,0,0],"7":[2,0],"8":[0,0],"9":[0,0],"10":[2,0,0,0],"11":[5,1],"12":[1,5],"13":[1,0],"14":[5,0],"15":[2,2],"16":[2,0],"17":[6,1]},"meta":{"lastBranch":18,"lastFunction":17,"lastStatement":49,"seen":{"s:32:6:67:Infinity":0,"f:32:6:32:51":0,"s:33:17:33:Infinity":1,"s:36:10:39:Infinity":2,"f:36:10:36:26":1,"b:37:8:37:Infinity:undefined:undefined:undefined:undefined":0,"s:37:8:37:Infinity":3,"s:37:34:37:Infinity":4,"b:38:8:38:Infinity:undefined:undefined:undefined:undefined":1,"s:38:8:38:Infinity":5,"b:38:12:38:41:38:41:38:57":2,"s:38:57:38:Infinity":6,"s:39:8:39:Infinity":7,"s:42:10:48:Infinity":8,"f:42:10:42:30":2,"b:43:8:48:Infinity:47:15:48:Infinity":3,"s:43:8:48:Infinity":9,"s:44:25:44:35":10,"s:45:12:45:Infinity":11,"s:46:12:46:Infinity":12,"s:48:12:48:Infinity":13,"s:52:4:67:Infinity":14,"f:56:22:56:27":3,"s:57:20:65:Infinity":15,"b:61:42:61:65:61:69:61:71":4,"f:62:28:62:39":4,"s:62:45:62:105":16,"b:62:73:62:99:62:103:62:105":5,"s:91:6:117:Infinity":17,"f:91:6:91:59":5,"s:94:22:94:53":18,"s:97:25:97:Infinity":19,"b:97:25:97:34:97:34:97:64:97:68:97:Infinity":6,"s:98:24:98:Infinity":20,"b:98:24:98:33:98:33:98:Infinity":7,"b:98:63:98:71:98:71:98:Infinity":8,"b:98:103:98:114:98:114:98:Infinity":9,"s:100:4:117:Infinity":21,"f:103:12:103:32":6,"s:103:32:103:50":22,"f:104:12:104:32":7,"s:104:32:104:51":23,"b:109:17:109:30:109:30:109:65:109:65:109:Infinity:110:20:112:Infinity":10,"s:138:13:234:Infinity":24,"f:138:13:138:62":8,"s:139:22:139:54":25,"s:140:45:140:80":26,"s:141:52:141:73":27,"s:143:27:143:Infinity":28,"b:143:46:143:76:143:79:143:Infinity":11,"b:145:4:158:Infinity:undefined:undefined:undefined:undefined":12,"s:145:4:158:Infinity":29,"s:146:8:158:Infinity":30,"b:148:91:148:108:148:108:148:Infinity":13,"f:149:16:149:31":9,"s:149:31:149:58":31,"s:164:4:234:Infinity":32,"b:166:87:166:104:166:104:166:Infinity":14,"f:167:12:167:27":10,"s:167:27:167:54":33,"f:178:24:178:35":11,"s:178:41:178:Infinity":34,"f:183:43:183:48":12,"s:184:34:184:50":35,"b:184:34:184:48:184:48:184:50":15,"b:185:20:215:Infinity:undefined:undefined:undefined:undefined":16,"s:185:20:215:Infinity":36,"s:186:24:215:Infinity":37,"f:191:36:191:47":13,"s:192:57:192:87":38,"s:193:40:193:Infinity":39,"s:194:40:194:Infinity":40,"f:200:36:200:47":14,"s:201:57:201:87":41,"s:202:40:202:Infinity":42,"s:203:40:203:Infinity":43,"f:209:36:209:47":15,"s:210:57:210:87":44,"s:211:40:211:Infinity":45,"s:212:40:212:Infinity":46,"s:218:20:218:Infinity":47,"f:225:24:225:39":16,"s:225:39:225:77":48,"b:230:21:230:Infinity:231:24:234:Infinity":17}}}
,"/home/halile/Masaüstü/GitHub/Archive/engine-standalone/src/editor/serialization/SceneSerializer.ts": {"path":"/home/halile/Masaüstü/GitHub/Archive/engine-standalone/src/editor/serialization/SceneSerializer.ts","statementMap":{"0":{"start":{"line":26,"column":18},"end":{"line":26,"column":42}},"1":{"start":{"line":28,"column":34},"end":{"line":32,"column":null}},"2":{"start":{"line":35,"column":4},"end":{"line":48,"column":null}},"3":{"start":{"line":36,"column":8},"end":{"line":47,"column":null}},"4":{"start":{"line":42,"column":52},"end":{"line":46,"column":null}},"5":{"start":{"line":50,"column":4},"end":{"line":50,"column":null}},"6":{"start":{"line":57,"column":34},"end":{"line":57,"column":50}},"7":{"start":{"line":58,"column":18},"end":{"line":58,"column":42}},"8":{"start":{"line":61,"column":4},"end":{"line":61,"column":null}},"9":{"start":{"line":64,"column":4},"end":{"line":64,"column":null}},"10":{"start":{"line":67,"column":22},"end":{"line":67,"column":51}},"11":{"start":{"line":69,"column":4},"end":{"line":79,"column":null}},"12":{"start":{"line":70,"column":39},"end":{"line":78,"column":null}},"13":{"start":{"line":79,"column":8},"end":{"line":79,"column":null}},"14":{"start":{"line":83,"column":30},"end":{"line":83,"column":32}},"15":{"start":{"line":85,"column":4},"end":{"line":94,"column":null}},"16":{"start":{"line":86,"column":27},"end":{"line":86,"column":51}},"17":{"start":{"line":88,"column":8},"end":{"line":94,"column":null}},"18":{"start":{"line":89,"column":12},"end":{"line":89,"column":null}},"19":{"start":{"line":91,"column":12},"end":{"line":91,"column":null}},"20":{"start":{"line":92,"column":27},"end":{"line":92,"column":57}},"21":{"start":{"line":93,"column":12},"end":{"line":94,"column":null}},"22":{"start":{"line":94,"column":16},"end":{"line":94,"column":null}},"23":{"start":{"line":100,"column":4},"end":{"line":105,"column":null}},"24":{"start":{"line":103,"column":57},"end":{"line":103,"column":62}},"25":{"start":{"line":112,"column":17},"end":{"line":112,"column":33}},"26":{"start":{"line":113,"column":17},"end":{"line":113,"column":63}},"27":{"start":{"line":114,"column":16},"end":{"line":114,"column":41}},"28":{"start":{"line":116,"column":14},"end":{"line":116,"column":41}},"29":{"start":{"line":117,"column":4},"end":{"line":117,"column":null}},"30":{"start":{"line":118,"column":4},"end":{"line":118,"column":null}},"31":{"start":{"line":119,"column":4},"end":{"line":119,"column":null}},"32":{"start":{"line":120,"column":4},"end":{"line":120,"column":null}},"33":{"start":{"line":121,"column":4},"end":{"line":121,"column":null}},"34":{"start":{"line":122,"column":4},"end":{"line":122,"column":null}},"35":{"start":{"line":129,"column":4},"end":{"line":143,"column":null}},"36":{"start":{"line":130,"column":23},"end":{"line":130,"column":39}},"37":{"start":{"line":132,"column":8},"end":{"line":137,"column":null}},"38":{"start":{"line":133,"column":12},"end":{"line":137,"column":null}},"39":{"start":{"line":134,"column":16},"end":{"line":134,"column":null}},"40":{"start":{"line":135,"column":16},"end":{"line":135,"column":null}},"41":{"start":{"line":137,"column":16},"end":{"line":137,"column":null}},"42":{"start":{"line":141,"column":8},"end":{"line":141,"column":null}},"43":{"start":{"line":141,"column":31},"end":{"line":141,"column":51}},"44":{"start":{"line":142,"column":8},"end":{"line":142,"column":null}},"45":{"start":{"line":150,"column":18},"end":{"line":150,"column":42}},"46":{"start":{"line":151,"column":4},"end":{"line":151,"column":null}},"47":{"start":{"line":154,"column":4},"end":{"line":154,"column":null}},"48":{"start":{"line":157,"column":21},"end":{"line":157,"column":57}},"49":{"start":{"line":158,"column":4},"end":{"line":162,"column":null}},"50":{"start":{"line":163,"column":4},"end":{"line":166,"column":null}},"51":{"start":{"line":169,"column":20},"end":{"line":169,"column":62}},"52":{"start":{"line":170,"column":4},"end":{"line":174,"column":null}},"53":{"start":{"line":175,"column":4},"end":{"line":178,"column":null}},"54":{"start":{"line":181,"column":21},"end":{"line":181,"column":52}},"55":{"start":{"line":182,"column":4},"end":{"line":186,"column":null}},"56":{"start":{"line":187,"column":4},"end":{"line":190,"column":null}},"57":{"start":{"line":193,"column":19},"end":{"line":193,"column":48}},"58":{"start":{"line":194,"column":4},"end":{"line":198,"column":null}},"59":{"start":{"line":199,"column":4},"end":{"line":201,"column":null}},"60":{"start":{"line":203,"column":4},"end":{"line":203,"column":null}}},"fnMap":{"0":{"name":"serializeScene","decl":{"start":{"line":25,"column":16},"end":{"line":25,"column":41}},"loc":{"start":{"line":25,"column":41},"end":{"line":50,"column":null}},"line":25},"1":{"name":"(anonymous_1)","decl":{"start":{"line":35,"column":19},"end":{"line":35,"column":28}},"loc":{"start":{"line":35,"column":39},"end":{"line":48,"column":null}},"line":35},"2":{"name":"(anonymous_2)","decl":{"start":{"line":42,"column":42},"end":{"line":42,"column":46}},"loc":{"start":{"line":42,"column":52},"end":{"line":46,"column":null}},"line":42},"3":{"name":"deserializeScene","decl":{"start":{"line":56,"column":16},"end":{"line":56,"column":33}},"loc":{"start":{"line":56,"column":53},"end":{"line":105,"column":null}},"line":56},"4":{"name":"(anonymous_4)","decl":{"start":{"line":103,"column":48},"end":{"line":103,"column":52}},"loc":{"start":{"line":103,"column":57},"end":{"line":103,"column":62}},"line":103},"5":{"name":"downloadScene","decl":{"start":{"line":111,"column":16},"end":{"line":111,"column":30}},"loc":{"start":{"line":111,"column":69},"end":{"line":122,"column":null}},"line":111},"6":{"name":"loadSceneFromFile","decl":{"start":{"line":128,"column":16},"end":{"line":128,"column":34}},"loc":{"start":{"line":128,"column":61},"end":{"line":143,"column":null}},"line":128},"7":{"name":"(anonymous_7)","decl":{"start":{"line":129,"column":15},"end":{"line":129,"column":24}},"loc":{"start":{"line":129,"column":44},"end":{"line":143,"column":null}},"line":129},"8":{"name":"(anonymous_8)","decl":{"start":{"line":132,"column":15},"end":{"line":132,"column":30}},"loc":{"start":{"line":132,"column":30},"end":{"line":137,"column":null}},"line":132},"9":{"name":"(anonymous_9)","decl":{"start":{"line":141,"column":15},"end":{"line":141,"column":31}},"loc":{"start":{"line":141,"column":31},"end":{"line":141,"column":51}},"line":141},"10":{"name":"createDefaultScene","decl":{"start":{"line":149,"column":16},"end":{"line":149,"column":43}},"loc":{"start":{"line":149,"column":43},"end":{"line":203,"column":null}},"line":149}},"branchMap":{"0":{"loc":{"start":{"line":88,"column":8},"end":{"line":94,"column":null}},"type":"if","locations":[{"start":{"line":88,"column":8},"end":{"line":94,"column":null}},{"start":{"line":90,"column":15},"end":{"line":94,"column":null}}],"line":88},"1":{"loc":{"start":{"line":93,"column":12},"end":{"line":94,"column":null}},"type":"if","locations":[{"start":{"line":93,"column":12},"end":{"line":94,"column":null}},{"start":{},"end":{}}],"line":93},"2":{"loc":{"start":{"line":111,"column":30},"end":{"line":111,"column":69}},"type":"default-arg","locations":[{"start":{"line":111,"column":49},"end":{"line":111,"column":69}}],"line":111}},"s":{"0":2,"1":2,"2":2,"3":2,"4":1,"5":2,"6":1,"7":1,"8":1,"9":1,"10":1,"11":1,"12":1,"13":1,"14":1,"15":1,"16":1,"17":1,"18":1,"19":0,"20":0,"21":0,"22":0,"23":1,"24":1,"25":0,"26":0,"27":0,"28":0,"29":0,"30":0,"31":0,"32":0,"33":0,"34":0,"35":0,"36":0,"37":0,"38":0,"39":0,"40":0,"41":0,"42":0,"43":0,"44":0,"45":0,"46":0,"47":0,"48":0,"49":0,"50":0,"51":0,"52":0,"53":0,"54":0,"55":0,"56":0,"57":0,"58":0,"59":0,"60":0},"f":{"0":2,"1":2,"2":1,"3":1,"4":1,"5":0,"6":0,"7":0,"8":0,"9":0,"10":0},"b":{"0":[1,0],"1":[0,0],"2":[0]},"meta":{"lastBranch":3,"lastFunction":11,"lastStatement":61,"seen":{"f:25:16:25:41":0,"s:26:18:26:42":0,"s:28:34:32:Infinity":1,"s:35:4:48:Infinity":2,"f:35:19:35:28":1,"s:36:8:47:Infinity":3,"f:42:42:42:46":2,"s:42:52:46:Infinity":4,"s:50:4:50:Infinity":5,"f:56:16:56:33":3,"s:57:34:57:50":6,"s:58:18:58:42":7,"s:61:4:61:Infinity":8,"s:64:4:64:Infinity":9,"s:67:22:67:51":10,"s:69:4:79:Infinity":11,"s:70:39:78:Infinity":12,"s:79:8:79:Infinity":13,"s:83:30:83:32":14,"s:85:4:94:Infinity":15,"s:86:27:86:51":16,"b:88:8:94:Infinity:90:15:94:Infinity":0,"s:88:8:94:Infinity":17,"s:89:12:89:Infinity":18,"s:91:12:91:Infinity":19,"s:92:27:92:57":20,"b:93:12:94:Infinity:undefined:undefined:undefined:undefined":1,"s:93:12:94:Infinity":21,"s:94:16:94:Infinity":22,"s:100:4:105:Infinity":23,"f:103:48:103:52":4,"s:103:57:103:62":24,"f:111:16:111:30":5,"b:111:49:111:69":2,"s:112:17:112:33":25,"s:113:17:113:63":26,"s:114:16:114:41":27,"s:116:14:116:41":28,"s:117:4:117:Infinity":29,"s:118:4:118:Infinity":30,"s:119:4:119:Infinity":31,"s:120:4:120:Infinity":32,"s:121:4:121:Infinity":33,"s:122:4:122:Infinity":34,"f:128:16:128:34":6,"s:129:4:143:Infinity":35,"f:129:15:129:24":7,"s:130:23:130:39":36,"s:132:8:137:Infinity":37,"f:132:15:132:30":8,"s:133:12:137:Infinity":38,"s:134:16:134:Infinity":39,"s:135:16:135:Infinity":40,"s:137:16:137:Infinity":41,"s:141:8:141:Infinity":42,"f:141:15:141:31":9,"s:141:31:141:51":43,"s:142:8:142:Infinity":44,"f:149:16:149:43":10,"s:150:18:150:42":45,"s:151:4:151:Infinity":46,"s:154:4:154:Infinity":47,"s:157:21:157:57":48,"s:158:4:162:Infinity":49,"s:163:4:166:Infinity":50,"s:169:20:169:62":51,"s:170:4:174:Infinity":52,"s:175:4:178:Infinity":53,"s:181:21:181:52":54,"s:182:4:186:Infinity":55,"s:187:4:190:Infinity":56,"s:193:19:193:48":57,"s:194:4:198:Infinity":58,"s:199:4:201:Infinity":59,"s:203:4:203:Infinity":60}}}
,"/home/halile/Masaüstü/GitHub/Archive/engine-standalone/src/editor/stores/sceneStore.ts": {"path":"/home/halile/Masaüstü/GitHub/Archive/engine-standalone/src/editor/stores/sceneStore.ts","statementMap":{"0":{"start":{"line":71,"column":13},"end":{"line":269,"column":3}},"1":{"start":{"line":71,"column":63},"end":{"line":269,"column":3}},"2":{"start":{"line":81,"column":19},"end":{"line":81,"column":null}},"3":{"start":{"line":82,"column":35},"end":{"line":92,"column":null}},"4":{"start":{"line":94,"column":8},"end":{"line":114,"column":null}},"5":{"start":{"line":95,"column":32},"end":{"line":95,"column":55}},"6":{"start":{"line":96,"column":12},"end":{"line":96,"column":null}},"7":{"start":{"line":98,"column":27},"end":{"line":98,"column":51}},"8":{"start":{"line":99,"column":12},"end":{"line":104,"column":null}},"9":{"start":{"line":100,"column":16},"end":{"line":100,"column":null}},"10":{"start":{"line":102,"column":31},"end":{"line":102,"column":56}},"11":{"start":{"line":103,"column":16},"end":{"line":104,"column":null}},"12":{"start":{"line":104,"column":20},"end":{"line":104,"column":null}},"13":{"start":{"line":108,"column":12},"end":{"line":113,"column":null}},"14":{"start":{"line":116,"column":8},"end":{"line":116,"column":null}},"15":{"start":{"line":119,"column":26},"end":{"line":147,"column":null}},"16":{"start":{"line":120,"column":23},"end":{"line":120,"column":45}},"17":{"start":{"line":121,"column":8},"end":{"line":121,"column":null}},"18":{"start":{"line":121,"column":21},"end":{"line":121,"column":null}},"19":{"start":{"line":123,"column":28},"end":{"line":123,"column":51}},"20":{"start":{"line":126,"column":8},"end":{"line":129,"column":null}},"21":{"start":{"line":127,"column":27},"end":{"line":127,"column":59}},"22":{"start":{"line":128,"column":12},"end":{"line":129,"column":null}},"23":{"start":{"line":129,"column":16},"end":{"line":129,"column":null}},"24":{"start":{"line":129,"column":64},"end":{"line":129,"column":75}},"25":{"start":{"line":134,"column":14},"end":{"line":138,"column":null}},"26":{"start":{"line":135,"column":22},"end":{"line":135,"column":47}},"27":{"start":{"line":136,"column":12},"end":{"line":138,"column":null}},"28":{"start":{"line":137,"column":16},"end":{"line":137,"column":null}},"29":{"start":{"line":138,"column":16},"end":{"line":138,"column":null}},"30":{"start":{"line":141,"column":8},"end":{"line":141,"column":null}},"31":{"start":{"line":144,"column":25},"end":{"line":144,"column":70}},"32":{"start":{"line":144,"column":59},"end":{"line":144,"column":70}},"33":{"start":{"line":146,"column":8},"end":{"line":146,"column":null}},"34":{"start":{"line":149,"column":32},"end":{"line":157,"column":null}},"35":{"start":{"line":150,"column":23},"end":{"line":150,"column":45}},"36":{"start":{"line":151,"column":8},"end":{"line":151,"column":null}},"37":{"start":{"line":151,"column":21},"end":{"line":151,"column":null}},"38":{"start":{"line":153,"column":28},"end":{"line":153,"column":51}},"39":{"start":{"line":154,"column":8},"end":{"line":154,"column":null}},"40":{"start":{"line":156,"column":8},"end":{"line":156,"column":null}},"41":{"start":{"line":159,"column":39},"end":{"line":190,"column":null}},"42":{"start":{"line":160,"column":23},"end":{"line":160,"column":51}},"43":{"start":{"line":161,"column":8},"end":{"line":161,"column":null}},"44":{"start":{"line":161,"column":21},"end":{"line":161,"column":null}},"45":{"start":{"line":163,"column":28},"end":{"line":163,"column":51}},"46":{"start":{"line":166,"column":8},"end":{"line":169,"column":null}},"47":{"start":{"line":167,"column":30},"end":{"line":167,"column":62}},"48":{"start":{"line":168,"column":12},"end":{"line":169,"column":null}},"49":{"start":{"line":169,"column":16},"end":{"line":169,"column":null}},"50":{"start":{"line":169,"column":69},"end":{"line":169,"column":85}},"51":{"start":{"line":174,"column":23},"end":{"line":174,"column":72}},"52":{"start":{"line":174,"column":56},"end":{"line":174,"column":72}},"53":{"start":{"line":177,"column":8},"end":{"line":182,"column":null}},"54":{"start":{"line":178,"column":12},"end":{"line":178,"column":null}},"55":{"start":{"line":180,"column":30},"end":{"line":180,"column":55}},"56":{"start":{"line":181,"column":12},"end":{"line":182,"column":null}},"57":{"start":{"line":182,"column":16},"end":{"line":182,"column":null}},"58":{"start":{"line":187,"column":8},"end":{"line":187,"column":null}},"59":{"start":{"line":189,"column":8},"end":{"line":189,"column":null}},"60":{"start":{"line":192,"column":43},"end":{"line":203,"column":null}},"61":{"start":{"line":193,"column":23},"end":{"line":193,"column":51}},"62":{"start":{"line":194,"column":8},"end":{"line":194,"column":null}},"63":{"start":{"line":194,"column":21},"end":{"line":194,"column":null}},"64":{"start":{"line":196,"column":28},"end":{"line":196,"column":51}},"65":{"start":{"line":197,"column":8},"end":{"line":200,"column":null}},"66":{"start":{"line":202,"column":8},"end":{"line":202,"column":null}},"67":{"start":{"line":205,"column":50},"end":{"line":216,"column":null}},"68":{"start":{"line":206,"column":23},"end":{"line":206,"column":51}},"69":{"start":{"line":207,"column":8},"end":{"line":207,"column":null}},"70":{"start":{"line":207,"column":21},"end":{"line":207,"column":null}},"71":{"start":{"line":209,"column":28},"end":{"line":209,"column":51}},"72":{"start":{"line":210,"column":8},"end":{"line":213,"column":null}},"73":{"start":{"line":212,"column":54},"end":{"line":212,"column":null}},"74":{"start":{"line":215,"column":8},"end":{"line":215,"column":null}},"75":{"start":{"line":218,"column":56},"end":{"line":231,"column":null}},"76":{"start":{"line":219,"column":23},"end":{"line":219,"column":51}},"77":{"start":{"line":220,"column":8},"end":{"line":220,"column":null}},"78":{"start":{"line":220,"column":21},"end":{"line":220,"column":null}},"79":{"start":{"line":222,"column":28},"end":{"line":222,"column":51}},"80":{"start":{"line":223,"column":8},"end":{"line":228,"column":null}},"81":{"start":{"line":226,"column":16},"end":{"line":226,"column":null}},"82":{"start":{"line":230,"column":8},"end":{"line":230,"column":null}},"83":{"start":{"line":233,"column":23},"end":{"line":233,"column":45}},"84":{"start":{"line":235,"column":30},"end":{"line":251,"column":null}},"85":{"start":{"line":236,"column":28},"end":{"line":236,"column":57}},"86":{"start":{"line":238,"column":8},"end":{"line":239,"column":null}},"87":{"start":{"line":239,"column":12},"end":{"line":239,"column":null}},"88":{"start":{"line":242,"column":8},"end":{"line":242,"column":null}},"89":{"start":{"line":244,"column":8},"end":{"line":250,"column":null}},"90":{"start":{"line":253,"column":28},"end":{"line":253,"column":67}},"91":{"start":{"line":255,"column":25},"end":{"line":257,"column":7}},"92":{"start":{"line":255,"column":41},"end":{"line":256,"column":null}},"93":{"start":{"line":256,"column":41},"end":{"line":256,"column":53}},"94":{"start":{"line":259,"column":17},"end":{"line":265,"column":6}},"95":{"start":{"line":267,"column":21},"end":{"line":267,"column":43}},"96":{"start":{"line":268,"column":21},"end":{"line":268,"column":null}}},"fnMap":{"0":{"name":"(anonymous_0)","decl":{"start":{"line":71,"column":29},"end":{"line":71,"column":49}},"loc":{"start":{"line":71,"column":63},"end":{"line":269,"column":3}},"line":71},"1":{"name":"(anonymous_1)","decl":{"start":{"line":80,"column":4},"end":{"line":80,"column":16}},"loc":{"start":{"line":80,"column":57},"end":{"line":116,"column":null}},"line":80},"2":{"name":"(anonymous_2)","decl":{"start":{"line":94,"column":8},"end":{"line":94,"column":13}},"loc":{"start":{"line":94,"column":23},"end":{"line":114,"column":null}},"line":94},"3":{"name":"(anonymous_3)","decl":{"start":{"line":119,"column":4},"end":{"line":119,"column":19}},"loc":{"start":{"line":119,"column":26},"end":{"line":147,"column":null}},"line":119},"4":{"name":"(anonymous_4)","decl":{"start":{"line":119,"column":26},"end":{"line":119,"column":31}},"loc":{"start":{"line":119,"column":41},"end":{"line":147,"column":null}},"line":119},"5":{"name":"(anonymous_5)","decl":{"start":{"line":129,"column":50},"end":{"line":129,"column":57}},"loc":{"start":{"line":129,"column":64},"end":{"line":129,"column":75}},"line":129},"6":{"name":"(anonymous_6)","decl":{"start":{"line":134,"column":14},"end":{"line":134,"column":33}},"loc":{"start":{"line":134,"column":54},"end":{"line":138,"column":null}},"line":134},"7":{"name":"(anonymous_7)","decl":{"start":{"line":144,"column":45},"end":{"line":144,"column":52}},"loc":{"start":{"line":144,"column":59},"end":{"line":144,"column":70}},"line":144},"8":{"name":"(anonymous_8)","decl":{"start":{"line":149,"column":4},"end":{"line":149,"column":19}},"loc":{"start":{"line":149,"column":32},"end":{"line":157,"column":null}},"line":149},"9":{"name":"(anonymous_9)","decl":{"start":{"line":149,"column":32},"end":{"line":149,"column":37}},"loc":{"start":{"line":149,"column":47},"end":{"line":157,"column":null}},"line":149},"10":{"name":"(anonymous_10)","decl":{"start":{"line":159,"column":4},"end":{"line":159,"column":16}},"loc":{"start":{"line":159,"column":39},"end":{"line":190,"column":null}},"line":159},"11":{"name":"(anonymous_11)","decl":{"start":{"line":159,"column":39},"end":{"line":159,"column":44}},"loc":{"start":{"line":159,"column":54},"end":{"line":190,"column":null}},"line":159},"12":{"name":"(anonymous_12)","decl":{"start":{"line":169,"column":56},"end":{"line":169,"column":63}},"loc":{"start":{"line":169,"column":69},"end":{"line":169,"column":85}},"line":169},"13":{"name":"(anonymous_13)","decl":{"start":{"line":174,"column":43},"end":{"line":174,"column":50}},"loc":{"start":{"line":174,"column":56},"end":{"line":174,"column":72}},"line":174},"14":{"name":"(anonymous_14)","decl":{"start":{"line":192,"column":4},"end":{"line":192,"column":19}},"loc":{"start":{"line":192,"column":43},"end":{"line":203,"column":null}},"line":192},"15":{"name":"(anonymous_15)","decl":{"start":{"line":192,"column":43},"end":{"line":192,"column":48}},"loc":{"start":{"line":192,"column":58},"end":{"line":203,"column":null}},"line":192},"16":{"name":"(anonymous_16)","decl":{"start":{"line":205,"column":4},"end":{"line":205,"column":22}},"loc":{"start":{"line":205,"column":50},"end":{"line":216,"column":null}},"line":205},"17":{"name":"(anonymous_17)","decl":{"start":{"line":205,"column":50},"end":{"line":205,"column":55}},"loc":{"start":{"line":205,"column":65},"end":{"line":216,"column":null}},"line":205},"18":{"name":"(anonymous_18)","decl":{"start":{"line":212,"column":42},"end":{"line":212,"column":49}},"loc":{"start":{"line":212,"column":54},"end":{"line":212,"column":null}},"line":212},"19":{"name":"(anonymous_19)","decl":{"start":{"line":218,"column":4},"end":{"line":218,"column":22}},"loc":{"start":{"line":218,"column":56},"end":{"line":231,"column":null}},"line":218},"20":{"name":"(anonymous_20)","decl":{"start":{"line":218,"column":56},"end":{"line":218,"column":61}},"loc":{"start":{"line":218,"column":71},"end":{"line":231,"column":null}},"line":218},"21":{"name":"(anonymous_21)","decl":{"start":{"line":225,"column":42},"end":{"line":225,"column":46}},"loc":{"start":{"line":226,"column":16},"end":{"line":226,"column":null}},"line":226},"22":{"name":"(anonymous_22)","decl":{"start":{"line":233,"column":4},"end":{"line":233,"column":16}},"loc":{"start":{"line":233,"column":23},"end":{"line":233,"column":45}},"line":233},"23":{"name":"(anonymous_23)","decl":{"start":{"line":235,"column":4},"end":{"line":235,"column":16}},"loc":{"start":{"line":235,"column":30},"end":{"line":251,"column":null}},"line":235},"24":{"name":"(anonymous_24)","decl":{"start":{"line":235,"column":30},"end":{"line":235,"column":40}},"loc":{"start":{"line":235,"column":40},"end":{"line":251,"column":null}},"line":235},"25":{"name":"(anonymous_25)","decl":{"start":{"line":253,"column":4},"end":{"line":253,"column":19}},"loc":{"start":{"line":253,"column":28},"end":{"line":253,"column":67}},"l
[...]
,"/home/halile/Masaüstü/GitHub/Archive/engine-standalone/src/presentation/atomic/atoms/VibeInput.tsx": {"path":"/home/halile/Masaüstü/GitHub/Archive/engine-standalone/src/presentation/atomic/atoms/VibeInput.tsx","statementMap":{"0":{"start":{"line":21,"column":6},"end":{"line":42,"column":2}},"1":{"start":{"line":44,"column":13},"end":{"line":88,"column":null}},"2":{"start":{"line":48,"column":22},"end":{"line":48,"column":53}},"3":{"start":{"line":50,"column":10},"end":{"line":66,"column":null}},"4":{"start":{"line":51,"column":8},"end":{"line":55,"column":null}},"5":{"start":{"line":52,"column":12},"end":{"line":55,"column":null}},"6":{"start":{"line":58,"column":8},"end":{"line":63,"column":null}},"7":{"start":{"line":59,"column":12},"end":{"line":63,"column":null}},"8":{"start":{"line":66,"column":8},"end":{"line":66,"column":null}},"9":{"start":{"line":69,"column":47},"end":{"line":73,"column":null}},"10":{"start":{"line":75,"column":4},"end":{"line":88,"column":null}},"11":{"start":{"line":85,"column":31},"end":{"line":85,"column":49}},"12":{"start":{"line":86,"column":30},"end":{"line":86,"column":null}}},"fnMap":{"0":{"name":"(anonymous_0)","decl":{"start":{"line":44,"column":13},"end":{"line":44,"column":52}},"loc":{"start":{"line":47,"column":6},"end":{"line":88,"column":null}},"line":47},"1":{"name":"(anonymous_1)","decl":{"start":{"line":50,"column":10},"end":{"line":50,"column":56}},"loc":{"start":{"line":50,"column":56},"end":{"line":66,"column":null}},"line":50},"2":{"name":"(anonymous_2)","decl":{"start":{"line":85,"column":16},"end":{"line":85,"column":31}},"loc":{"start":{"line":85,"column":31},"end":{"line":85,"column":49}},"line":85},"3":{"name":"(anonymous_3)","decl":{"start":{"line":86,"column":16},"end":{"line":86,"column":30}},"loc":{"start":{"line":86,"column":30},"end":{"line":86,"column":null}},"line":86}},"branchMap":{"0":{"loc":{"start":{"line":45,"column":34},"end":{"line":45,"column":null}},"type":"default-arg","locations":[{"start":{"line":45,"column":41},"end":{"line":45,"column":null}}],"line":45},"1":{"loc":{"start":{"line":51,"column":8},"end":{"line":55,"column":null}},"type":"if","locations":[{"start":{"line":51,"column":8},"end":{"line":55,"column":null}},{"start":{},"end":{}}],"line":51},"2":{"loc":{"start":{"line":58,"column":8},"end":{"line":63,"column":null}},"type":"if","locations":[{"start":{"line":58,"column":8},"end":{"line":63,"column":null}},{"start":{},"end":{}}],"line":58},"3":{"loc":{"start":{"line":76,"column":46},"end":{"line":76,"column":65}},"type":"binary-expr","locations":[{"start":{"line":76,"column":46},"end":{"line":76,"column":59}},{"start":{"line":76,"column":59},"end":{"line":76,"column":65}}],"line":76}},"s":{"0":2,"1":2,"2":28,"3":28,"4":28,"5":0,"6":28,"7":0,"8":28,"9":28,"10":28,"11":0,"12":0},"f":{"0":28,"1":28,"2":0,"3":0},"b":{"0":[28],"1":[0,28],"2":[0,28],"3":[28,28]},"meta":{"lastBranch":4,"lastFunction":4,"lastStatement":13,"seen":{"s:21:6:42:2":0,"s:44:13:88:Infinity":1,"f:44:13:44:52":0,"b:45:41:45:Infinity":0,"s:48:22:48:53":2,"s:50:10:66:Infinity":3,"f:50:10:50:56":1,"b:51:8:55:Infinity:undefined:undefined:undefined:undefined":1,"s:51:8:55:Infinity":4,"s:52:12:55:Infinity":5,"b:58:8:63:Infinity:undefined:undefined:undefined:undefined":2,"s:58:8:63:Infinity":6,"s:59:12:63:Infinity":7,"s:66:8:66:Infinity":8,"s:69:47:73:Infinity":9,"s:75:4:88:Infinity":10,"b:76:46:76:59:76:59:76:65":3,"f:85:16:85:31":2,"s:85:31:85:49":11,"f:86:16:86:30":3,"s:86:30:86:Infinity":12}}}
,"/home/halile/Masaüstü/GitHub/Archive/engine-standalone/src/presentation/atomic/molecules/SovereignHeader.tsx": {"path":"/home/halile/Masaüstü/GitHub/Archive/engine-standalone/src/presentation/atomic/molecules/SovereignHeader.tsx","statementMap":{"0":{"start":{"line":21,"column":6},"end":{"line":64,"column":2}},"1":{"start":{"line":66,"column":13},"end":{"line":92,"column":null}},"2":{"start":{"line":69,"column":4},"end":{"line":92,"column":null}},"3":{"start":{"line":90,"column":91},"end":{"line":90,"column":110}}},"fnMap":{"0":{"name":"(anonymous_0)","decl":{"start":{"line":66,"column":13},"end":{"line":66,"column":64}},"loc":{"start":{"line":68,"column":6},"end":{"line":92,"column":null}},"line":68},"1":{"name":"(anonymous_1)","decl":{"start":{"line":90,"column":77},"end":{"line":90,"column":86}},"loc":{"start":{"line":90,"column":91},"end":{"line":90,"column":110}},"line":90}},"branchMap":{"0":{"loc":{"start":{"line":83,"column":36},"end":{"line":83,"column":null}},"type":"binary-expr","locations":[{"start":{"line":83,"column":36},"end":{"line":83,"column":49}},{"start":{"line":83,"column":49},"end":{"line":83,"column":null}}],"line":83},"1":{"loc":{"start":{"line":89,"column":13},"end":{"line":92,"column":null}},"type":"binary-expr","locations":[{"start":{"line":89,"column":13},"end":{"line":89,"column":null}},{"start":{"line":90,"column":16},"end":{"line":92,"column":null}}],"line":89}},"s":{"0":2,"1":2,"2":11,"3":2},"f":{"0":11,"1":2},"b":{"0":[11,11],"1":[11,5]},"meta":{"lastBranch":2,"lastFunction":2,"lastStatement":4,"seen":{"s:21:6:64:2":0,"s:66:13:92:Infinity":1,"f:66:13:66:64":0,"s:69:4:92:Infinity":2,"b:83:36:83:49:83:49:83:Infinity":0,"b:89:13:89:Infinity:90:16:92:Infinity":1,"f:90:77:90:86":1,"s:90:91:90:110":3}}}
,"/home/halile/Masaüstü/GitHub/Archive/engine-standalone/src/presentation/components/VibeIcons.tsx": {"path":"/home/halile/Masaüstü/GitHub/Archive/engine-standalone/src/presentation/components/VibeIcons.tsx","statementMap":{"0":{"start":{"line":45,"column":13},"end":{"line":433,"column":null}},"1":{"start":{"line":53,"column":10},"end":{"line":412,"column":null}},"2":{"start":{"line":54,"column":8},"end":{"line":412,"column":null}},"3":{"start":{"line":55,"column":25},"end":{"line":63,"column":null}},"4":{"start":{"line":65,"column":27},"end":{"line":69,"column":null}},"5":{"start":{"line":71,"column":26},"end":{"line":77,"column":null}},"6":{"start":{"line":79,"column":25},"end":{"line":79,"column":null}},"7":{"start":{"line":80,"column":26},"end":{"line":84,"column":null}},"8":{"start":{"line":87,"column":25},"end":{"line":87,"column":null}},"9":{"start":{"line":88,"column":25},"end":{"line":95,"column":null}},"10":{"start":{"line":97,"column":25},"end":{"line":105,"column":null}},"11":{"start":{"line":108,"column":25},"end":{"line":113,"column":null}},"12":{"start":{"line":115,"column":24},"end":{"line":120,"column":null}},"13":{"start":{"line":122,"column":27},"end":{"line":126,"column":null}},"14":{"start":{"line":128,"column":26},"end":{"line":134,"column":null}},"15":{"start":{"line":136,"column":25},"end":{"line":141,"column":null}},"16":{"start":{"line":143,"column":25},"end":{"line":147,"column":null}},"17":{"start":{"line":149,"column":26},"end":{"line":154,"column":null}},"18":{"start":{"line":157,"column":29},"end":{"line":164,"column":null}},"19":{"start":{"line":166,"column":33},"end":{"line":166,"column":null}},"20":{"start":{"line":167,"column":32},"end":{"line":167,"column":null}},"21":{"start":{"line":168,"column":25},"end":{"line":173,"column":null}},"22":{"start":{"line":175,"column":25},"end":{"line":179,"column":null}},"23":{"start":{"line":181,"column":27},"end":{"line":184,"column":null}},"24":{"start":{"line":186,"column":31},"end":{"line":191,"column":null}},"25":{"start":{"line":194,"column":25},"end":{"line":198,"column":null}},"26":{"start":{"line":200,"column":26},"end":{"line":205,"column":null}},"27":{"start":{"line":207,"column":27},"end":{"line":217,"column":null}},"28":{"start":{"line":219,"column":27},"end":{"line":224,"column":null}},"29":{"start":{"line":226,"column":29},"end":{"line":226,"column":null}},"30":{"start":{"line":227,"column":24},"end":{"line":231,"column":null}},"31":{"start":{"line":233,"column":22},"end":{"line":237,"column":null}},"32":{"start":{"line":239,"column":24},"end":{"line":251,"column":null}},"33":{"start":{"line":253,"column":26},"end":{"line":257,"column":null}},"34":{"start":{"line":259,"column":27},"end":{"line":259,"column":null}},"35":{"start":{"line":260,"column":27},"end":{"line":265,"column":null}},"36":{"start":{"line":267,"column":32},"end":{"line":272,"column":null}},"37":{"start":{"line":274,"column":34},"end":{"line":279,"column":null}},"38":{"start":{"line":281,"column":32},"end":{"line":285,"column":null}},"39":{"start":{"line":287,"column":29},"end":{"line":291,"column":null}},"40":{"start":{"line":293,"column":27},"end":{"line":299,"column":null}},"41":{"start":{"line":301,"column":25},"end":{"line":305,"column":null}},"42":{"start":{"line":307,"column":29},"end":{"line":312,"column":null}},"43":{"start":{"line":314,"column":29},"end":{"line":319,"column":null}},"44":{"start":{"line":321,"column":25},"end":{"line":321,"column":null}},"45":{"start":{"line":322,"column":25},"end":{"line":322,"column":null}},"46":{"start":{"line":323,"column":30},"end":{"line":327,"column":null}},"47":{"start":{"line":329,"column":28},"end":{"line":335,"column":null}},"48":{"start":{"line":337,"column":25},"end":{"line":341,"column":null}},"49":{"start":{"line":343,"column":24},"end":{"line":350,"column":null}},"50":{"start":{"line":352,"column":25},"end":{"line":356,"column":null}},"51":{"start":{"line":358,"column":25},"end":{"line":375,"column":null}},"52":{"start":{"line":377,"column":28},"end":{"line":386,"column":null}},"53":{"start":{"line":388,"column":24},"end":{"line":400,"column":null}},"54":{"start":{"line":402,"column":25},"end":{"line":410,"column":null}},"55":{"start":{"line":412,"column":21},"end":{"line":412,"column":null}},"56":{"start":{"line":418,"column":4},"end":{"line":433,"column":null}}},"fnMap":{"0":{"name":"(anonymous_0)","decl":{"start":{"line":45,"column":13},"end":{"line":45,"column":52}},"loc":{"start":{"line":52,"column":6},"end":{"line":433,"column":null}},"line":52},"1":{"name":"(anonymous_1)","decl":{"start":{"line":53,"column":10},"end":{"line":53,"column":29}},"loc":{"start":{"line":53,"column":29},"end":{"line":412,"column":null}},"line":53}},"branchMap":{"0":{"loc":{"start":{"line":47,"column":4},"end":{"line":47,"column":null}},"type":"default-arg","locations":[{"start":{"line":47,"column":11},"end":{"line":47,"column":null}}],"line":47},"1":{"loc":{"start":{"line":48,"column":4},"end":{"line":48,"column":null}},"type":"default-arg","locations":[{"start":{"line":48,"column":12},"end":{"line":48,"column":null}}],"line":48},"2":{"loc":{"start":{"line":49,"column":4},"end":{"line":49,"column":null}},"type":"default-arg","locations":[{"start":{"line":49,"column":18},"end":{"line":49,"column":null}}],"line":49},"3":{"loc":{"start":{"line":54,"column":8},"end":{"line":412,"column":null}},"type":"switch","locations":[{"start":{"line":55,"column":12},"end":{"line":63,"column":null}},{"start":{"line":65,"column":12},"end":{"line":69,"column":null}},{"start":{"line":71,"column":12},"end":{"line":77,"column":null}},{"start":{"line":79,"column":12},"end":{"line":79,"column":null}},{"start":{"line":80,"column":12},"end":{"line":84,"column":null}},{"start":{"line":86,"column":12},"end":{"line":86,"column":null}},{"start":{"line":87,"column":12},"end":{"line":87,"column":null}},{"start":{"line":88,"column":12},"end":{"line":95,"column":null}},{"start":{"line":97,"column":12},"end":{"line":105,"column":null}},{"start":{"line":108,"column":12},"end":{"line":113,"column":null}},{"start":{"line":115,"column":12},"end":{"line":120,"column":null}},{"start":{"line":122,"column":12},"end":{"line":126,"column":null}},{"start":{"line":128,"column":12},"end":{"line":134,"column":null}},{"start":{"line":136,"column":12},"end":{"line":141,"column":null}},{"start":{"line":143,"column":12},"end":{"line":147,"column":null}},{"start":{"line":149,"column":12},"end":{"line":154,"column":null}},{"start":{"line":157,"column":12},"end":{"line":164,"column":null}},{"start":{"line":166,"column":12},"end":{"line":166,"column":null}},{"start":{"line":167,"column":12},"end":{"line":167,"column":null}},{"start":{"line":168,"column":12},"end":{"line":173,"column":null}},{"start":{"line":175,"column":12},"end":{"line":179,"column":null}},{"start":{"line":181,"column":12},"end":{"line":184,"column":null}},{"start":{"line":186,"column":12},"end":{"line":191,"column":null}},{"start":{"line":194,"column":12},"end":{"line":198,"column":null}},{"start":{"line":200,"column":12},"end":{"line":205,"column":null}},{"start":{"line":207,"column":12},"end":{"line":217,"column":null}},{"start":{"line":219,"column":12},"end":{"line":224,"column":null}},{"start":{"line":226,"column":12},"end":{"line":226,"column":null}},{"start":{"line":227,"column":12},"end":{"line":231,"column":null}},{"start":{"line":233,"column":12},"end":{"line":237,"column":null}},{"start":{"line":239,"column":12},"end":{"line":251,"column":null}},{"start":{"line":253,"column":12},"end":{"line":257,"column":null}},{"start":{"line":259,"column":12},"end":{"line":259,"column":null}},{"start":{"line":260,"column":12},"end":{"line":265,"column":null}},{"start":{"line":267,"column":12},"end":{"line":272,"column":null}},{"start":{"line":274,"column":12},"end":{"line":279,"column":null}},{"start":{"line":281,"column":12},"end":{"line":285,"column":null}},{"start":{"line":287,"column":12},"end":{"line":291,"column":null}},{"start":{"line":293,"column":12},"end":{"line":299,"column":null}},{"start":{"line":301,"column":12},"end":{"line":305,"column":null}},{"start":{"line":307,"column":12},"end":{"line":312,"column":null}},{"start":{"line":314,"column":12},"end":{"line":319,"column":null}},{"start":{"line":321,"column":12},"end":{"line":321,"column":null}},{"start":{"line":322,"column":12},"end":{"line":322,"column":null}},{"start":{"line":323,"column":12},"end":{"line":327,"column":null}},{"start":{"line":329,"column":12},"end":{"line":335,"column":null}},{"start":{"line":337,"column":12},"end":{"line":341,"column":null}},{"start":{"line":343,"column":12},"end":{"line":350,"column":null}},{"start":{"line":352,"column":12},"end":{"line":356,"column":null}},{"start":{"line":358,"column":12},"end":{"line":375,"column":null}},{"start":{"line":377,"column":12},"end":{"line":386,"column":null}},{"start":{"line":388,"column":12},"end":{"line":400,"column":null}},{"start":{"line":402,"column":12},"end":{"line":410,"column":null}},{"start":{"line":412,"column":12},"end":{"line":412,"column":null}}],"line":54}},"s":{"0":3,"1":92,"2":92,"3":3,"4":0,"5":0,"6":1,"7":1,"8":0,"9":0,"10":0,"11":0,"12":8,"13":6,"14":6,"15":1,"16":0,"17":0,"18":0,"19":1,"20":1,"21":0,"22":14,"23":0,"24":0,"25":0,"26":0,"27":0,"28":6,"29":8,"30":1,"31":1,"32":0,"33":0,"34":0,"35":0,"36":1,"37":1,"38":1,"39":1,"40":0,"41":0,"42":1,"43":0,"44":1,"45":1,"46":1,"47":1,"48":1,"49":1,"50":1,"51":1,"52":1,"53":1,"54":12,"55":7,"56":92},"f":{"0":92,"1":92},"b":{"0":[92],"1":[92],"2":[92],"3":[3,0,0,1,1,0,0,0,0,0,8,6,6,1,0,0,0,1,1,0,14,0,0,0,0,0,6,8,1,1,0,0,0,0,1,1,1,1,0,0,1,0,1,1,1,1,1,1,1,1,1,1,12,7]},"meta":{"lastBranch":4,"lastFunction":2,"lastStatement":57,"seen":{"s:45:13:433:Infinity":0,"f:45:13:45:52":0,"b:47:11:47:Infinity":0,"b:48:12:48:Infinity":1,"b:49:18:49:Infinity":2,"s:53:10:412:Infinity":1,"f:53:10:53:29":1,"b:55:12:63:Infinity:65:12:69:Infinity:71:12:77:Infinity:79:12:79:Infinity:80:12:84:Infinity:86:12:86:Infinity:87:12:87:Infinity:88:12:95:Infinity:97:12:105:Infinity:108:12:113:Infinity:115:12:120:Infinity:122:12:126:Infinity:128:12:134:Infinity:136:12:141:Infinity:143:12:147:Infinity:149:12:154:Infinity:157:12:164:Infinity:166:12:166:Infinity:167:12:167:Infinity:168:12:173:Infinity:175:12:179:Infinity:181:12:184:Infinity:186:12:191:Infinity:194:12:198:Infinity:200:12:205:Infinity:207:12:217:Infinity:219:12:224:Infinity:226:12:226:Infinity:227:12:231:Infinity:233:12:237:Infinity:239:12:251:Infinity:253:12:257:Infinity:259:12:259:Infinity:260:12:265:Infinity:267:12:272:Infinity:274:12:279:Infinity:281:12:285:Infinity:287:12:291:Infinity:293:12:299:Infinity:301:12:305:Infinity:307:12:312:Infinity:314:12:319:Infinity:321:12:321:Infinity:322:12:322:Infinity:323:12:327:Infinity:329:12:335:Infinity:337:12:341:Infinity:343:12:350:Infinity:352:12:356:Infinity:358:12:375:Infinity:377:12:386:Infinity:388:12:400:Infinity:402:12:410:Infinity:412:12:412:Infinity":3,"s:54:8:412:Infinity":2,"s:55:25:63:Infinity":3,"s:65:27:69:Infinity":4,"s:71:26:77:Infinity":5,"s:79:25:79:Infinity":6,"s:80:26:84:Infinity":7,"s:87:25:87:Infinity":8,"s:88:25:95:Infinity":9,"s:97:25:105:Infinity":10,"s:108:25:113:Infinity":11,"s:115:24:120:Infinity":12,"s:122:27:126:Infinity":13,"s:128:26:134:Infinity":14,"s:136:25:141:Infinity":15,"s:143:25:147:Infinity":16,"s:149:26:154:Infinity":17,"s:157:29:164:Infinity":18,"s:166:33:166:Infinity":19,"s:167:32:167:Infinity":20,"s:168:25:173:Infinity":21,"s:175:25:179:Infinity":22,"s:181:27:184:Infinity":23,"s:186:31:191:Infinity":24,"s:194:25:198:Infinity":25,"s:200:26:205:Infinity":26,"s:207:27:217:Infinity":27,"s:219:27:224:Infinity":28,"s:226:29:226:Infinity":29,"s:227:24:231:Infinity":30,"s:233:22:237:Infinity":31,"s:239:24:251:Infinity":32,"s:253:26:257:Infinity":33,"s:259:27:259:Infinity":34,"s:260:27:265:Infinity":35,"s:267:32:272:Infinity":36,"s:274:34:279:Infinity":37,"s:281:32:285:Infinity":38,"s:287:29:291:Infinity":39,"s:293:27:299:Infinity":40,"s:301:25:305:Infinity":41,"s:307:29:312:Infinity":42,"s:314:29:319:Infinity":43,"s:321:25:321:Infinity":44,"s:322:25:322:Infinity":45,"s:323:30:327:Infinity":46,"s:329:28:335:Infinity":47,"s:337:25:341:Infinity":48,"s:343:24:350:Infinity":49,"s:352:25:356:Infinity":50,"s:358:25:375:Infinity":51,"s:377:28:386:Infinity":52,"s:388:24:400:Infinity":53,"s:402:25:410:Infinity":54,"s:412:21:412:Infinity":55,"s:418:4:433:Infinity":56}}}
,"/home/halile/Masaüstü/GitHub/Archive/engine-standalone/src/presentation/themes/VibeStyles.ts": {"path":"/home/halile/Masaüstü/GitHub/Archive/engine-standalone/src/presentation/themes/VibeStyles.ts","statementMap":{"0":{"start":{"line":16,"column":13},"end":{"line":17,"column":null}},"1":{"start":{"line":17,"column":4},"end":{"line":17,"column":null}},"2":{"start":{"line":23,"column":25},"end":{"line":43,"column":null}}},"fnMap":{"0":{"name":"(anonymous_0)","decl":{"start":{"line":16,"column":13},"end":{"line":16,"column":60}},"loc":{"start":{"line":16,"column":77},"end":{"line":17,"column":null}},"line":16}},"branchMap":{},"s":{"0":3,"1":10,"2":3},"f":{"0":10},"b":{},"meta":{"lastBranch":0,"lastFunction":1,"lastStatement":3,"seen":{"s:16:13:17:Infinity":0,"f:16:13:16:60":0,"s:17:4:17:Infinity":1,"s:23:25:43:Infinity":2}}}
}
