{"/home/halile/Masaüstü/GitHub/Archive/engine-standalone/src/editor/bridge/AICopilot.ts": {"path":"/home/halile/Masaüstü/GitHub/Archive/engine-standalone/src/editor/bridge/AICopilot.ts","statementMap":{"0":{"start":{"line":47,"column":41},"end":{"line":47,"column":43}},"1":{"start":{"line":48,"column":27},"end":{"line":48,"column":51}},"2":{"start":{"line":50,"column":8},"end":{"line":50,"column":null}},"3":{"start":{"line":52,"column":8},"end":{"line":59,"column":null}},"4":{"start":{"line":53,"column":27},"end":{"line":53,"column":56}},"5":{"start":{"line":54,"column":12},"end":{"line":54,"column":null}},"6":{"start":{"line":56,"column":12},"end":{"line":59,"column":null}},"7":{"start":{"line":57,"column":16},"end":{"line":57,"column":null}},"8":{"start":{"line":59,"column":16},"end":{"line":59,"column":null}},"9":{"start":{"line":63,"column":8},"end":{"line":63,"column":null}},"10":{"start":{"line":64,"column":8},"end":{"line":64,"column":null}},"11":{"start":{"line":71,"column":8},"end":{"line":152,"column":null}},"12":{"start":{"line":72,"column":12},"end":{"line":149,"column":null}},"13":{"start":{"line":74,"column":31},"end":{"line":74,"column":84}},"14":{"start":{"line":76,"column":20},"end":{"line":78,"column":null}},"15":{"start":{"line":77,"column":24},"end":{"line":78,"column":null}},"16":{"start":{"line":78,"column":28},"end":{"line":78,"column":null}},"17":{"start":{"line":82,"column":20},"end":{"line":82,"column":null}},"18":{"start":{"line":86,"column":39},"end":{"line":86,"column":null}},"19":{"start":{"line":87,"column":31},"end":{"line":87,"column":79}},"20":{"start":{"line":90,"column":20},"end":{"line":107,"column":null}},"21":{"start":{"line":92,"column":28},"end":{"line":92,"column":null}},"22":{"start":{"line":93,"column":28},"end":{"line":93,"column":null}},"23":{"start":{"line":94,"column":28},"end":{"line":94,"column":null}},"24":{"start":{"line":95,"column":28},"end":{"line":95,"column":null}},"25":{"start":{"line":98,"column":28},"end":{"line":98,"column":null}},"26":{"start":{"line":99,"column":28},"end":{"line":99,"column":null}},"27":{"start":{"line":100,"column":28},"end":{"line":100,"column":null}},"28":{"start":{"line":101,"column":28},"end":{"line":101,"column":null}},"29":{"start":{"line":102,"column":28},"end":{"line":102,"column":null}},"30":{"start":{"line":105,"column":28},"end":{"line":105,"column":null}},"31":{"start":{"line":106,"column":28},"end":{"line":106,"column":null}},"32":{"start":{"line":107,"column":28},"end":{"line":107,"column":null}},"33":{"start":{"line":110,"column":20},"end":{"line":110,"column":null}},"34":{"start":{"line":114,"column":20},"end":{"line":114,"column":null}},"35":{"start":{"line":115,"column":20},"end":{"line":115,"column":null}},"36":{"start":{"line":119,"column":20},"end":{"line":119,"column":null}},"37":{"start":{"line":120,"column":20},"end":{"line":120,"column":null}},"38":{"start":{"line":124,"column":48},"end":{"line":128,"column":null}},"39":{"start":{"line":129,"column":20},"end":{"line":129,"column":null}},"40":{"start":{"line":130,"column":20},"end":{"line":130,"column":null}},"41":{"start":{"line":134,"column":20},"end":{"line":134,"column":null}},"42":{"start":{"line":135,"column":20},"end":{"line":135,"column":null}},"43":{"start":{"line":139,"column":20},"end":{"line":139,"column":null}},"44":{"start":{"line":140,"column":20},"end":{"line":140,"column":null}},"45":{"start":{"line":144,"column":20},"end":{"line":144,"column":null}},"46":{"start":{"line":145,"column":20},"end":{"line":145,"column":null}},"47":{"start":{"line":149,"column":20},"end":{"line":149,"column":null}},"48":{"start":{"line":152,"column":12},"end":{"line":152,"column":null}},"49":{"start":{"line":160,"column":13},"end":{"line":181,"column":null}},"50":{"start":{"line":161,"column":5},"end":{"line":180,"column":null}},"51":{"start":{"line":162,"column":44},"end":{"line":162,"column":85}},"52":{"start":{"line":166,"column":13},"end":{"line":178,"column":null}},"53":{"start":{"line":181,"column":4},"end":{"line":181,"column":null}}},"fnMap":{"0":{"name":"(anonymous_0)","decl":{"start":{"line":46,"column":11},"end":{"line":46,"column":24}},"loc":{"start":{"line":46,"column":64},"end":{"line":64,"column":null}},"line":46},"1":{"name":"(anonymous_1)","decl":{"start":{"line":70,"column":19},"end":{"line":70,"column":27}},"loc":{"start":{"line":70,"column":70},"end":{"line":152,"column":null}},"line":70},"2":{"name":"(anonymous_2)","decl":{"start":{"line":160,"column":13},"end":{"line":160,"column":35}},"loc":{"start":{"line":160,"column":35},"end":{"line":181,"column":null}},"line":160},"3":{"name":"(anonymous_3)","decl":{"start":{"line":162,"column":8},"end":{"line":162,"column":18}},"loc":{"start":{"line":162,"column":44},"end":{"line":162,"column":85}},"line":162},"4":{"name":"(anonymous_4)","decl":{"start":{"line":165,"column":8},"end":{"line":165,"column":31}},"loc":{"start":{"line":165,"column":31},"end":{"line":178,"column":null}},"line":165}},"branchMap":{"0":{"loc":{"start":{"line":56,"column":12},"end":{"line":59,"column":null}},"type":"if","locations":[{"start":{"line":56,"column":12},"end":{"line":59,"column":null}},{"start":{"line":58,"column":19},"end":{"line":59,"column":null}}],"line":56},"1":{"loc":{"start":{"line":72,"column":12},"end":{"line":149,"column":null}},"type":"switch","locations":[{"start":{"line":73,"column":16},"end":{"line":82,"column":null}},{"start":{"line":85,"column":16},"end":{"line":110,"column":null}},{"start":{"line":113,"column":16},"end":{"line":115,"column":null}},{"start":{"line":118,"column":16},"end":{"line":120,"column":null}},{"start":{"line":123,"column":16},"end":{"line":130,"column":null}},{"start":{"line":133,"column":16},"end":{"line":135,"column":null}},{"start":{"line":138,"column":16},"end":{"line":140,"column":null}},{"start":{"line":143,"column":16},"end":{"line":145,"column":null}},{"start":{"line":148,"column":16},"end":{"line":149,"column":null}}],"line":72},"2":{"loc":{"start":{"line":76,"column":20},"end":{"line":78,"column":null}},"type":"if","locations":[{"start":{"line":76,"column":20},"end":{"line":78,"column":null}},{"start":{},"end":{}}],"line":76},"3":{"loc":{"start":{"line":76,"column":24},"end":{"line":76,"column":85}},"type":"binary-expr","locations":[{"start":{"line":76,"column":24},"end":{"line":76,"column":49}},{"start":{"line":76,"column":49},"end":{"line":76,"column":85}}],"line":76},"4":{"loc":{"start":{"line":90,"column":20},"end":{"line":107,"column":null}},"type":"switch","locations":[{"start":{"line":91,"column":24},"end":{"line":95,"column":null}},{"start":{"line":97,"column":24},"end":{"line":102,"column":null}},{"start":{"line":104,"column":24},"end":{"line":107,"column":null}}],"line":90},"5":{"loc":{"start":{"line":92,"column":99},"end":{"line":92,"column":135}},"type":"binary-expr","locations":[{"start":{"line":92,"column":99},"end":{"line":92,"column":122}},{"start":{"line":92,"column":122},"end":{"line":92,"column":135}}],"line":92},"6":{"loc":{"start":{"line":98,"column":79},"end":{"line":98,"column":115}},"type":"binary-expr","locations":[{"start":{"line":98,"column":79},"end":{"line":98,"column":102}},{"start":{"line":98,"column":102},"end":{"line":98,"column":115}}],"line":98},"7":{"loc":{"start":{"line":126,"column":30},"end":{"line":126,"column":51}},"type":"binary-expr","locations":[{"start":{"line":126,"column":30},"end":{"line":126,"column":49}},{"start":{"line":126,"column":49},"end":{"line":126,"column":51}}],"line":126},"8":{"loc":{"start":{"line":152,"column":66},"end":{"line":152,"column":120}},"type":"cond-expr","locations":[{"start":{"line":152,"column":91},"end":{"line":152,"column":107}},{"start":{"line":152,"column":107},"end":{"line":152,"column":120}}],"line":152}},"s":{"0":4,"1":4,"2":4,"3":4,"4":5,"5":5,"6":5,"7":1,"8":4,"9":4,"10":4,"11":5,"12":5,"13":3,"14":3,"15":1,"16":1,"17":3,"18":1,"19":1,"20":1,"21":0,"22":0,"23":0,"24":0,"25":1,"26":1,"27":1,"28":1,"29":1,"30":0,"31":0,"32":0,"33":1,"34":0,"35":0,"36":0,"37":0,"38":0,"39":0,"40":0,"41":0,"42":0,"43":0,"44":0,"45":0,"46":0,"47":1,"48":0,"49":1,"50":0,"51":0,"52":0,"53":0},"f":{"0":1,"1":1,"2":0,"3":0,"4":0},"b":{"0":[1,4],"1":[3,1,0,0,0,0,0,0,1],"2":[1,2],"3":[3,1],"4":[0,1,0],"5":[0,0],"6":[1,0],"7":[0,0],"8":[0,0]},"meta":{"lastBranch":9,"lastFunction":5,"lastStatement":54,"seen":{"f:46:11:46:24":0,"s:47:41:47:43":0,"s:48:27:48:51":1,"s:50:8:50:Infinity":2,"s:52:8:59:Infinity":3,"s:53:27:53:56":4,"s:54:12:54:Infinity":5,"b:56:12:59:Infinity:58:19:59:Infinity":0,"s:56:12:59:Infinity":6,"s:57:16:57:Infinity":7,"s:59:16:59:Infinity":8,"s:63:8:63:Infinity":9,"s:64:8:64:Infinity":10,"f:70:19:70:27":1,"s:71:8:152:Infinity":11,"b:73:16:82:Infinity:85:16:110:Infinity:113:16:115:Infinity:118:16:120:Infinity:123:16:130:Infinity:133:16:135:Infinity:138:16:140:Infinity:143:16:145:Infinity:148:16:149:Infinity":1,"s:72:12:149:Infinity":12,"s:74:31:74:84":13,"b:76:20:78:Infinity:undefined:undefined:undefined:undefined":2,"s:76:20:78:Infinity":14,"b:76:24:76:49:76:49:76:85":3,"s:77:24:78:Infinity":15,"s:78:28:78:Infinity":16,"s:82:20:82:Infinity":17,"s:86:39:86:Infinity":18,"s:87:31:87:79":19,"b:91:24:95:Infinity:97:24:102:Infinity:104:24:107:Infinity":4,"s:90:20:107:Infinity":20,"s:92:28:92:Infinity":21,"b:92:99:92:122:92:122:92:135":5,"s:93:28:93:Infinity":22,"s:94:28:94:Infinity":23,"s:95:28:95:Infinity":24,"s:98:28:98:Infinity":25,"b:98:79:98:102:98:102:98:115":6,"s:99:28:99:Infinity":26,"s:100:28:100:Infinity":27,"s:101:28:101:Infinity":28,"s:102:28:102:Infinity":29,"s:105:28:105:Infinity":30,"s:106:28:106:Infinity":31,"s:107:28:107:Infinity":32,"s:110:20:110:Infinity":33,"s:114:20:114:Infinity":34,"s:115:20:115:Infinity":35,"s:119:20:119:Infinity":36,"s:120:20:120:Infinity":37,"s:124:48:128:Infinity":38,"b:126:30:126:49:126:49:126:51":7,"s:129:20:129:Infinity":39,"s:130:20:130:Infinity":40,"s:134:20:134:Infinity":41,"s:135:20:135:Infinity":42,"s:139:20:139:Infinity":43,"s:140:20:140:Infinity":44,"s:144:20:144:Infinity":45,"s:145:20:145:Infinity":46,"s:149:20:149:Infinity":47,"s:152:12:152:Infinity":48,"b:152:91:152:107:152:107:152:120":8,"s:160:13:181:Infinity":49,"f:160:13:160:35":2,"s:161:5:180:Infinity":50,"f:162:8:162:18":3,"s:162:44:162:85":51,"f:165:8:165:31":4,"s:166:13:178:Infinity":52,"s:181:4:181:Infinity":53}}}
,"/home/halile/Masaüstü/GitHub/Archive/engine-standalone/src/editor/bridge/ComponentRegistry.ts": {"path":"/home/halile/Masaüstü/GitHub/Archive/engine-standalone/src/editor/bridge/ComponentRegistry.ts","statementMap":{"0":{"start":{"line":24,"column":55},"end":{"line":163,"column":null}},"1":{"start":{"line":169,"column":4},"end":{"line":169,"column":null}},"2":{"start":{"line":169,"column":40},"end":{"line":169,"column":56}},"3":{"start":{"line":176,"column":4},"end":{"line":176,"column":null}}},"fnMap":{"0":{"name":"getComponentInfo","decl":{"start":{"line":168,"column":16},"end":{"line":168,"column":33}},"loc":{"start":{"line":168,"column":78},"end":{"line":169,"column":null}},"line":168},"1":{"name":"(anonymous_1)","decl":{"start":{"line":169,"column":30},"end":{"line":169,"column":35}},"loc":{"start":{"line":169,"column":40},"end":{"line":169,"column":56}},"line":169},"2":{"name":"getAvailableComponents","decl":{"start":{"line":175,"column":16},"end":{"line":175,"column":62}},"loc":{"start":{"line":175,"column":62},"end":{"line":176,"column":null}},"line":175}},"branchMap":{},"s":{"0":1,"1":3,"2":9,"3":1},"f":{"0":3,"1":9,"2":1},"b":{},"meta":{"lastBranch":0,"lastFunction":3,"lastStatement":4,"seen":{"s:24:55:163:Infinity":0,"f:168:16:168:33":0,"s:169:4:169:Infinity":1,"f:169:30:169:35":1,"s:169:40:169:56":2,"f:175:16:175:62":2,"s:176:4:176:Infinity":3}}}
,"/home/halile/Masaüstü/GitHub/Archive/engine-standalone/src/editor/bridge/ScriptRegistry.ts": {"path":"/home/halile/Masaüstü/GitHub/Archive/engine-standalone/src/editor/bridge/ScriptRegistry.ts","statementMap":{"0":{"start":{"line":11,"column":45},"end":{"line":34,"column":null}},"1":{"start":{"line":37,"column":4},"end":{"line":37,"column":null}}},"fnMap":{"0":{"name":"getAvailableScripts","decl":{"start":{"line":36,"column":16},"end":{"line":36,"column":52}},"loc":{"start":{"line":36,"column":52},"end":{"line":37,"column":null}},"line":36}},"branchMap":{},"s":{"0":1,"1":2},"f":{"0":2},"b":{},"meta":{"lastBranch":0,"lastFunction":1,"lastStatement":2,"seen":{"s:11:45:34:Infinity":0,"f:36:16:36:52":0,"s:37:4:37:Infinity":1}}}
,"/home/halile/Masaüstü/GitHub/Archive/engine-standalone/src/editor/panels/HierarchyPanel.css": {"path":"/home/halile/Masaüstü/GitHub/Archive/engine-standalone/src/editor/panels/HierarchyPanel.css","statementMap":{},"fnMap":{},"branchMap":{},"s":{},"f":{},"b":{},"meta":{"lastBranch":0,"lastFunction":0,"lastStatement":0,"seen":{}}}
,"/home/halile/Masaüstü/GitHub/Archive/engine-standalone/src/editor/panels/HierarchyPanel.tsx": {"path":"/home/halile/Masaüstü/GitHub/Archive/engine-standalone/src/editor/panels/HierarchyPanel.tsx","statementMap":{"0":{"start":{"line":15,"column":6},"end":{"line":56,"column":null}},"1":{"start":{"line":16,"column":21},"end":{"line":16,"column":50}},"2":{"start":{"line":17,"column":12},"end":{"line":17,"column":40}},"3":{"start":{"line":18,"column":30},"end":{"line":18,"column":63}},"4":{"start":{"line":20,"column":24},"end":{"line":20,"column":null}},"5":{"start":{"line":21,"column":23},"end":{"line":21,"column":null}},"6":{"start":{"line":23,"column":4},"end":{"line":56,"column":null}},"7":{"start":{"line":28,"column":31},"end":{"line":28,"column":54}},"8":{"start":{"line":34,"column":28},"end":{"line":34,"column":null}},"9":{"start":{"line":35,"column":28},"end":{"line":35,"column":null}},"10":{"start":{"line":51,"column":38},"end":{"line":51,"column":59}},"11":{"start":{"line":52,"column":24},"end":{"line":54,"column":null}},"12":{"start":{"line":62,"column":13},"end":{"line":115,"column":null}},"13":{"start":{"line":63,"column":48},"end":{"line":63,"column":80}},"14":{"start":{"line":64,"column":44},"end":{"line":64,"column":79}},"15":{"start":{"line":66,"column":10},"end":{"line":68,"column":null}},"16":{"start":{"line":67,"column":19},"end":{"line":67,"column":48}},"17":{"start":{"line":68,"column":8},"end":{"line":68,"column":null}},"18":{"start":{"line":71,"column":10},"end":{"line":74,"column":null}},"19":{"start":{"line":72,"column":8},"end":{"line":74,"column":null}},"20":{"start":{"line":73,"column":12},"end":{"line":73,"column":null}},"21":{"start":{"line":74,"column":12},"end":{"line":74,"column":null}},"22":{"start":{"line":78,"column":4},"end":{"line":115,"column":null}},"23":{"start":{"line":108,"column":43},"end":{"line":108,"column":59}},"24":{"start":{"line":109,"column":28},"end":{"line":111,"column":null}}},"fnMap":{"0":{"name":"(anonymous_0)","decl":{"start":{"line":15,"column":6},"end":{"line":15,"column":43}},"loc":{"start":{"line":15,"column":65},"end":{"line":56,"column":null}},"line":15},"1":{"name":"(anonymous_1)","decl":{"start":{"line":28,"column":16},"end":{"line":28,"column":31}},"loc":{"start":{"line":28,"column":31},"end":{"line":28,"column":54}},"line":28},"2":{"name":"(anonymous_2)","decl":{"start":{"line":33,"column":24},"end":{"line":33,"column":34}},"loc":{"start":{"line":33,"column":40},"end":{"line":35,"column":null}},"line":33},"3":{"name":"(anonymous_3)","decl":{"start":{"line":50,"column":37},"end":{"line":50,"column":41}},"loc":{"start":{"line":50,"column":52},"end":{"line":54,"column":null}},"line":50},"4":{"name":"(anonymous_4)","decl":{"start":{"line":62,"column":13},"end":{"line":62,"column":46}},"loc":{"start":{"line":62,"column":46},"end":{"line":115,"column":null}},"line":62},"5":{"name":"(anonymous_5)","decl":{"start":{"line":66,"column":10},"end":{"line":66,"column":34}},"loc":{"start":{"line":66,"column":34},"end":{"line":68,"column":null}},"line":66},"6":{"name":"(anonymous_6)","decl":{"start":{"line":71,"column":10},"end":{"line":71,"column":31}},"loc":{"start":{"line":71,"column":31},"end":{"line":74,"column":null}},"line":71},"7":{"name":"(anonymous_7)","decl":{"start":{"line":107,"column":39},"end":{"line":107,"column":43}},"loc":{"start":{"line":107,"column":49},"end":{"line":111,"column":null}},"line":107}},"branchMap":{"0":{"loc":{"start":{"line":26,"column":40},"end":{"line":26,"column":null}},"type":"cond-expr","locations":[{"start":{"line":26,"column":53},"end":{"line":26,"column":66}},{"start":{"line":26,"column":66},"end":{"line":26,"column":null}}],"line":26},"1":{"loc":{"start":{"line":30,"column":17},"end":{"line":41,"column":null}},"type":"cond-expr","locations":[{"start":{"line":31,"column":20},"end":{"line":41,"column":21}},{"start":{"line":41,"column":20},"end":{"line":41,"column":null}}],"line":30},"2":{"loc":{"start":{"line":38,"column":25},"end":{"line":38,"column":null}},"type":"cond-expr","locations":[{"start":{"line":38,"column":36},"end":{"line":38,"column":65}},{"start":{"line":38,"column":64},"end":{"line":38,"column":null}}],"line":38},"3":{"loc":{"start":{"line":48,"column":13},"end":{"line":56,"column":null}},"type":"binary-expr","locations":[{"start":{"line":48,"column":13},"end":{"line":48,"column":25}},{"start":{"line":48,"column":25},"end":{"line":48,"column":null}},{"start":{"line":49,"column":16},"end":{"line":56,"column":null}}],"line":48},"4":{"loc":{"start":{"line":52,"column":31},"end":{"line":54,"column":null}},"type":"cond-expr","locations":[{"start":{"line":53,"column":28},"end":{"line":53,"column":null}},{"start":{"line":54,"column":28},"end":{"line":54,"column":null}}],"line":52},"5":{"loc":{"start":{"line":72,"column":8},"end":{"line":74,"column":null}},"type":"if","locations":[{"start":{"line":72,"column":8},"end":{"line":74,"column":null}},{"start":{},"end":{}}],"line":72},"6":{"loc":{"start":{"line":98,"column":17},"end":{"line":113,"column":null}},"type":"cond-expr","locations":[{"start":{"line":99,"column":20},"end":{"line":106,"column":21}},{"start":{"line":106,"column":20},"end":{"line":113,"column":null}}],"line":98},"7":{"loc":{"start":{"line":109,"column":35},"end":{"line":111,"column":null}},"type":"cond-expr","locations":[{"start":{"line":110,"column":32},"end":{"line":110,"column":null}},{"start":{"line":111,"column":32},"end":{"line":111,"column":null}}],"line":109}},"s":{"0":1,"1":2,"2":2,"3":2,"4":2,"5":2,"6":2,"7":1,"8":0,"9":0,"10":0,"11":0,"12":1,"13":5,"14":5,"15":5,"16":1,"17":1,"18":5,"19":1,"20":1,"21":1,"22":5,"23":2,"24":2},"f":{"0":2,"1":1,"2":0,"3":0,"4":5,"5":1,"6":1,"7":2},"b":{"0":[0,2],"1":[0,2],"2":[0,0],"3":[2,2,0],"4":[0,0],"5":[1,0],"6":[3,2],"7":[2,0]},"meta":{"lastBranch":8,"lastFunction":8,"lastStatement":25,"seen":{"s:15:6:56:Infinity":0,"f:15:6:15:43":0,"s:16:21:16:50":1,"s:17:12:17:40":2,"s:18:30:18:63":3,"s:20:24:20:Infinity":4,"s:21:23:21:Infinity":5,"s:23:4:56:Infinity":6,"b:26:53:26:66:26:66:26:Infinity":0,"f:28:16:28:31":1,"s:28:31:28:54":7,"b:31:20:41:21:41:20:41:Infinity":1,"f:33:24:33:34":2,"s:34:28:34:Infinity":8,"s:35:28:35:Infinity":9,"b:38:36:38:65:38:64:38:Infinity":2,"b:48:13:48:25:48:25:48:Infinity:49:16:56:Infinity":3,"f:50:37:50:41":3,"s:51:38:51:59":10,"s:52:24:54:Infinity":11,"b:53:28:53:Infinity:54:28:54:Infinity":4,"s:62:13:115:Infinity":12,"f:62:13:62:46":4,"s:63:48:63:80":13,"s:64:44:64:79":14,"s:66:10:68:Infinity":15,"f:66:10:66:34":5,"s:67:19:67:48":16,"s:68:8:68:Infinity":17,"s:71:10:74:Infinity":18,"f:71:10:71:31":6,"b:72:8:74:Infinity:undefined:undefined:undefined:undefined":5,"s:72:8:74:Infinity":19,"s:73:12:73:Infinity":20,"s:74:12:74:Infinity":21,"s:78:4:115:Infinity":22,"b:99:20:106:21:106:20:113:Infinity":6,"f:107:39:107:43":7,"s:108:43:108:59":23,"s:109:28:111:Infinity":24,"b:110:32:110:Infinity:111:32:111:Infinity":7}}}
,"/home/halile/Masaüstü/GitHub/Archive/engine-standalone/src/editor/panels/InspectorPanel.css": {"path":"/home/halile/Masaüstü/GitHub/Archive/engine-standalone/src/editor/panels/InspectorPanel.css","statementMap":{},"fnMap":{},"branchMap":{},"s":{},"f":{},"b":{},"meta":{"lastBranch":0,"lastFunction":0,"lastStatement":0,"seen":{}}}
,"/home/halile/Masaüstü/GitHub/Archive/engine-standalone/src/editor/panels/InspectorPanel.tsx": {"path":"/home/halile/Masaüstü/GitHub/Archive/engine-standalone/src/editor/panels/InspectorPanel.tsx","statementMap":{"0":{"start":{"line":15,"column":47},"end":{"line":23,"column":null}},"1":{"start":{"line":26,"column":6},"end":{"line":61,"column":null}},"2":{"start":{"line":30,"column":10},"end":{"line":33,"column":null}},"3":{"start":{"line":31,"column":51},"end":{"line":31,"column":61}},"4":{"start":{"line":32,"column":8},"end":{"line":32,"column":null}},"5":{"start":{"line":33,"column":8},"end":{"line":33,"column":null}},"6":{"start":{"line":36,"column":4},"end":{"line":61,"column":null}},"7":{"start":{"line":43,"column":33},"end":{"line":43,"column":64}},"8":{"start":{"line":51,"column":33},"end":{"line":51,"column":64}},"9":{"start":{"line":59,"column":33},"end":{"line":59,"column":64}},"10":{"start":{"line":66,"column":6},"end":{"line":136,"column":null}},"11":{"start":{"line":71,"column":4},"end":{"line":136,"column":null}},"12":{"start":{"line":73,"column":12},"end":{"line":77,"column":null}},"13":{"start":{"line":81,"column":12},"end":{"line":90,"column":null}},"14":{"start":{"line":86,"column":37},"end":{"line":86,"column":78}},"15":{"start":{"line":94,"column":12},"end":{"line":101,"column":null}},"16":{"start":{"line":99,"column":41},"end":{"line":99,"column":null}},"17":{"start":{"line":106,"column":12},"end":{"line":112,"column":null}},"18":{"start":{"line":111,"column":37},"end":{"line":111,"column":null}},"19":{"start":{"line":116,"column":12},"end":{"line":125,"column":null}},"20":{"start":{"line":120,"column":37},"end":{"line":120,"column":61}},"21":{"start":{"line":123,"column":24},"end":{"line":123,"column":null}},"22":{"start":{"line":130,"column":12},"end":{"line":136,"column":null}},"23":{"start":{"line":135,"column":37},"end":{"line":135,"column":null}},"24":{"start":{"line":141,"column":6},"end":{"line":187,"column":null}},"25":{"start":{"line":145,"column":21},"end":{"line":145,"column":50}},"26":{"start":{"line":146,"column":29},"end":{"line":146,"column":64}},"27":{"start":{"line":148,"column":10},"end":{"line":148,"column":49}},"28":{"start":{"line":150,"column":10},"end":{"line":151,"column":null}},"29":{"start":{"line":151,"column":8},"end":{"line":151,"column":null}},"30":{"start":{"line":154,"column":4},"end":{"line":187,"column":null}},"31":{"start":{"line":156,"column":61},"end":{"line":156,"column":83}},"32":{"start":{"line":164,"column":28},"end":{"line":164,"column":null}},"33":{"start":{"line":165,"column":28},"end":{"line":165,"column":null}},"34":{"start":{"line":176,"column":24},"end":{"line":185,"column":null}},"35":{"start":{"line":182,"column":53},"end":{"line":182,"column":null}},"36":{"start":{"line":193,"column":6},"end":{"line":227,"column":null}},"37":{"start":{"line":198,"column":12},"end":{"line":198,"column":44}},"38":{"start":{"line":199,"column":10},"end":{"line":200,"column":null}},"39":{"start":{"line":200,"column":13},"end":{"line":200,"column":44}},"40":{"start":{"line":203,"column":10},"end":{"line":212,"column":null}},"41":{"start":{"line":204,"column":14},"end":{"line":204,"column":43}},"42":{"start":{"line":205,"column":8},"end":{"line":210,"column":null}},"43":{"start":{"line":206,"column":12},"end":{"line":210,"column":null}},"44":{"start":{"line":212,"column":8},"end":{"line":212,"column":null}},"45":{"start":{"line":215,"column":4},"end":{"line":227,"column":null}},"46":{"start":{"line":218,"column":16},"end":{"line":225,"column":null}},"47":{"start":{"line":221,"column":35},"end":{"line":221,"column":55}},"48":{"start":{"line":231,"column":13},"end":{"line":300,"column":null}},"49":{"start":{"line":232,"column":24},"end":{"line":232,"column":57}},"50":{"start":{"line":233,"column":12},"end":{"line":233,"column":49}},"51":{"start":{"line":234,"column":23},"end":{"line":234,"column":55}},"52":{"start":{"line":236,"column":19},"end":{"line":236,"column":null}},"53":{"start":{"line":238,"column":4},"end":{"line":300,"column":null}},"54":{"start":{"line":257,"column":49},"end":{"line":257,"column":null}},"55":{"start":{"line":273,"column":32},"end":{"line":277,"column":null}},"56":{"start":{"line":285,"column":47},"end":{"line":285,"column":75}},"57":{"start":{"line":293,"column":78},"end":{"line":293,"column":85}},"58":{"start":{"line":294,"column":51},"end":{"line":294,"column":null}}},"fnMap":{"0":{"name":"(anonymous_0)","decl":{"start":{"line":26,"column":6},"end":{"line":26,"column":null}},"loc":{"start":{"line":29,"column":30},"end":{"line":61,"column":null}},"line":29},"1":{"name":"(anonymous_1)","decl":{"start":{"line":30,"column":10},"end":{"line":30,"column":26}},"loc":{"start":{"line":30,"column":57},"end":{"line":33,"column":null}},"line":30},"2":{"name":"(anonymous_2)","decl":{"start":{"line":43,"column":16},"end":{"line":43,"column":27}},"loc":{"start":{"line":43,"column":33},"end":{"line":43,"column":64}},"line":43},"3":{"name":"(anonymous_3)","decl":{"start":{"line":51,"column":16},"end":{"line":51,"column":27}},"loc":{"start":{"line":51,"column":33},"end":{"line":51,"column":64}},"line":51},"4":{"name":"(anonymous_4)","decl":{"start":{"line":59,"column":16},"end":{"line":59,"column":27}},"loc":{"start":{"line":59,"column":33},"end":{"line":59,"column":64}},"line":59},"5":{"name":"(anonymous_5)","decl":{"start":{"line":66,"column":6},"end":{"line":66,"column":null}},"loc":{"start":{"line":70,"column":36},"end":{"line":136,"column":null}},"line":70},"6":{"name":"(anonymous_6)","decl":{"start":{"line":86,"column":20},"end":{"line":86,"column":31}},"loc":{"start":{"line":86,"column":37},"end":{"line":86,"column":78}},"line":86},"7":{"name":"(anonymous_7)","decl":{"start":{"line":99,"column":24},"end":{"line":99,"column":35}},"loc":{"start":{"line":99,"column":41},"end":{"line":99,"column":null}},"line":99},"8":{"name":"(anonymous_8)","decl":{"start":{"line":111,"column":20},"end":{"line":111,"column":31}},"loc":{"start":{"line":111,"column":37},"end":{"line":111,"column":null}},"line":111},"9":{"name":"(anonymous_9)","decl":{"start":{"line":120,"column":20},"end":{"line":120,"column":31}},"loc":{"start":{"line":120,"column":37},"end":{"line":120,"column":61}},"line":120},"10":{"name":"(anonymous_10)","decl":{"start":{"line":122,"column":35},"end":{"line":122,"column":39}},"loc":{"start":{"line":123,"column":24},"end":{"line":123,"column":null}},"line":123},"11":{"name":"(anonymous_11)","decl":{"start":{"line":135,"column":20},"end":{"line":135,"column":31}},"loc":{"start":{"line":135,"column":37},"end":{"line":135,"column":null}},"line":135},"12":{"name":"(anonymous_12)","decl":{"start":{"line":141,"column":6},"end":{"line":141,"column":null}},"loc":{"start":{"line":144,"column":34},"end":{"line":187,"column":null}},"line":144},"13":{"name":"(anonymous_13)","decl":{"start":{"line":150,"column":10},"end":{"line":150,"column":26}},"loc":{"start":{"line":150,"column":54},"end":{"line":151,"column":null}},"line":150},"14":{"name":"(anonymous_14)","decl":{"start":{"line":156,"column":46},"end":{"line":156,"column":61}},"loc":{"start":{"line":156,"column":61},"end":{"line":156,"column":83}},"line":156},"15":{"name":"(anonymous_15)","decl":{"start":{"line":163,"column":24},"end":{"line":163,"column":34}},"loc":{"start":{"line":163,"column":40},"end":{"line":165,"column":null}},"line":163},"16":{"name":"(anonymous_16)","decl":{"start":{"line":175,"column":38},"end":{"line":175,"column":42}},"loc":{"start":{"line":176,"column":24},"end":{"line":185,"column":null}},"line":176},"17":{"name":"(anonymous_17)","decl":{"start":{"line":182,"column":36},"end":{"line":182,"column":47}},"loc":{"start":{"line":182,"column":53},"end":{"line":182,"column":null}},"line":182},"18":{"name":"(anonymous_18)","decl":{"start":{"line":193,"column":6},"end":{"line":193,"column":null}},"loc":{"start":{"line":197,"column":47},"end":{"line":227,"column":null}},"line":197},"19":{"name":"(anonymous_19)","decl":{"start":{"line":199,"column":57},"end":{"line":199,"column":null}},"loc":{"start":{"line":200,"column":13},"end":{"line":200,"column":44}},"line":200},"20":{"name":"(anonymous_20)","decl":{"start":{"line":203,"column":10},"end":{"line":203,"column":23}},"loc":{"start":{"line":203,"column":40},"end":{"line":212,"column":null}},"line":203},"21":{"name":"(anonymous_21)","decl":{"start":{"line":217,"column":33},"end":{"line":217,"column":37}},"loc":{"start":{"line":218,"column":16},"end":{"line":225,"column":null}},"line":218},"22":{"name":"(anonymous_22)","decl":{"start":{"line":221,"column":20},"end":{"line":221,"column":35}},"loc":{"start":{"line":221,"column":35},"end":{"line":221,"column":55}},"line":221},"23":{"name":"(anonymous_23)","decl":{"start":{"line":231,"column":13},"end":{"line":231,"column":46}},"loc":{"start":{"line":231,"column":46},"end":{"line":300,"column":null}},"line":231},"24":{"name":"(anonymous_24)","decl":{"start":{"line":257,"column":32},"end":{"line":257,"column":43}},"loc":{"start":{"line":257,"column":49},"end":{"line":257,"column":null}},"line":257},"25":{"name":"(anonymous_25)","decl":{"start":{"line":263,"column":36},"end":{"line":263,"column":52}},"loc":{"start":{"line":263,"column":52},"end":{"line":263,"column":null}},"line":263},"26":{"name":"(anonymous_26)","decl":{"start":{"line":272,"column":47},"end":{"line":272,"column":52}},"loc":{"start":{"line":273,"column":32},"end":{"line":277,"column":null}},"line":273},"27":{"name":"(anonymous_27)","decl":{"start":{"line":285,"column":32},"end":{"line":285,"column":47}},"loc":{"start":{"line":285,"column":47},"end":{"line":285,"column":75}},"line":285},"28":{"name":"(anonymous_28)","decl":{"start":{"line":293,"column":69},"end":{"line":293,"column":73}},"loc":{"start":{"line":293,"column":78},"end":{"line":293,"column":85}},"line":293},"29":{"name":"(anonymous_29)","decl":{"start":{"line":294,"column":36},"end":{"line":294,"column":51}},"loc":{"start":{"line":294,"column":51},"end":{"line":294,"column":null}},"line":294}},"branchMap":{"0":{"loc":{"start":{"line":32,"column":26},"end":{"line":32,"column":null}},"type":"binary-expr","locations":[{"start":{"line":32,"column":26},"end":{"line":32,"column":41}},{"start":{"line":32,"column":45},"end":{"line":32,"column":null}}],"line":32},"1":{"loc":{"start":{"line":71,"column":4},"end":{"line":136,"column":null}},"type":"switch","locations":[{"start":{"line":72,"column":8},"end":{"line":77,"column":null}},{"start":{"line":80,"column":8},"end":{"line":90,"column":null}},{"start":{"line":93,"column":8},"end":{"line":101,"column":null}},{"start":{"line":105,"column":8},"end":{"line":112,"column":null}},{"start":{"line":115,"column":8},"end":{"line":125,"column":null}},{"start":{"line":128,"column":8},"end":{"line":128,"column":null}},{"start":{"line":129,"column":8},"end":{"line":136,"column":null}}],"line":71},"2":{"loc":{"start":{"line":75,"column":27},"end":{"line":75,"column":null}},"type":"binary-expr","locations":[{"start":{"line":75,"column":27},"end":{"line":75,"column":36}},{"start":{"line":75,"column":36},"end":{"line":75,"column":null}}],"line":75},"3":{"loc":{"start":{"line":85,"column":27},"end":{"line":85,"column":null}},"type":"binary-expr","locations":[{"start":{"line":85,"column":27},"end":{"line":85,"column":36}},{"start":{"line":85,"column":36},"end":{"line":85,"column":null}}],"line":85},"4":{"loc":{"start":{"line":86,"column":46},"end":{"line":86,"column":78}},"type":"binary-expr","locations":[{"start":{"line":86,"column":46},"end":{"line":86,"column":72}},{"start":{"line":86,"column":76},"end":{"line":86,"column":78}}],"line":86},"5":{"loc":{"start":{"line":89,"column":26},"end":{"line":89,"column":null}},"type":"binary-expr","locations":[{"start":{"line":89,"column":26},"end":{"line":89,"column":39}},{"start":{"line":89,"column":39},"end":{"line":89,"column":null}}],"line":89},"6":{"loc":{"start":{"line":98,"column":33},"end":{"line":98,"column":null}},"type":"binary-expr","locations":[{"start":{"line":98,"column":33},"end":{"line":98,"column":42}},{"start":{"line":98,"column":42},"end":{"line":98,"column":null}}],"line":98},"7":{"loc":{"start":{"line":110,"column":27},"end":{"line":110,"column":null}},"type":"binary-expr","locations":[{"start":{"line":110,"column":27},"end":{"line":110,"column":36}},{"start":{"line":110,"column":36},"end":{"line":110,"column":null}}],"line":110},"8":{"loc":{"start":{"line":119,"column":27},"end":{"line":119,"column":null}},"type":"binary-expr","locations":[{"start":{"line":119,"column":27},"end":{"line":119,"column":36}},{"start":{"line":119,"column":36},"end":{"line":119,"column":null}}],"line":119},"9":{"loc":{"start":{"line":134,"column":27},"end":{"line":134,"column":null}},"type":"binary-expr","locations":[{"start":{"line":134,"column":27},"end":{"line":134,"column":36}},{"start":{"line":134,"column":36},"end":{"line":134,"column":52}},{"start":{"line":134,"column":52},"end":{"line":134,"column":null}}],"line":134},"10":{"loc":{"start":{"line":157,"column":17},"end":{"line":157,"column":null}},"type":"cond-expr","locations":[{"start":{"line":157,"column":28},"end":{"line":157,"column":57}},{"start":{"line":157,"column":56},"end":{"line":157,"column":null}}],"line":157},"11":{"loc":{"start":{"line":158,"column":17},"end":{"line":158,"column":null}},"type":"binary-expr","locations":[{"start":{"line":158,"column":17},"end":{"line":158,"column":47}},{"start":{"line":158,"column":47},"end":{"line":158,"column":null}}],"line":158},"12":{"loc":{"start":{"line":158,"column":23},"end":{"line":158,"column":47}},"type":"binary-expr","locations":[{"start":{"line":158,"column":23},"end":{"line":158,"column":37}},{"start":{"line":158,"column":37},"end":{"line":158,"column":47}}],"line":158},"13":{"loc":{"start":{"line":159,"column":50},"end":{"line":159,"column":87}},"type":"binary-expr","locations":[{"start":{"line":159,"column":50},"end":{"line":159,"column":65}},{"start":{"line":159,"column":65},"end":{"line":159,"column":87}}],"line":159},"14":{"loc":{"start":{"line":160,"column":17},"end":{"line":169,"column":null}},"type":"binary-expr","locations":[{"start":{"line":160,"column":17},"end":{"line":160,"column":null}},{"start":{"line":161,"column":20},"end":{"line":169,"column":null}}],"line":160},"15":{"loc":{"start":{"line":173,"column":13},"end":{"line":187,"column":null}},"type":"binary-expr","locations":[{"start":{"line":173,"column":13},"end":{"line":173,"column":null}},{"start":{"line":174,"column":16},"end":{"line":187,"column":null}}],"line":173},"16":{"loc":{"start":{"line":205,"column":8},"end":{"line":210,"column":null}},"type":"if","locations":[{"start":{"line":205,"column":8},"end":{"line":210,"column":null}},{"start":{},"end":{}}],"line":205},"17":{"loc":{"start":{"line":223,"column":21},"end":{"line":224,"column":21}},"type":"binary-expr","locations":[{"start":{"line":223,"column":21},"end":{"line":223,"column":41}},{"start":{"line":223,"column":41},"end":{"line":224,"column":21}}],"line":223},"18":{"loc":{"start":{"line":236,"column":19},"end":{"line":236,"column":null}},"type":"cond-expr","locations":[{"start":{"line":236,"column":47},"end":{"line":236,"column":74}},{"start":{"line":236,"column":77},"end":{"line":236,"column":null}}],"line":236},"19":{"loc":{"start":{"line":245,"column":17},"end":{"line":298,"column":null}},"type":"cond-expr","locations":[{"start":{"line":246,"column":20},"end":{"line":250,"column":null}},{"start":{"line":250,"column":20},"end":{"line":298,"column":null}}],"line":245},"20":{"loc":{"start":{"line":290,"column":29},"end":{"line":295,"column":null}},"type":"binary-expr","locations":[{"start":{"line":290,"column":29},"end":{"line":290,"column":null}},{"start":{"line":291,"column":32},"end":{"line":295,"column":null}}],"line":290}},"s":{"0":1,"1":1,"2":2,"3":1,"4":1,"5":1,"6":2,"7":1,"8":0,"9":0,"10":1,"11":2,"12":2,"13":0,"14":0,"15":0,"16":0,"17":0,"18":0,"19":0,"20":0,"21":0,"22":0,"23":0,"24":1,"25":2,"26":2,"27":2,"28":2,"29":1,"30":2,"31":0,"32":0,"33":0,"34":2,"35":1,"36":1,"37":1,"38":1,"39":1,"40":1,"41":0,"42":0,"43":0,"44":0,"45":1,"46":1,"47":0,"48":1,"49":6,"50":6,"51":6,"52":6,"53":6,"54":1,"55":2,"56":1,"57":0,"58":0},"f":{"0":2,"1":1,"2":1,"3":0,"4":0,"5":2,"6":0,"7":0,"8":0,"9":0,"10":0,"11":0,"12":2,"13":1,"14":0,"15":0,"16":2,"17":1,"18":1,"19":1,"20":0,"21":1,"22":0,"23":6,"24":1,"25":0,"26":2,"27":1,"28":0,"29":0},"b":{"0":[1,0],"1":[2,0,0,0,0,0,0],"2":[2,0],"3":[0,0],"4":[0,0],"5":[0,0],"6":[0,0],"7":[0,0],"8":[0,0],"9":[0,0,0],"10":[2,0],"11":[2,0],"12":[2,0],"13":[2,0],"14":[2,0],"15":[2,2],"16":[0,0],"17":[1,0],"18":[5,1],"19":[1,5],"20":[5,1]},"meta":{"lastBranch":21,"lastFunction":30,"lastStatement":59,"seen":{"s:15:47:23:Infinity":0,"s:26:6:61:Infinity":1,"f:26:6:26:Infinity":0,"s:30:10:33:Infinity":2,"f:30:10:30:26":1,"s:31:51:31:61":3,"s:32:8:32:Infinity":4,"b:32:26:32:41:32:45:32:Infinity":0,"s:33:8:33:Infinity":5,"s:36:4:61:Infinity":6,"f:43:16:43:27":2,"s:43:33:43:64":7,"f:51:16:51:27":3,"s:51:33:51:64":8,"f:59:16:59:27":4,"s:59:33:59:64":9,"s:66:6:136:Infinity":10,"f:66:6:66:Infinity":5,"b:72:8:77:Infinity:80:8:90:Infinity:93:8:101:Infinity:105:8:112:Infinity:115:8:125:Infinity:128:8:128:Infinity:129:8:136:Infinity":1,"s:71:4:136:Infinity":11,"s:73:12:77:Infinity":12,"b:75:27:75:36:75:36:75:Infinity":2,"s:81:12:90:Infinity":13,"b:85:27:85:36:85:36:85:Infinity":3,"f:86:20:86:31":6,"s:86:37:86:78":14,"b:86:46:86:72:86:76:86:78":4,"b:89:26:89:39:89:39:89:Infinity":5,"s:94:12:101:Infinity":15,"b:98:33:98:42:98:42:98:Infinity":6,"f:99:24:99:35":7,"s:99:41:99:Infinity":16,"s:106:12:112:Infinity":17,"b:110:27:110:36:110:36:110:Infinity":7,"f:111:20:111:31":8,"s:111:37:111:Infinity":18,"s:116:12:125:Infinity":19,"b:119:27:119:36:119:36:119:Infinity":8,"f:120:20:120:31":9,"s:120:37:120:61":20,"f:122:35:122:39":10,"s:123:24:123:Infinity":21,"s:130:12:136:Infinity":22,"b:134:27:134:36:134:36:134:52:134:52:134:Infinity":9,"f:135:20:135:31":11,"s:135:37:135:Infinity":23,"s:141:6:187:Infinity":24,"f:141:6:141:Infinity":12,"s:145:21:145:50":25,"s:146:29:146:64":26,"s:148:10:148:49":27,"s:150:10:151:Infinity":28,"f:150:10:150:26":13,"s:151:8:151:Infinity":29,"s:154:4:187:Infinity":30,"f:156:46:156:61":14,"s:156:61:156:83":31,"b:157:28:157:57:157:56:157:Infinity":10,"b:158:17:158:47:158:47:158:Infinity":11,"b:158:23:158:37:158:37:158:47":12,"b:159:50:159:65:159:65:159:87":13,"b:160:17:160:Infinity:161:20:169:Infinity":14,"f:163:24:163:34":15,"s:164:28:164:Infinity":32,"s:165:28:165:Infinity":33,"b:173:13:173:Infinity:174:16:187:Infinity":15,"f:175:38:175:42":16,"s:176:24:185:Infinity":34,"f:182:36:182:47":17,"s:182:53:182:Infinity":35,"s:193:6:227:Infinity":36,"f:193:6:193:Infinity":18,"s:198:12:198:44":37,"s:199:10:200:Infinity":38,"f:199:57:199:Infinity":19,"s:200:13:200:44":39,"s:203:10:212:Infinity":40,"f:203:10:203:23":20,"s:204:14:204:43":41,"b:205:8:210:Infinity:undefined:undefined:undefined:undefined":16,"s:205:8:210:Infinity":42,"s:206:12:210:Infinity":43,"s:212:8:212:Infinity":44,"s:215:4:227:Infinity":45,"f:217:33:217:37":21,"s:218:16:225:Infinity":46,"f:221:20:221:35":22,"s:221:35:221:55":47,"b:223:21:223:41:223:41:224:21":17,"s:231:13:300:Infinity":48,"f:231:13:231:46":23,"s:232:24:232:57":49,"s:233:12:233:49":50,"s:234:23:234:55":51,"s:236:19:236:Infinity":52,"b:236:47:236:74:236:77:236:Infinity":18,"s:238:4:300:Infinity":53,"b:246:20:250:Infinity:250:20:298:Infinity":19,"f:257:32:257:43":24,"s:257:49:257:Infinity":54,"f:263:36:263:52":25,"f:272:47:272:52":26,"s:273:32:277:Infinity":55,"f:285:32:285:47":27,"s:285:47:285:75":56,"b:290:29:290:Infinity:291:32:295:Infinity":20,"f:293:69:293:73":28,"s:293:78:293:85":57,"f:294:36:294:51":29,"s:294:51:294:Infinity":58}}}
,"/home/halile/Masaüstü/GitHub/Archive/engine-standalone/src/editor/serialization/SceneSerializer.ts": {"path":"/home/halile/Masaüstü/GitHub/Archive/engine-standalone/src/editor/serialization/SceneSerializer.ts","statementMap":{"0":{"start":{"line":26,"column":18},"end":{"line":26,"column":42}},"1":{"start":{"line":28,"column":34},"end":{"line":32,"column":null}},"2":{"start":{"line":35,"column":4},"end":{"line":48,"column":null}},"3":{"start":{"line":36,"column":8},"end":{"line":47,"column":null}},"4":{"start":{"line":42,"column":52},"end":{"line":46,"column":null}},"5":{"start":{"line":50,"column":4},"end":{"line":50,"column":null}},"6":{"start":{"line":57,"column":34},"end":{"line":57,"column":50}},"7":{"start":{"line":58,"column":18},"end":{"line":58,"column":42}},"8":{"start":{"line":61,"column":4},"end":{"line":61,"column":null}},"9":{"start":{"line":64,"column":4},"end":{"line":64,"column":null}},"10":{"start":{"line":67,"column":22},"end":{"line":67,"column":51}},"11":{"start":{"line":69,"column":4},"end":{"line":79,"column":null}},"12":{"start":{"line":70,"column":39},"end":{"line":78,"column":null}},"13":{"start":{"line":79,"column":8},"end":{"line":79,"column":null}},"14":{"start":{"line":83,"column":30},"end":{"line":83,"column":32}},"15":{"start":{"line":85,"column":4},"end":{"line":94,"column":null}},"16":{"start":{"line":86,"column":27},"end":{"line":86,"column":51}},"17":{"start":{"line":88,"column":8},"end":{"line":94,"column":null}},"18":{"start":{"line":89,"column":12},"end":{"line":89,"column":null}},"19":{"start":{"line":91,"column":12},"end":{"line":91,"column":null}},"20":{"start":{"line":92,"column":27},"end":{"line":92,"column":57}},"21":{"start":{"line":93,"column":12},"end":{"line":94,"column":null}},"22":{"start":{"line":94,"column":16},"end":{"line":94,"column":null}},"23":{"start":{"line":100,"column":4},"end":{"line":105,"column":null}},"24":{"start":{"line":103,"column":57},"end":{"line":103,"column":62}},"25":{"start":{"line":112,"column":17},"end":{"line":112,"column":33}},"26":{"start":{"line":113,"column":17},"end":{"line":113,"column":63}},"27":{"start":{"line":114,"column":16},"end":{"line":114,"column":41}},"28":{"start":{"line":116,"column":14},"end":{"line":116,"column":41}},"29":{"start":{"line":117,"column":4},"end":{"line":117,"column":null}},"30":{"start":{"line":118,"column":4},"end":{"line":118,"column":null}},"31":{"start":{"line":119,"column":4},"end":{"line":119,"column":null}},"32":{"start":{"line":120,"column":4},"end":{"line":120,"column":null}},"33":{"start":{"line":121,"column":4},"end":{"line":121,"column":null}},"34":{"start":{"line":122,"column":4},"end":{"line":122,"column":null}},"35":{"start":{"line":129,"column":4},"end":{"line":143,"column":null}},"36":{"start":{"line":130,"column":23},"end":{"line":130,"column":39}},"37":{"start":{"line":132,"column":8},"end":{"line":137,"column":null}},"38":{"start":{"line":133,"column":12},"end":{"line":137,"column":null}},"39":{"start":{"line":134,"column":16},"end":{"line":134,"column":null}},"40":{"start":{"line":135,"column":16},"end":{"line":135,"column":null}},"41":{"start":{"line":137,"column":16},"end":{"line":137,"column":null}},"42":{"start":{"line":141,"column":8},"end":{"line":141,"column":null}},"43":{"start":{"line":141,"column":31},"end":{"line":141,"column":51}},"44":{"start":{"line":142,"column":8},"end":{"line":142,"column":null}},"45":{"start":{"line":150,"column":18},"end":{"line":150,"column":42}},"46":{"start":{"line":151,"column":4},"end":{"line":151,"column":null}},"47":{"start":{"line":154,"column":4},"end":{"line":154,"column":null}},"48":{"start":{"line":157,"column":21},"end":{"line":157,"column":57}},"49":{"start":{"line":158,"column":4},"end":{"line":162,"column":null}},"50":{"start":{"line":163,"column":4},"end":{"line":166,"column":null}},"51":{"start":{"line":169,"column":20},"end":{"line":169,"column":62}},"52":{"start":{"line":170,"column":4},"end":{"line":174,"column":null}},"53":{"start":{"line":175,"column":4},"end":{"line":178,"column":null}},"54":{"start":{"line":181,"column":21},"end":{"line":181,"column":52}},"55":{"start":{"line":182,"column":4},"end":{"line":186,"column":null}},"56":{"start":{"line":187,"column":4},"end":{"line":190,"column":null}},"57":{"start":{"line":193,"column":19},"end":{"line":193,"column":48}},"58":{"start":{"line":194,"column":4},"end":{"line":198,"column":null}},"59":{"start":{"line":199,"column":4},"end":{"line":201,"column":null}},"60":{"start":{"line":203,"column":4},"end":{"line":203,"column":null}}},"fnMap":{"0":{"name":"serializeScene","decl":{"start":{"line":25,"column":16},"end":{"line":25,"column":41}},"loc":{"start":{"line":25,"column":41},"end":{"line":50,"column":null}},"line":25},"1":{"name":"(anonymous_1)","decl":{"start":{"line":35,"column":19},"end":{"line":35,"column":28}},"loc":{"start":{"line":35,"column":39},"end":{"line":48,"column":null}},"line":35},"2":{"name":"(anonymous_2)","decl":{"start":{"line":42,"column":42},"end":{"line":42,"column":46}},"loc":{"start":{"line":42,"column":52},"end":{"line":46,"column":null}},"line":42},"3":{"name":"deserializeScene","decl":{"start":{"line":56,"column":16},"end":{"line":56,"column":33}},"loc":{"start":{"line":56,"column":53},"end":{"line":105,"column":null}},"line":56},"4":{"name":"(anonymous_4)","decl":{"start":{"line":103,"column":48},"end":{"line":103,"column":52}},"loc":{"start":{"line":103,"column":57},"end":{"line":103,"column":62}},"line":103},"5":{"name":"downloadScene","decl":{"start":{"line":111,"column":16},"end":{"line":111,"column":30}},"loc":{"start":{"line":111,"column":69},"end":{"line":122,"column":null}},"line":111},"6":{"name":"loadSceneFromFile","decl":{"start":{"line":128,"column":16},"end":{"line":128,"column":34}},"loc":{"start":{"line":128,"column":61},"end":{"line":143,"column":null}},"line":128},"7":{"name":"(anonymous_7)","decl":{"start":{"line":129,"column":15},"end":{"line":129,"column":24}},"loc":{"start":{"line":129,"column":44},"end":{"line":143,"column":null}},"line":129},"8":{"name":"(anonymous_8)","decl":{"start":{"line":132,"column":15},"end":{"line":132,"column":30}},"loc":{"start":{"line":132,"column":30},"end":{"line":137,"column":null}},"line":132},"9":{"name":"(anonymous_9)","decl":{"start":{"line":141,"column":15},"end":{"line":141,"column":31}},"loc":{"start":{"line":141,"column":31},"end":{"line":141,"column":51}},"line":141},"10":{"name":"createDefaultScene","decl":{"start":{"line":149,"column":16},"end":{"line":149,"column":43}},"loc":{"start":{"line":149,"column":43},"end":{"line":203,"column":null}},"line":149}},"branchMap":{"0":{"loc":{"start":{"line":88,"column":8},"end":{"line":94,"column":null}},"type":"if","locations":[{"start":{"line":88,"column":8},"end":{"line":94,"column":null}},{"start":{"line":90,"column":15},"end":{"line":94,"column":null}}],"line":88},"1":{"loc":{"start":{"line":93,"column":12},"end":{"line":94,"column":null}},"type":"if","locations":[{"start":{"line":93,"column":12},"end":{"line":94,"column":null}},{"start":{},"end":{}}],"line":93},"2":{"loc":{"start":{"line":111,"column":30},"end":{"line":111,"column":69}},"type":"default-arg","locations":[{"start":{"line":111,"column":49},"end":{"line":111,"column":69}}],"line":111}},"s":{"0":2,"1":2,"2":2,"3":2,"4":1,"5":2,"6":1,"7":1,"8":1,"9":1,"10":1,"11":1,"12":1,"13":1,"14":1,"15":1,"16":1,"17":1,"18":1,"19":0,"20":0,"21":0,"22":0,"23":1,"24":1,"25":0,"26":0,"27":0,"28":0,"29":0,"30":0,"31":0,"32":0,"33":0,"34":0,"35":0,"36":0,"37":0,"38":0,"39":0,"40":0,"41":0,"42":0,"43":0,"44":0,"45":0,"46":0,"47":0,"48":0,"49":0,"50":0,"51":0,"52":0,"53":0,"54":0,"55":0,"56":0,"57":0,"58":0,"59":0,"60":0},"f":{"0":2,"1":2,"2":1,"3":1,"4":1,"5":0,"6":0,"7":0,"8":0,"9":0,"10":0},"b":{"0":[1,0],"1":[0,0],"2":[0]},"meta":{"lastBranch":3,"lastFunction":11,"lastStatement":61,"seen":{"f:25:16:25:41":0,"s:26:18:26:42":0,"s:28:34:32:Infinity":1,"s:35:4:48:Infinity":2,"f:35:19:35:28":1,"s:36:8:47:Infinity":3,"f:42:42:42:46":2,"s:42:52:46:Infinity":4,"s:50:4:50:Infinity":5,"f:56:16:56:33":3,"s:57:34:57:50":6,"s:58:18:58:42":7,"s:61:4:61:Infinity":8,"s:64:4:64:Infinity":9,"s:67:22:67:51":10,"s:69:4:79:Infinity":11,"s:70:39:78:Infinity":12,"s:79:8:79:Infinity":13,"s:83:30:83:32":14,"s:85:4:94:Infinity":15,"s:86:27:86:51":16,"b:88:8:94:Infinity:90:15:94:Infinity":0,"s:88:8:94:Infinity":17,"s:89:12:89:Infinity":18,"s:91:12:91:Infinity":19,"s:92:27:92:57":20,"b:93:12:94:Infinity:undefined:undefined:undefined:undefined":1,"s:93:12:94:Infinity":21,"s:94:16:94:Infinity":22,"s:100:4:105:Infinity":23,"f:103:48:103:52":4,"s:103:57:103:62":24,"f:111:16:111:30":5,"b:111:49:111:69":2,"s:112:17:112:33":25,"s:113:17:113:63":26,"s:114:16:114:41":27,"s:116:14:116:41":28,"s:117:4:117:Infinity":29,"s:118:4:118:Infinity":30,"s:119:4:119:Infinity":31,"s:120:4:120:Infinity":32,"s:121:4:121:Infinity":33,"s:122:4:122:Infinity":34,"f:128:16:128:34":6,"s:129:4:143:Infinity":35,"f:129:15:129:24":7,"s:130:23:130:39":36,"s:132:8:137:Infinity":37,"f:132:15:132:30":8,"s:133:12:137:Infinity":38,"s:134:16:134:Infinity":39,"s:135:16:135:Infinity":40,"s:137:16:137:Infinity":41,"s:141:8:141:Infinity":42,"f:141:15:141:31":9,"s:141:31:141:51":43,"s:142:8:142:Infinity":44,"f:149:16:149:43":10,"s:150:18:150:42":45,"s:151:4:151:Infinity":46,"s:154:4:154:Infinity":47,"s:157:21:157:57":48,"s:158:4:162:Infinity":49,"s:163:4:166:Infinity":50,"s:169:20:169:62":51,"s:170:4:174:Infinity":52,"s:175:4:178:Infinity":53,"s:181:21:181:52":54,"s:182:4:186:Infinity":55,"s:187:4:190:Infinity":56,"s:193:19:193:48":57,"s:194:4:198:Infinity":58,"s:199:4:201:Infinity":59,"s:203:4:203:Infinity":60}}}
,"/home/halile/Masaüstü/GitHub/Archive/engine-standalone/src/editor/stores/sceneStore.ts": {"path":"/home/halile/Masaüstü/GitHub/Archive/engine-standalone/src/editor/stores/sceneStore.ts","statementMap":{"0":{"start":{"line":60,"column":13},"end":{"line":252,"column":3}},"1":{"start":{"line":60,"column":63},"end":{"line":252,"column":3}},"2":{"start":{"line":68,"column":19},"end":{"line":68,"column":null}},"3":{"start":{"line":69,"column":35},"end":{"line":79,"column":null}},"4":{"start":{"line":81,"column":8},"end":{"line":101,"column":null}},"5":{"start":{"line":82,"column":32},"end":{"line":82,"column":55}},"6":{"start":{"line":83,"column":12},"end":{"line":83,"column":null}},"7":{"start":{"line":85,"column":27},"end":{"line":85,"column":51}},"8":{"start":{"line":86,"column":12},"end":{"line":91,"column":null}},"9":{"start":{"line":87,"column":16},"end":{"line":87,"column":null}},"10":{"start":{"line":89,"column":31},"end":{"line":89,"column":56}},"11":{"start":{"line":90,"column":16},"end":{"line":91,"column":null}},"12":{"start":{"line":91,"column":20},"end":{"line":91,"column":null}},"13":{"start":{"line":95,"column":12},"end":{"line":100,"column":null}},"14":{"start":{"line":103,"column":8},"end":{"line":103,"column":null}},"15":{"start":{"line":106,"column":26},"end":{"line":134,"column":null}},"16":{"start":{"line":107,"column":23},"end":{"line":107,"column":45}},"17":{"start":{"line":108,"column":8},"end":{"line":108,"column":null}},"18":{"start":{"line":108,"column":21},"end":{"line":108,"column":null}},"19":{"start":{"line":110,"column":28},"end":{"line":110,"column":51}},"20":{"start":{"line":113,"column":8},"end":{"line":116,"column":null}},"21":{"start":{"line":114,"column":27},"end":{"line":114,"column":59}},"22":{"start":{"line":115,"column":12},"end":{"line":116,"column":null}},"23":{"start":{"line":116,"column":16},"end":{"line":116,"column":null}},"24":{"start":{"line":116,"column":64},"end":{"line":116,"column":75}},"25":{"start":{"line":121,"column":14},"end":{"line":125,"column":null}},"26":{"start":{"line":122,"column":22},"end":{"line":122,"column":47}},"27":{"start":{"line":123,"column":12},"end":{"line":125,"column":null}},"28":{"start":{"line":124,"column":16},"end":{"line":124,"column":null}},"29":{"start":{"line":125,"column":16},"end":{"line":125,"column":null}},"30":{"start":{"line":128,"column":8},"end":{"line":128,"column":null}},"31":{"start":{"line":131,"column":25},"end":{"line":131,"column":70}},"32":{"start":{"line":131,"column":59},"end":{"line":131,"column":70}},"33":{"start":{"line":133,"column":8},"end":{"line":133,"column":null}},"34":{"start":{"line":136,"column":32},"end":{"line":144,"column":null}},"35":{"start":{"line":137,"column":23},"end":{"line":137,"column":45}},"36":{"start":{"line":138,"column":8},"end":{"line":138,"column":null}},"37":{"start":{"line":138,"column":21},"end":{"line":138,"column":null}},"38":{"start":{"line":140,"column":28},"end":{"line":140,"column":51}},"39":{"start":{"line":141,"column":8},"end":{"line":141,"column":null}},"40":{"start":{"line":143,"column":8},"end":{"line":143,"column":null}},"41":{"start":{"line":146,"column":39},"end":{"line":177,"column":null}},"42":{"start":{"line":147,"column":23},"end":{"line":147,"column":51}},"43":{"start":{"line":148,"column":8},"end":{"line":148,"column":null}},"44":{"start":{"line":148,"column":21},"end":{"line":148,"column":null}},"45":{"start":{"line":150,"column":28},"end":{"line":150,"column":51}},"46":{"start":{"line":153,"column":8},"end":{"line":156,"column":null}},"47":{"start":{"line":154,"column":30},"end":{"line":154,"column":62}},"48":{"start":{"line":155,"column":12},"end":{"line":156,"column":null}},"49":{"start":{"line":156,"column":16},"end":{"line":156,"column":null}},"50":{"start":{"line":156,"column":69},"end":{"line":156,"column":85}},"51":{"start":{"line":161,"column":23},"end":{"line":161,"column":72}},"52":{"start":{"line":161,"column":56},"end":{"line":161,"column":72}},"53":{"start":{"line":164,"column":8},"end":{"line":169,"column":null}},"54":{"start":{"line":165,"column":12},"end":{"line":165,"column":null}},"55":{"start":{"line":167,"column":30},"end":{"line":167,"column":55}},"56":{"start":{"line":168,"column":12},"end":{"line":169,"column":null}},"57":{"start":{"line":169,"column":16},"end":{"line":169,"column":null}},"58":{"start":{"line":174,"column":8},"end":{"line":174,"column":null}},"59":{"start":{"line":176,"column":8},"end":{"line":176,"column":null}},"60":{"start":{"line":179,"column":43},"end":{"line":190,"column":null}},"61":{"start":{"line":180,"column":23},"end":{"line":180,"column":51}},"62":{"start":{"line":181,"column":8},"end":{"line":181,"column":null}},"63":{"start":{"line":181,"column":21},"end":{"line":181,"column":null}},"64":{"start":{"line":183,"column":28},"end":{"line":183,"column":51}},"65":{"start":{"line":184,"column":8},"end":{"line":187,"column":null}},"66":{"start":{"line":189,"column":8},"end":{"line":189,"column":null}},"67":{"start":{"line":192,"column":50},"end":{"line":203,"column":null}},"68":{"start":{"line":193,"column":23},"end":{"line":193,"column":51}},"69":{"start":{"line":194,"column":8},"end":{"line":194,"column":null}},"70":{"start":{"line":194,"column":21},"end":{"line":194,"column":null}},"71":{"start":{"line":196,"column":28},"end":{"line":196,"column":51}},"72":{"start":{"line":197,"column":8},"end":{"line":200,"column":null}},"73":{"start":{"line":199,"column":54},"end":{"line":199,"column":null}},"74":{"start":{"line":202,"column":8},"end":{"line":202,"column":null}},"75":{"start":{"line":205,"column":56},"end":{"line":218,"column":null}},"76":{"start":{"line":206,"column":23},"end":{"line":206,"column":51}},"77":{"start":{"line":207,"column":8},"end":{"line":207,"column":null}},"78":{"start":{"line":207,"column":21},"end":{"line":207,"column":null}},"79":{"start":{"line":209,"column":28},"end":{"line":209,"column":51}},"80":{"start":{"line":210,"column":8},"end":{"line":215,"column":null}},"81":{"start":{"line":213,"column":16},"end":{"line":213,"column":null}},"82":{"start":{"line":217,"column":8},"end":{"line":217,"column":null}},"83":{"start":{"line":220,"column":23},"end":{"line":220,"column":45}},"84":{"start":{"line":222,"column":30},"end":{"line":238,"column":null}},"85":{"start":{"line":223,"column":28},"end":{"line":223,"column":57}},"86":{"start":{"line":225,"column":8},"end":{"line":226,"column":null}},"87":{"start":{"line":226,"column":12},"end":{"line":226,"column":null}},"88":{"start":{"line":229,"column":8},"end":{"line":229,"column":null}},"89":{"start":{"line":231,"column":8},"end":{"line":237,"column":null}},"90":{"start":{"line":240,"column":28},"end":{"line":240,"column":67}},"91":{"start":{"line":242,"column":17},"end":{"line":248,"column":6}},"92":{"start":{"line":250,"column":21},"end":{"line":250,"column":43}},"93":{"start":{"line":251,"column":21},"end":{"line":251,"column":null}}},"fnMap":{"0":{"name":"(anonymous_0)","decl":{"start":{"line":60,"column":29},"end":{"line":60,"column":49}},"loc":{"start":{"line":60,"column":63},"end":{"line":252,"column":3}},"line":60},"1":{"name":"(anonymous_1)","decl":{"start":{"line":67,"column":4},"end":{"line":67,"column":16}},"loc":{"start":{"line":67,"column":57},"end":{"line":103,"column":null}},"line":67},"2":{"name":"(anonymous_2)","decl":{"start":{"line":81,"column":8},"end":{"line":81,"column":13}},"loc":{"start":{"line":81,"column":23},"end":{"line":101,"column":null}},"line":81},"3":{"name":"(anonymous_3)","decl":{"start":{"line":106,"column":4},"end":{"line":106,"column":19}},"loc":{"start":{"line":106,"column":26},"end":{"line":134,"column":null}},"line":106},"4":{"name":"(anonymous_4)","decl":{"start":{"line":106,"column":26},"end":{"line":106,"column":31}},"loc":{"start":{"line":106,"column":41},"end":{"line":134,"column":null}},"line":106},"5":{"name":"(anonymous_5)","decl":{"start":{"line":116,"column":50},"end":{"line":116,"column":57}},"loc":{"start":{"line":116,"column":64},"end":{"line":116,"column":75}},"line":116},"6":{"name":"(anonymous_6)","decl":{"start":{"line":121,"column":14},"end":{"line":121,"column":33}},"loc":{"start":{"line":121,"column":54},"end":{"line":125,"column":null}},"line":121},"7":{"name":"(anonymous_7)","decl":{"start":{"line":131,"column":45},"end":{"line":131,"column":52}},"loc":{"start":{"line":131,"column":59},"end":{"line":131,"column":70}},"line":131},"8":{"name":"(anonymous_8)","decl":{"start":{"line":136,"column":4},"end":{"line":136,"column":19}},"loc":{"start":{"line":136,"column":32},"end":{"line":144,"column":null}},"line":136},"9":{"name":"(anonymous_9)","decl":{"start":{"line":136,"column":32},"end":{"line":136,"column":37}},"loc":{"start":{"line":136,"column":47},"end":{"line":144,"column":null}},"line":136},"10":{"name":"(anonymous_10)","decl":{"start":{"line":146,"column":4},"end":{"line":146,"column":16}},"loc":{"start":{"line":146,"column":39},"end":{"line":177,"column":null}},"line":146},"11":{"name":"(anonymous_11)","decl":{"start":{"line":146,"column":39},"end":{"line":146,"column":44}},"loc":{"start":{"line":146,"column":54},"end":{"line":177,"column":null}},"line":146},"12":{"name":"(anonymous_12)","decl":{"start":{"line":156,"column":56},"end":{"line":156,"column":63}},"loc":{"start":{"line":156,"column":69},"end":{"line":156,"column":85}},"line":156},"13":{"name":"(anonymous_13)","decl":{"start":{"line":161,"column":43},"end":{"line":161,"column":50}},"loc":{"start":{"line":161,"column":56},"end":{"line":161,"column":72}},"line":161},"14":{"name":"(anonymous_14)","decl":{"start":{"line":179,"column":4},"end":{"line":179,"column":19}},"loc":{"start":{"line":179,"column":43},"end":{"line":190,"column":null}},"line":179},"15":{"name":"(anonymous_15)","decl":{"start":{"line":179,"column":43},"end":{"line":179,"column":48}},"loc":{"start":{"line":179,"column":58},"end":{"line":190,"column":null}},"line":179},"16":{"name":"(anonymous_16)","decl":{"start":{"line":192,"column":4},"end":{"line":192,"column":22}},"loc":{"start":{"line":192,"column":50},"end":{"line":203,"column":null}},"line":192},"17":{"name":"(anonymous_17)","decl":{"start":{"line":192,"column":50},"end":{"line":192,"column":55}},"loc":{"start":{"line":192,"column":65},"end":{"line":203,"column":null}},"line":192},"18":{"name":"(anonymous_18)","decl":{"start":{"line":199,"column":42},"end":{"line":199,"column":49}},"loc":{"start":{"line":199,"column":54},"end":{"line":199,"column":null}},"line":199},"19":{"name":"(anonymous_19)","decl":{"start":{"line":205,"column":4},"end":{"line":205,"column":22}},"loc":{"start":{"line":205,"column":56},"end":{"line":218,"column":null}},"line":205},"20":{"name":"(anonymous_20)","decl":{"start":{"line":205,"column":56},"end":{"line":205,"column":61}},"loc":{"start":{"line":205,"column":71},"end":{"line":218,"column":null}},"line":205},"21":{"name":"(anonymous_21)","decl":{"start":{"line":212,"column":42},"end":{"line":212,"column":46}},"loc":{"start":{"line":213,"column":16},"end":{"line":213,"column":null}},"line":213},"22":{"name":"(anonymous_22)","decl":{"start":{"line":220,"column":4},"end":{"line":220,"column":16}},"loc":{"start":{"line":220,"column":23},"end":{"line":220,"column":45}},"line":220},"23":{"name":"(anonymous_23)","decl":{"start":{"line":222,"column":4},"end":{"line":222,"column":16}},"loc":{"start":{"line":222,"column":30},"end":{"line":238,"column":null}},"line":222},"24":{"name":"(anonymous_24)","decl":{"start":{"line":222,"column":30},"end":{"line":222,"column":40}},"loc":{"start":{"line":222,"column":40},"end":{"line":238,"column":null}},"line":222},"25":{"name":"(anonymous_25)","decl":{"start":{"line":240,"column":4},"end":{"line":240,"column":19}},"loc":{"start":{"line":240,"column":28},"end":{"line":240,"column":67}},"line":240},"26":{"name":"(anonymous_26)","decl":{"start":{"line":242,"column":4},"end":{"line":242,"column":17}},"loc":{"start":{"line":242,"column":17},"end":{"line":248,"column":6}},"line":242},"27":{"name":"(anonymous_27)","decl":{"start":{"line":250,"column":4},"end":{"line":250,"column":21}},"loc":{"start":{"line":250,"column":21},"end":{"line":250,"column":43}},"line":250},"28":{"name":"(anonymous_28)","decl":{"start":{"line":251,"column":4},"end":{"line":251,"column":21}},"loc":{"start":{"line":251,"column":21},"end":{"line":251,"column":null}},"line":251}},"branchMap":{"0":{"loc":{"start":{"line":67,"column":16},"end":{"line":67,"column":37}},"type":"default-arg","locations":[{"start":{"line":67,"column":23},"end":{"line":67,"column":37}}],"line":67},"1":{"loc":{"start":{"line":67,"column":37},"end":{"line":67,"column":57}},"type":"default-arg","locations":[{"start":{"line":67,"column":48},"end":{"line":67,"column":57}}],"line":67},"2":{"loc":{"start":{"line":86,"column":12},"end":{"line":91,"column":null}},"type":"if","locations":[{"start":{"line":86,"column":12},"end":{"line":91,"column":null}},{"start":{"line":88,"column":19},"end":{"line":91,"column":null}}],"line":86},"3":{"loc":{"start":{"line":90,"column":16},"end":{"line":91,"column":null}},"type":"if","locations":[{"start":{"line":90,"column":16},"end":{"line":91,"column":null}},{"start":{},"end":{}}],"line":90},"4":{"loc":{"start":{"line":108,"column":8},"end":{"line":108,"column":null}},"type":"if","locations":[{"start":{"line":108,"column":8},"end":{"line":108,"column":null}},{"start":{},"end":{}}],"line":108},"5":{"loc":{"start":{"line":113,"column":8},"end":{"line":116,"column":null}},"type":"if","locations":[{"start":{"line":113,"column":8},"end":{"line":116,"column":null}},{"start":{},"end":{}}],"line":113},"6":{"loc":{"start":{"line":115,"column":12},"end":{"line":116,"column":null}},"type":"if","locations":[{"start":{"line":115,"column":12},"end":{"line":116,"column":null}},{"start":{},"end":{}}],"line":115},"7":{"loc":{"start":{"line":123,"column":12},"end":{"line":125,"column":null}},"type":"if","locations":[{"start":{"line":123,"column":12},"end":{"line":125,"column":null}},{"start":{},"end":{}}],"line":123},"8":{"loc":{"start":{"line":138,"column":8},"end":{"line":138,"column":null}},"type":"if","locations":[{"start":{"line":138,"column":8},"end":{"line":138,"column":null}},{"start":{},"end":{}}],"line":138},"9":{"loc":{"start":{"line":148,"column":8},"end":{"line":148,"column":null}},"type":"if","locations":[{"start":{"line":148,"column":8},"end":{"line":148,"column":null}},{"start":{},"end":{}}],"line":148},"10":{"loc":{"start":{"line":153,"column":8},"end":{"line":156,"column":null}},"type":"if","locations":[{"start":{"line":153,"column":8},"end":{"line":156,"column":null}},{"start":{},"end":{}}],"line":153},"11":{"loc":{"start":{"line":155,"column":12},"end":{"line":156,"column":null}},"type":"if","locations":[{"start":{"line":155,"column":12},"end":{"line":156,"column":null}},{"start":{},"end":{}}],"line":155},"12":{"loc":{"start":{"line":164,"column":8},"end":{"line":169,"column":null}},"type":"if","locations":[{"start":{"line":164,"column":8},"end":{"line":169,"column":null}},{"start":{"line":166,"column":15},"end":{"line":169,"column":null}}],"line":164},"13":{"loc":{"start":{"line":168,"column":12},"end":{"line":169,"column":null}},"type":"if","locations":[{"start":{"line":168,"column":12},"end":{"line":169,"column":null}},{"start":{},"end":{}}],"line":168},"14":{"loc":{"start":{"line":181,"column":8},"end":{"line":181,"column":null}},"type":"if","locations":[{"start":{"line":181,"column":8},"end":{"line":181,"column":null}},{"start":{},"end":{}}],"line":181},"15":{"loc":{"start":{"line":194,"column":8},"end":{"line":194,"column":null}},"type":"if","locations":[{"start":{"line":194,"column":8},"end":{"line":194,"column":null}},{"start":{},"end":{}}],"line":194},"16":{"loc":{"start":{"line":207,"column":8},"end":{"line":207,"column":null}},"type":"if","locations":[{"start":{"line":207,"column":8},"end":{"line":207,"column":null}},{"start":{},"end":{}}],"line":207},"17":{"loc":{"start":{"line":213,"column":16},"end":{"line":213,"column":null}},"type":"cond-expr","locations":[{"start":{"line":213,"column":43},"end":{"line":213,"column":84}},{"start":{"line":213,"column":84},"end":{"line":213,"column":null}}],"line":213}},"s":{"0":1,"1":1,"2":10,"3":10,"4":10,"5":10,"6":10,"7":10,"8":10,"9":7,"10":3,"11":3,"12":3,"13":10,"14":10,"15":1,"16":1,"17":1,"18":0,"19":1,"20":1,"21":0,"22":0,"23":0,"24":0,"25":1,"26":3,"27":3,"28":3,"29":3,"30":1,"31":1,"32":1,"33":1,"34":0,"35":0,"36":0,"37":0,"38":0,"39":0,"40":0,"41":2,"42":2,"43":2,"44":0,"45":2,"46":2,"47":1,"48":1,"49":1,"50":1,"51":2,"52":5,"53":2,"54":0,"55":2,"56":2,"57":2,"58":2,"59":2,"60":0,"61":0,"62":0,"63":0,"64":0,"65":0,"66":0,"67":0,"68":0,"69":0,"70":0,"71":0,"72":0,"73":0,"74":0,"75":1,"76":1,"77":1,"78":0,"79":1,"80":1,"81":1,"82":1,"83":0,"84":0,"85":0,"86":0,"87":0,"88":0,"89":0,"90":0,"91":5,"92":0,"93":0},"f":{"0":1,"1":10,"2":10,"3":1,"4":1,"5":0,"6":3,"7":1,"8":0,"9":0,"10":2,"11":2,"12":1,"13":5,"14":0,"15":0,"16":0,"17":0,"18":0,"19":1,"20":1,"21":1,"22":0,"23":0,"24":0,"25":0,"26":5,"27":0,"28":0},"b":{"0":[10],"1":[10],"2":[7,3],"3":[3,0],"4":[0,1],"5":[0,1],"6":[0,0],"7":[3,0],"8":[0,0],"9":[0,2],"10":[1,1],"11":[1,0],"12":[0,2],"13":[2,0],"14":[0,0],"15":[0,0],"16":[0,1],"17":[1,0]},"meta":{"lastBranch":18,"lastFunction":29,"lastStatement":94,"seen":{"s:60:13:252:3":0,"f:60:29:60:49":0,"s:60:63:252:3":1,"f:67:4:67:16":1,"b:67:23:67:37":0,"b:67:48:67:57":1,"s:68:19:68:Infinity":2,"s:69:35:79:Infinity":3,"s:81:8:101:Infinity":4,"f:81:8:81:13":2,"s:82:32:82:55":5,"s:83:12:83:Infinity":6,"s:85:27:85:51":7,"b:86:12:91:Infinity:88:19:91:Infinity":2,"s:86:12:91:Infinity":8,"s:87:16:87:Infinity":9,"s:89:31:89:56":10,"b:90:16:91:Infinity:undefined:undefined:undefined:undefined":3,"s:90:16:91:Infinity":11,"s:91:20:91:Infinity":12,"s:95:12:100:Infinity":13,"s:103:8:103:Infinity":14,"f:106:4:106:19":3,"s:106:26:134:Infinity":15,"f:106:26:106:31":4,"s:107:23:107:45":16,"b:108:8:108:Infinity:undefined:undefined:undefined:undefined":4,"s:108:8:108:Infinity":17,"s:108:21:108:Infinity":18,"s:110:28:110:51":19,"b:113:8:116:Infinity:undefined:undefined:undefined:undefined":5,"s:113:8:116:Infinity":20,"s:114:27:114:59":21,"b:115:12:116:Infinity:undefined:undefined:undefined:undefined":6,"s:115:12:116:Infinity":22,"s:116:16:116:Infinity":23,"f:116:50:116:57":5,"s:116:64:116:75":24,"s:121:14:125:Infinity":25,"f:121:14:121:33":6,"s:122:22:122:47":26,"b:123:12:125:Infinity:undefined:undefined:undefined:undefined":7,"s:123:12:125:Infinity":27,"s:124:16:124:Infinity":28,"s:125:16:125:Infinity":29,"s:128:8:128:Infinity":30,"s:131:25:131:70":31,"f:131:45:131:52":7,"s:131:59:131:70":32,"s:133:8:133:Infinity":33,"f:136:4:136:19":8,"s:136:32:144:Infinity":34,"f:136:32:136:37":9,"s:137:23:137:45":35,"b:138:8:138:Infinity:undefined:undefined:undefined:undefined":8,"s:138:8:138:Infinity":36,"s:138:21:138:Infinity":37,"s:140:28:140:51":38,"s:141:8:141:Infinity":39,"s:143:8:143:Infinity":40,"f:146:4:146:16":10,"s:146:39:177:Infinity":41,"f:146:39:146:44":11,"s:147:23:147:51":42,"b:148:8:148:Infinity:undefined:undefined:undefined:undefined":9,"s:148:8:148:Infinity":43,"s:148:21:148:Infinity":44,"s:150:28:150:51":45,"b:153:8:156:Infinity:undefined:undefined:undefined:undefined":10,"s:153:8:156:Infinity":46,"s:154:30:154:62":47,"b:155:12:156:Infinity:undefined:undefined:undefined:undefined":11,"s:155:12:156:Infinity":48,"s:156:16:156:Infinity":49,"f:156:56:156:63":12,"s:156:69:156:85":50,"s:161:23:161:72":51,"f:161:43:161:50":13,"s:161:56:161:72":52,"b:164:8:169:Infinity:166:15:169:Infinity":12,"s:164:8:169:Infinity":53,"s:165:12:165:Infinity":54,"s:167:30:167:55":55,"b:168:12:169:Infinity:undefined:undefined:undefined:undefined":13,"s:168:12:169:Infinity":56,"s:169:16:169:Infinity":57,"s:174:8:174:Infinity":58,"s:176:8:176:Infinity":59,"f:179:4:179:19":14,"s:179:43:190:Infinity":60,"f:179:43:179:48":15,"s:180:23:180:51":61,"b:181:8:181:Infinity:undefined:undefined:undefined:undefined":14,"s:181:8:181:Infinity":62,"s:181:21:181:Infinity":63,"s:183:28:183:51":64,"s:184:8:187:Infinity":65,"s:189:8:189:Infinity":66,"f:192:4:192:22":16,"s:192:50:203:Infinity":67,"f:192:50:192:55":17,"s:193:23:193:51":68,"b:194:8:194:Infinity:undefined:undefined:undefined:undefined":15,"s:194:8:194:Infinity":69,"s:194:21:194:Infinity":70,"s:196:28:196:51":71,"s:197:8:200:Infinity":72,"f:199:42:199:49":18,"s:199:54:199:Infinity":73,"s:202:8:202:Infinity":74,"f:205:4:205:22":19,"s:205:56:218:Infinity":75,"f:205:56:205:61":20,"s:206:23:206:51":76,"b:207:8:207:Infinity:undefined:undefined:undefined:undefined":16,"s:207:8:207:Infinity":77,"s:207:21:207:Infinity":78,"s:209:28:209:51":79,"s:210:8:215:Infinity":80,"f:212:42:212:46":21,"s:213:16:213:Infinity":81,"b:213:43:213:84:213:84:213:Infinity":17,"s:217:8:217:Infinity":82,"f:220:4:220:16":22,"s:220:23:220:45":83,"f:222:4:222:16":23,"s:222:30:238:Infinity":84,"f:222:30:222:40":24,"s:223:28:223:57":85,"s:225:8:226:Infinity":86,"s:226:12:226:Infinity":87,"s:229:8:229:Infinity":88,"s:231:8:237:Infinity":89,"f:240:4:240:19":25,"s:240:28:240:67":90,"f:242:4:242:17":26,"s:242:17:248:6":91,"f:250:4:250:21":27,"s:250:21:250:43":92,"f:251:4:251:21":28,"s:251:21:251:Infinity":93}}}
,"/home/halile/Masaüstü/GitHub/Archive/engine-standalone/src/engine/components/AnimationComponent.ts": {"path":"/home/halile/Masaüstü/GitHub/Archive/engine-standalone/src/engine/components/AnimationComponent.ts","statementMap":{"0":{"start":{"line":19,"column":41},"end":{"line":19,"column":null}},"1":{"start":{"line":22,"column":53},"end":{"line":22,"column":null}},"2":{"start":{"line":25,"column":38},"end":{"line":25,"column":null}},"3":{"start":{"line":28,"column":33},"end":{"line":28,"column":null}},"4":{"start":{"line":31,"column":24},"end":{"line":31,"column":null}},"5":{"start":{"line":16,"column":27},"end":{"line":16,"column":null}},"6":{"start":{"line":37,"column":8},"end":{"line":37,"column":null}},"7":{"start":{"line":38,"column":8},"end":{"line":38,"column":null}},"8":{"start":{"line":45,"column":8},"end":{"line":47,"column":null}},"9":{"start":{"line":46,"column":12},"end":{"line":46,"column":null}},"10":{"start":{"line":47,"column":12},"end":{"line":47,"column":null}},"11":{"start":{"line":50,"column":8},"end":{"line":56,"column":null}},"12":{"start":{"line":51,"column":27},"end":{"line":51,"column":54}},"13":{"start":{"line":52,"column":12},"end":{"line":56,"column":null}},"14":{"start":{"line":59,"column":8},"end":{"line":59,"column":null}},"15":{"start":{"line":70,"column":21},"end":{"line":70,"column":41}},"16":{"start":{"line":71,"column":8},"end":{"line":73,"column":null}},"17":{"start":{"line":72,"column":12},"end":{"line":72,"column":null}},"18":{"start":{"line":73,"column":12},"end":{"line":73,"column":null}},"19":{"start":{"line":76,"column":23},"end":{"line":76,"column":null}},"20":{"start":{"line":79,"column":8},"end":{"line":82,"column":null}},"21":{"start":{"line":80,"column":32},"end":{"line":80,"column":69}},"22":{"start":{"line":81,"column":12},"end":{"line":82,"column":null}},"23":{"start":{"line":82,"column":16},"end":{"line":82,"column":null}},"24":{"start":{"line":87,"column":8},"end":{"line":87,"column":null}},"25":{"start":{"line":88,"column":8},"end":{"line":88,"column":null}},"26":{"start":{"line":89,"column":8},"end":{"line":89,"column":null}},"27":{"start":{"line":90,"column":8},"end":{"line":90,"column":null}},"28":{"start":{"line":91,"column":8},"end":{"line":91,"column":null}},"29":{"start":{"line":93,"column":8},"end":{"line":93,"column":null}},"30":{"start":{"line":94,"column":8},"end":{"line":94,"column":null}},"31":{"start":{"line":101,"column":8},"end":{"line":105,"column":null}},"32":{"start":{"line":112,"column":8},"end":{"line":112,"column":null}},"33":{"start":{"line":112,"column":36},"end":{"line":112,"column":null}},"34":{"start":{"line":114,"column":21},"end":{"line":114,"column":58}},"35":{"start":{"line":115,"column":8},"end":{"line":116,"column":null}},"36":{"start":{"line":116,"column":12},"end":{"line":116,"column":null}},"37":{"start":{"line":119,"column":8},"end":{"line":119,"column":null}},"38":{"start":{"line":126,"column":8},"end":{"line":126,"column":null}},"39":{"start":{"line":127,"column":8},"end":{"line":127,"column":null}},"40":{"start":{"line":134,"column":8},"end":{"line":134,"column":null}},"41":{"start":{"line":134,"column":36},"end":{"line":134,"column":null}},"42":{"start":{"line":135,"column":21},"end":{"line":135,"column":58}},"43":{"start":{"line":136,"column":8},"end":{"line":137,"column":null}},"44":{"start":{"line":137,"column":12},"end":{"line":137,"column":null}},"45":{"start":{"line":145,"column":8},"end":{"line":145,"column":null}},"46":{"start":{"line":145,"column":36},"end":{"line":145,"column":null}},"47":{"start":{"line":146,"column":21},"end":{"line":146,"column":58}},"48":{"start":{"line":147,"column":8},"end":{"line":148,"column":null}},"49":{"start":{"line":148,"column":12},"end":{"line":148,"column":null}},"50":{"start":{"line":156,"column":8},"end":{"line":158,"column":null}},"51":{"start":{"line":157,"column":25},"end":{"line":157,"column":45}},"52":{"start":{"line":158,"column":12},"end":{"line":158,"column":null}},"53":{"start":{"line":160,"column":8},"end":{"line":160,"column":null}},"54":{"start":{"line":167,"column":8},"end":{"line":167,"column":null}},"55":{"start":{"line":168,"column":8},"end":{"line":169,"column":null}},"56":{"start":{"line":169,"column":12},"end":{"line":169,"column":null}},"57":{"start":{"line":171,"column":8},"end":{"line":171,"column":null}},"58":{"start":{"line":178,"column":8},"end":{"line":178,"column":null}},"59":{"start":{"line":185,"column":8},"end":{"line":186,"column":null}},"60":{"start":{"line":186,"column":12},"end":{"line":186,"column":null}},"61":{"start":{"line":191,"column":8},"end":{"line":191,"column":null}},"62":{"start":{"line":192,"column":8},"end":{"line":192,"column":null}},"63":{"start":{"line":193,"column":8},"end":{"line":193,"column":null}},"64":{"start":{"line":197,"column":23},"end":{"line":197,"column":47}},"65":{"start":{"line":198,"column":8},"end":{"line":198,"column":null}},"66":{"start":{"line":199,"column":8},"end":{"line":199,"column":null}},"67":{"start":{"line":201,"column":8},"end":{"line":201,"column":null}}},"fnMap":{"0":{"name":"(anonymous_0)","decl":{"start":{"line":36,"column":4},"end":{"line":36,"column":18}},"loc":{"start":{"line":36,"column":48},"end":{"line":38,"column":null}},"line":36},"1":{"name":"(anonymous_1)","decl":{"start":{"line":44,"column":4},"end":{"line":44,"column":13}},"loc":{"start":{"line":44,"column":49},"end":{"line":59,"column":null}},"line":44},"2":{"name":"(anonymous_2)","decl":{"start":{"line":65,"column":4},"end":{"line":65,"column":9}},"loc":{"start":{"line":69,"column":42},"end":{"line":94,"column":null}},"line":69},"3":{"name":"(anonymous_3)","decl":{"start":{"line":100,"column":4},"end":{"line":100,"column":13}},"loc":{"start":{"line":100,"column":74},"end":{"line":105,"column":null}},"line":100},"4":{"name":"(anonymous_4)","decl":{"start":{"line":111,"column":4},"end":{"line":111,"column":9}},"loc":{"start":{"line":111,"column":33},"end":{"line":119,"column":null}},"line":111},"5":{"name":"(anonymous_5)","decl":{"start":{"line":125,"column":4},"end":{"line":125,"column":20}},"loc":{"start":{"line":125,"column":20},"end":{"line":127,"column":null}},"line":125},"6":{"name":"(anonymous_6)","decl":{"start":{"line":133,"column":4},"end":{"line":133,"column":18}},"loc":{"start":{"line":133,"column":18},"end":{"line":137,"column":null}},"line":133},"7":{"name":"(anonymous_7)","decl":{"start":{"line":144,"column":4},"end":{"line":144,"column":19}},"loc":{"start":{"line":144,"column":19},"end":{"line":148,"column":null}},"line":144},"8":{"name":"(anonymous_8)","decl":{"start":{"line":155,"column":4},"end":{"line":155,"column":14}},"loc":{"start":{"line":155,"column":38},"end":{"line":160,"column":null}},"line":155},"9":{"name":"(anonymous_9)","decl":{"start":{"line":166,"column":4},"end":{"line":166,"column":17}},"loc":{"start":{"line":166,"column":38},"end":{"line":171,"column":null}},"line":166},"10":{"name":"(anonymous_10)","decl":{"start":{"line":177,"column":4},"end":{"line":177,"column":34}},"loc":{"start":{"line":177,"column":34},"end":{"line":178,"column":null}},"line":177},"11":{"name":"(anonymous_11)","decl":{"start":{"line":184,"column":4},"end":{"line":184,"column":11}},"loc":{"start":{"line":184,"column":36},"end":{"line":186,"column":null}},"line":184},"12":{"name":"(anonymous_12)","decl":{"start":{"line":190,"column":4},"end":{"line":190,"column":13}},"loc":{"start":{"line":190,"column":31},"end":{"line":193,"column":null}},"line":190},"13":{"name":"(anonymous_13)","decl":{"start":{"line":196,"column":4},"end":{"line":196,"column":13}},"loc":{"start":{"line":196,"column":41},"end":{"line":201,"column":null}},"line":196}},"branchMap":{"0":{"loc":{"start":{"line":45,"column":8},"end":{"line":47,"column":null}},"type":"if","locations":[{"start":{"line":45,"column":8},"end":{"line":47,"column":null}},{"start":{},"end":{}}],"line":45},"1":{"loc":{"start":{"line":65,"column":23},"end":{"line":69,"column":10}},"type":"default-arg","locations":[{"start":{"line":69,"column":8},"end":{"line":69,"column":10}}],"line":65},"2":{"loc":{"start":{"line":71,"column":8},"end":{"line":73,"column":null}},"type":"if","locations":[{"start":{"line":71,"column":8},"end":{"line":73,"column":null}},{"start":{},"end":{}}],"line":71},"3":{"loc":{"start":{"line":79,"column":8},"end":{"line":82,"column":null}},"type":"if","locations":[{"start":{"line":79,"column":8},"end":{"line":82,"column":null}},{"start":{},"end":{}}],"line":79},"4":{"loc":{"start":{"line":79,"column":12},"end":{"line":79,"column":69}},"type":"binary-expr","locations":[{"start":{"line":79,"column":12},"end":{"line":79,"column":37}},{"start":{"line":79,"column":37},"end":{"line":79,"column":69}}],"line":79},"5":{"loc":{"start":{"line":81,"column":12},"end":{"line":82,"column":null}},"type":"if","locations":[{"start":{"line":81,"column":12},"end":{"line":82,"column":null}},{"start":{},"end":{}}],"line":81},"6":{"loc":{"start":{"line":82,"column":43},"end":{"line":82,"column":85}},"type":"binary-expr","locations":[{"start":{"line":82,"column":43},"end":{"line":82,"column":61}},{"start":{"line":82,"column":61},"end":{"line":82,"column":85}}],"line":82},"7":{"loc":{"start":{"line":88,"column":23},"end":{"line":88,"column":57}},"type":"binary-expr","locations":[{"start":{"line":88,"column":23},"end":{"line":88,"column":39}},{"start":{"line":88,"column":3
[...]
38},"end":{"line":43,"column":66}},{"start":{"line":43,"column":66},"end":{"line":43,"column":null}}],"line":43},"5":{"loc":{"start":{"line":54,"column":8},"end":{"line":54,"column":null}},"type":"if","locations":[{"start":{"line":54,"column":8},"end":{"line":54,"column":null}},{"start":{},"end":{}}],"line":54},"6":{"loc":{"start":{"line":60,"column":12},"end":{"line":60,"column":null}},"type":"if","locations":[{"start":{"line":60,"column":12},"end":{"line":60,"column":null}},{"start":{},"end":{}}],"line":60},"7":{"loc":{"start":{"line":60,"column":16},"end":{"line":60,"column":45}},"type":"binary-expr","locations":[{"start":{"line":60,"column":16},"end":{"line":60,"column":27}},{"start":{"line":60,"column":27},"end":{"line":60,"column":45}}],"line":60},"8":{"loc":{"start":{"line":67,"column":12},"end":{"line":70,"column":null}},"type":"if","locations":[{"start":{"line":67,"column":12},"end":{"line":70,"column":null}},{"start":{"line":69,"column":19},"end":{"line":70,"column":null}}],"line":67},"9":{"loc":{"start":{"line":82,"column":12},"end":{"line":83,"column":null}},"type":"if","locations":[{"start":{"line":82,"column":12},"end":{"line":83,"column":null}},{"start":{},"end":{}}],"line":82}},"s":{"0":4,"1":4,"2":4,"3":0,"4":6,"5":0,"6":6,"7":6,"8":5,"9":5,"10":5,"11":0,"12":5,"13":3,"14":3,"15":5,"16":5,"17":6,"18":6,"19":0,"20":6,"21":6,"22":1,"23":1,"24":0,"25":1,"26":1,"27":1,"28":0,"29":1,"30":1,"31":6,"32":5,"33":6,"34":5,"35":0,"36":0},"f":{"0":0,"1":6,"2":6,"3":6,"4":5,"5":0},"b":{"0":[0,6],"1":[0,5],"2":[5,5,5],"3":[3,2],"4":[5,4],"5":[0,6],"6":[0,1],"7":[1,1],"8":[0,1],"9":[0,5]},"meta":{"lastBranch":10,"lastFunction":6,"lastStatement":37,"seen":{"s:13:24:13:Infinity":0,"s:14:34:14:Infinity":1,"s:17:49:17:Infinity":2,"f:19:4:19:23":0,"s:20:8:20:Infinity":3,"f:23:4:23:11":1,"b:24:8:24:Infinity:undefined:undefined:undefined:undefined":0,"s:24:8:24:Infinity":4,"s:24:23:24:Infinity":5,"s:27:8:27:Infinity":6,"s:30:8:46:Infinity":7,"s:31:30:31:69":8,"s:32:27:32:63":9,"b:34:12:34:Infinity:undefined:undefined:undefined:undefined":1,"s:34:12:34:Infinity":10,"b:34:16:34:30:34:30:34:41:34:41:34:59":2,"s:34:59:34:Infinity":11,"b:37:12:39:Infinity:undefined:undefined:undefined:undefined":3,"s:37:12:39:Infinity":12,"s:38:16:38:Infinity":13,"s:39:16:39:Infinity":14,"s:43:12:43:Infinity":15,"b:43:38:43:66:43:66:43:Infinity":4,"s:46:12:46:Infinity":16,"s:50:8:50:Infinity":17,"f:53:4:53:12":2,"b:54:8:54:Infinity:undefined:undefined:undefined:undefined":5,"s:54:8:54:Infinity":18,"s:54:23:54:Infinity":19,"s:56:25:56:56":20,"s:58:8:74:Infinity":21,"s:59:27:59:63":22,"b:60:12:60:Infinity:undefined:undefined:undefined:undefined":6,"s:60:12:60:Infinity":23,"b:60:16:60:27:60:27:60:45":7,"s:60:45:60:Infinity":24,"s:63:12:63:Infinity":25,"s:64:12:64:Infinity":26,"b:67:12:70:Infinity:69:19:70:Infinity":8,"s:67:12:70:Infinity":27,"s:68:16:68:Infinity":28,"s:70:16:70:Infinity":29,"s:74:12:74:Infinity":30,"f:78:4:78:12":3,"s:79:27:79:66":31,"f:79:51:79:55":4,"s:79:60:79:65":32,"s:81:8:83:Infinity":33,"b:82:12:83:Infinity:undefined:undefined:undefined:undefined":9,"s:82:12:83:Infinity":34,"s:83:16:83:Infinity":35,"f:92:4:92:20":5,"s:93:8:93:Infinity":36}}}
,"/home/halile/Masaüstü/GitHub/Archive/engine-standalone/src/engine/systems/ScriptSystem.ts": {"path":"/home/halile/Masaüstü/GitHub/Archive/engine-standalone/src/engine/systems/ScriptSystem.ts","statementMap":{"0":{"start":{"line":11,"column":24},"end":{"line":11,"column":null}},"1":{"start":{"line":12,"column":34},"end":{"line":12,"column":null}},"2":{"start":{"line":15,"column":52},"end":{"line":15,"column":null}},"3":{"start":{"line":18,"column":8},"end":{"line":32,"column":null}},"4":{"start":{"line":19,"column":36},"end":{"line":19,"column":72}},"5":{"start":{"line":20,"column":12},"end":{"line":20,"column":null}},"6":{"start":{"line":20,"column":34},"end":{"line":20,"column":null}},"7":{"start":{"line":23,"column":12},"end":{"line":23,"column":null}},"8":{"start":{"line":26,"column":12},"end":{"line":28,"column":null}},"9":{"start":{"line":27,"column":16},"end":{"line":27,"column":null}},"10":{"start":{"line":28,"column":16},"end":{"line":28,"column":null}},"11":{"start":{"line":32,"column":12},"end":{"line":32,"column":null}},"12":{"start":{"line":37,"column":8},"end":{"line":37,"column":null}},"13":{"start":{"line":37,"column":23},"end":{"line":37,"column":null}},"14":{"start":{"line":39,"column":25},"end":{"line":39,"column":56}},"15":{"start":{"line":41,"column":8},"end":{"line":48,"column":null}},"16":{"start":{"line":42,"column":12},"end":{"line":42,"column":null}},"17":{"start":{"line":42,"column":43},"end":{"line":42,"column":null}},"18":{"start":{"line":44,"column":36},"end":{"line":44,"column":72}},"19":{"start":{"line":45,"column":12},"end":{"line":45,"column":null}},"20":{"start":{"line":45,"column":34},"end":{"line":45,"column":null}},"21":{"start":{"line":48,"column":12},"end":{"line":48,"column":null}},"22":{"start":{"line":56,"column":8},"end":{"line":56,"column":null}}},"fnMap":{"0":{"name":"(anonymous_0)","decl":{"start":{"line":17,"column":4},"end":{"line":17,"column":11}},"loc":{"start":{"line":17,"column":56},"end":{"line":32,"column":null}},"line":17},"1":{"name":"(anonymous_1)","decl":{"start":{"line":36,"column":4},"end":{"line":36,"column":15}},"loc":{"start":{"line":36,"column":40},"end":{"line":48,"column":null}},"line":36},"2":{"name":"(anonymous_2)","decl":{"start":{"line":55,"column":4},"end":{"line":55,"column":18}},"loc":{"start":{"line":55,"column":18},"end":{"line":56,"column":null}},"line":55}},"branchMap":{"0":{"loc":{"start":{"line":20,"column":12},"end":{"line":20,"column":null}},"type":"if","locations":[{"start":{"line":20,"column":12},"end":{"line":20,"column":null}},{"start":{},"end":{}}],"line":20},"1":{"loc":{"start":{"line":26,"column":12},"end":{"line":28,"column":null}},"type":"if","locations":[{"start":{"line":26,"column":12},"end":{"line":28,"column":null}},{"start":{},"end":{}}],"line":26},"2":{"loc":{"start":{"line":37,"column":8},"end":{"line":37,"column":null}},"type":"if","locations":[{"start":{"line":37,"column":8},"end":{"line":37,"column":null}},{"start":{},"end":{}}],"line":37},"3":{"loc":{"start":{"line":42,"column":12},"end":{"line":42,"column":null}},"type":"if","locations":[{"start":{"line":42,"column":12},"end":{"line":42,"column":null}},{"start":{},"end":{}}],"line":42},"4":{"loc":{"start":{"line":45,"column":12},"end":{"line":45,"column":null}},"type":"if","locations":[{"start":{"line":45,"column":12},"end":{"line":45,"column":null}},{"start":{},"end":{}}],"line":45}},"s":{"0":3,"1":3,"2":3,"3":4,"4":4,"5":4,"6":0,"7":4,"8":4,"9":3,"10":3,"11":4,"12":1,"13":0,"14":1,"15":1,"16":1,"17":0,"18":1,"19":1,"20":0,"21":1,"22":1},"f":{"0":4,"1":1,"2":1},"b":{"0":[0,4],"1":[3,1],"2":[0,1],"3":[0,1],"4":[0,1]},"meta":{"lastBranch":5,"lastFunction":3,"lastStatement":23,"seen":{"s:11:24:11:Infinity":0,"s:12:34:12:Infinity":1,"s:15:52:15:Infinity":2,"f:17:4:17:11":0,"s:18:8:32:Infinity":3,"s:19:36:19:72":4,"b:20:12:20:Infinity:undefined:undefined:undefined:undefined":0,"s:20:12:20:Infinity":5,"s:20:34:20:Infinity":6,"s:23:12:23:Infinity":7,"b:26:12:28:Infinity:undefined:undefined:undefined:undefined":1,"s:26:12:28:Infinity":8,"s:27:16:27:Infinity":9,"s:28:16:28:Infinity":10,"s:32:12:32:Infinity":11,"f:36:4:36:15":1,"b:37:8:37:Infinity:undefined:undefined:undefined:undefined":2,"s:37:8:37:Infinity":12,"s:37:23:37:Infinity":13,"s:39:25:39:56":14,"s:41:8:48:Infinity":15,"b:42:12:42:Infinity:undefined:undefined:undefined:undefined":3,"s:42:12:42:Infinity":16,"s:42:43:42:Infinity":17,"s:44:36:44:72":18,"b:45:12:45:Infinity:undefined:undefined:undefined:undefined":4,"s:45:12:45:Infinity":19,"s:45:34:45:Infinity":20,"s:48:12:48:Infinity":21,"f:55:4:55:18":2,"s:56:8:56:Infinity":22}}}
,"/home/halile/Masaüstü/GitHub/Archive/engine-standalone/src/engine/utils/EventEmitter.ts": {"path":"/home/halile/Masaüstü/GitHub/Archive/engine-standalone/src/engine/utils/EventEmitter.ts","statementMap":{"0":{"start":{"line":8,"column":60},"end":{"line":8,"column":null}},"1":{"start":{"line":14,"column":8},"end":{"line":15,"column":null}},"2":{"start":{"line":15,"column":12},"end":{"line":15,"column":null}},"3":{"start":{"line":17,"column":8},"end":{"line":17,"column":null}},"4":{"start":{"line":18,"column":8},"end":{"line":18,"column":null}},"5":{"start":{"line":25,"column":14},"end":{"line":27,"column":null}},"6":{"start":{"line":26,"column":12},"end":{"line":26,"column":null}},"7":{"start":{"line":27,"column":12},"end":{"line":27,"column":null}},"8":{"start":{"line":29,"column":8},"end":{"line":29,"column":null}},"9":{"start":{"line":36,"column":26},"end":{"line":36,"column":48}},"10":{"start":{"line":37,"column":8},"end":{"line":40,"column":null}},"11":{"start":{"line":38,"column":26},"end":{"line":38,"column":53}},"12":{"start":{"line":39,"column":12},"end":{"line":40,"column":null}},"13":{"start":{"line":40,"column":16},"end":{"line":40,"column":null}},"14":{"start":{"line":43,"column":8},"end":{"line":43,"column":null}},"15":{"start":{"line":50,"column":26},"end":{"line":50,"column":48}},"16":{"start":{"line":51,"column":8},"end":{"line":53,"column":null}},"17":{"start":{"line":52,"column":12},"end":{"line":53,"column":null}},"18":{"start":{"line":53,"column":16},"end":{"line":53,"column":null}},"19":{"start":{"line":56,"column":8},"end":{"line":56,"column":null}},"20":{"start":{"line":63,"column":8},"end":{"line":66,"column":null}},"21":{"start":{"line":64,"column":12},"end":{"line":64,"column":null}},"22":{"start":{"line":66,"column":12},"end":{"line":66,"column":null}},"23":{"start":{"line":68,"column":8},"end":{"line":68,"column":null}},"24":{"start":{"line":75,"column":8},"end":{"line":75,"column":null}},"25":{"start":{"line":82,"column":8},"end":{"line":82,"column":null}},"26":{"start":{"line":87,"column":28},"end":{"line":87,"column":46}}},"fnMap":{"0":{"name":"(anonymous_0)","decl":{"start":{"line":13,"column":4},"end":{"line":13,"column":7}},"loc":{"start":{"line":13,"column":53},"end":{"line":18,"column":null}},"line":13},"1":{"name":"(anonymous_1)","decl":{"start":{"line":24,"column":4},"end":{"line":24,"column":9}},"loc":{"start":{"line":24,"column":55},"end":{"line":29,"column":null}},"line":24},"2":{"name":"(anonymous_2)","decl":{"start":{"line":25,"column":14},"end":{"line":25,"column":25}},"loc":{"start":{"line":25,"column":44},"end":{"line":27,"column":null}},"line":25},"3":{"name":"(anonymous_3)","decl":{"start":{"line":35,"column":4},"end":{"line":35,"column":8}},"loc":{"start":{"line":35,"column":54},"end":{"line":43,"column":null}},"line":35},"4":{"name":"(anonymous_4)","decl":{"start":{"line":49,"column":4},"end":{"line":49,"column":9}},"loc":{"start":{"line":49,"column":46},"end":{"line":56,"column":null}},"line":49},"5":{"name":"(anonymous_5)","decl":{"start":{"line":62,"column":4},"end":{"line":62,"column":23}},"loc":{"start":{"line":62,"column":45},"end":{"line":68,"column":null}},"line":62},"6":{"name":"(anonymous_6)","decl":{"start":{"line":74,"column":4},"end":{"line":74,"column":17}},"loc":{"start":{"line":74,"column":41},"end":{"line":75,"column":null}},"line":74},"7":{"name":"(anonymous_7)","decl":{"start":{"line":81,"column":4},"end":{"line":81,"column":18}},"loc":{"start":{"line":81,"column":41},"end":{"line":82,"column":null}},"line":81}},"branchMap":{"0":{"loc":{"start":{"line":14,"column":8},"end":{"line":15,"column":null}},"type":"if","locations":[{"start":{"line":14,"column":8},"end":{"line":15,"column":null}},{"start":{},"end":{}}],"line":14},"1":{"loc":{"start":{"line":37,"column":8},"end":{"line":40,"column":null}},"type":"if","locations":[{"start":{"line":37,"column":8},"end":{"line":40,"column":null}},{"start":{},"end":{}}],"line":37},"2":{"loc":{"start":{"line":39,"column":12},"end":{"line":40,"column":null}},"type":"if","locations":[{"start":{"line":39,"column":12},"end":{"line":40,"column":null}},{"start":{},"end":{}}],"line":39},"3":{"loc":{"start":{"line":51,"column":8},"end":{"line":53,"column":null}},"type":"if","locations":[{"start":{"line":51,"column":8},"end":{"line":53,"column":null}},{"start":{},"end":{}}],"line":51},"4":{"loc":{"start":{"line":63,"column":8},"end":{"line":66,"column":null}},"type":"if","locations":[{"start":{"line":63,"column":8},"end":{"line":66,"column":null}},{"start":{"line":65,"column":15},"end":{"line":66,"column":null}}],"line":63},"5":{"loc":{"start":{"line":75,"column":16},"end":{"line":75,"column":55}},"type":"binary-expr","locations":[{"start":{"line":75,"column":16},"end":{"line":75,"column":50}},{"start":{"line":75,"column":50},"end":{"line":75,"column":55}}],"line":75},"6":{"loc":{"start":{"line":82,"column":15},"end":{"line":82,"column":null}},"type":"binary-expr","locations":[{"start":{"line":82,"column":15},"end":{"line":82,"column":49}},{"start":{"line":82,"column":49},"end":{"line":82,"column":null}}],"line":82}},"s":{"0":6,"1":7,"2":5,"3":7,"4":7,"5":1,"6":1,"7":1,"8":1,"9":2,"10":2,"11":2,"12":2,"13":2,"14":2,"15":6,"16":6,"17":5,"18":4,"19":6,"20":1,"21":1,"22":0,"23":1,"24":0,"25":0,"26":1},"f":{"0":7,"1":1,"2":1,"3":2,"4":6,"5":1,"6":0,"7":0},"b":{"0":[5,2],"1":[2,0],"2":[2,0],"3":[5,1],"4":[1,0],"5":[0,0],"6":[0,0]},"meta":{"lastBranch":7,"lastFunction":8,"lastStatement":27,"seen":{"s:8:60:8:Infinity":0,"f:13:4:13:7":0,"b:14:8:15:Infinity:undefined:undefined:undefined:undefined":0,"s:14:8:15:Infinity":1,"s:15:12:15:Infinity":2,"s:17:8:17:Infinity":3,"s:18:8:18:Infinity":4,"f:24:4:24:9":1,"s:25:14:27:Infinity":5,"f:25:14:25:25":2,"s:26:12:26:Infinity":6,"s:27:12:27:Infinity":7,"s:29:8:29:Infinity":8,"f:35:4:35:8":3,"s:36:26:36:48":9,"b:37:8:40:Infinity:undefined:undefined:undefined:undefined":1,"s:37:8:40:Infinity":10,"s:38:26:38:53":11,"b:39:12:40:Infinity:undefined:undefined:undefined:undefined":2,"s:39:12:40:Infinity":12,"s:40:16:40:Infinity":13,"s:43:8:43:Infinity":14,"f:49:4:49:9":4,"s:50:26:50:48":15,"b:51:8:53:Infinity:undefined:undefined:undefined:undefined":3,"s:51:8:53:Infinity":16,"s:52:12:53:Infinity":17,"s:53:16:53:Infinity":18,"s:56:8:56:Infinity":19,"f:62:4:62:23":5,"b:63:8:66:Infinity:65:15:66:Infinity":4,"s:63:8:66:Infinity":20,"s:64:12:64:Infinity":21,"s:66:12:66:Infinity":22,"s:68:8:68:Infinity":23,"f:74:4:74:17":6,"s:75:8:75:Infinity":24,"b:75:16:75:50:75:50:75:55":5,"f:81:4:81:18":7,"s:82:8:82:Infinity":25,"b:82:15:82:49:82:49:82:Infinity":6,"s:87:28:87:46":26}}}
,"/home/halile/Masaüstü/GitHub/Archive/engine-standalone/src/engine/utils/ObjectPool.ts": {"path":"/home/halile/Masaüstü/GitHub/Archive/engine-standalone/src/engine/utils/ObjectPool.ts","statementMap":{"0":{"start":{"line":10,"column":24},"end":{"line":10,"column":null}},"1":{"start":{"line":11,"column":34},"end":{"line":11,"column":null}},"2":{"start":{"line":27,"column":8},"end":{"line":27,"column":null}},"3":{"start":{"line":28,"column":8},"end":{"line":28,"column":null}},"4":{"start":{"line":29,"column":8},"end":{"line":29,"column":null}},"5":{"start":{"line":36,"column":25},"end":{"line":36,"column":54}},"6":{"start":{"line":37,"column":8},"end":{"line":38,"column":null}},"7":{"start":{"line":37,"column":21},"end":{"line":37,"column":24}},"8":{"start":{"line":38,"column":12},"end":{"line":38,"column":null}},"9":{"start":{"line":40,"column":8},"end":{"line":40,"column":null}},"10":{"start":{"line":50,"column":8},"end":{"line":53,"column":null}},"11":{"start":{"line":51,"column":12},"end":{"line":51,"column":null}},"12":{"start":{"line":53,"column":12},"end":{"line":53,"column":null}},"13":{"start":{"line":56,"column":8},"end":{"line":56,"column":null}},"14":{"start":{"line":57,"column":8},"end":{"line":57,"column":null}},"15":{"start":{"line":64,"column":8},"end":{"line":66,"column":null}},"16":{"start":{"line":65,"column":12},"end":{"line":65,"column":null}},"17":{"start":{"line":66,"column":12},"end":{"line":66,"column":null}},"18":{"start":{"line":68,"column":8},"end":{"line":68,"column":null}},"19":{"start":{"line":75,"column":8},"end":{"line":75,"column":null}},"20":{"start":{"line":76,"column":8},"end":{"line":76,"column":null}},"21":{"start":{"line":83,"column":8},"end":{"line":87,"column":null}},"22":{"start":{"line":94,"column":8},"end":{"line":94,"column":null}},"23":{"start":{"line":101,"column":8},"end":{"line":101,"column":null}}},"fnMap":{"0":{"name":"(anonymous_0)","decl":{"start":{"line":22,"column":4},"end":{"line":22,"column":null}},"loc":{"start":{"line":26,"column":6},"end":{"line":29,"column":null}},"line":26},"1":{"name":"(anonymous_1)","decl":{"start":{"line":24,"column":8},"end":{"line":24,"column":41}},"loc":{"start":{"line":24,"column":41},"end":{"line":24,"column":null}},"line":24},"2":{"name":"(anonymous_2)","decl":{"start":{"line":35,"column":4},"end":{"line":35,"column":12}},"loc":{"start":{"line":35,"column":33},"end":{"line":40,"column":null}},"line":35},"3":{"name":"(anonymous_3)","decl":{"start":{"line":47,"column":4},"end":{"line":47,"column":17}},"loc":{"start":{"line":47,"column":17},"end":{"line":57,"column":null}},"line":47},"4":{"name":"(anonymous_4)","decl":{"start":{"line":63,"column":4},"end":{"line":63,"column":12}},"loc":{"start":{"line":63,"column":27},"end":{"line":68,"column":null}},"line":63},"5":{"name":"(anonymous_5)","decl":{"start":{"line":74,"column":4},"end":{"line":74,"column":18}},"loc":{"start":{"line":74,"column":18},"end":{"line":76,"column":null}},"line":74},"6":{"name":"(anonymous_6)","decl":{"start":{"line":82,"column":8},"end":{"line":82,"column":72}},"loc":{"start":{"line":82,"column":72},"end":{"line":87,"column":null}},"line":82},"7":{"name":"(anonymous_7)","decl":{"start":{"line":93,"column":8},"end":{"line":93,"column":28}},"loc":{"start":{"line":93,"column":28},"end":{"line":94,"column":null}},"line":93},"8":{"name":"(anonymous_8)","decl":{"start":{"line":100,"column":8},"end":{"line":100,"column":25}},"loc":{"start":{"line":100,"column":25},"end":{"line":101,"column":null}},"line":100}},"branchMap":{"0":{"loc":{"start":{"line":24,"column":8},"end":{"line":24,"column":null}},"type":"default-arg","locations":[{"start":{"line":24,"column":8},"end":{"line":24,"column":null}}],"line":24},"1":{"loc":{"start":{"line":25,"column":8},"end":{"line":25,"column":null}},"type":"default-arg","locations":[{"start":{"line":25,"column":26},"end":{"line":25,"column":null}}],"line":25},"2":{"loc":{"start":{"line":50,"column":8},"end":{"line":53,"column":null}},"type":"if","locations":[{"start":{"line":50,"column":8},"end":{"line":53,"column":null}},{"start":{"line":52,"column":15},"end":{"line":53,"column":null}}],"line":50},"3":{"loc":{"start":{"line":64,"column":8},"end":{"line":66,"column":null}},"type":"if","locations":[{"start":{"line":64,"column":8},"end":{"line":66,"column":null}},{"start":{},"end":{}}],"line":64}},"s":{"0":6,"1":6,"2":6,"3":6,"4":6,"5":2,"6":2,"7":2,"8":5,"9":2,"10":7,"11":2,"12":5,"13":7,"14":7,"15":4,"16":3,"17":3,"18":4,"19":0,"20":0,"21":1,"22":4,"23":3},"f":{"0":6,"1":0,"2":2,"3":7,"4":4,"5":0,"6":1,"7":4,"8":3},"b":{"0":[0],"1":[6],"2":[2,5],"3":[3,1]},"meta":{"lastBranch":4,"lastFunction":9,"lastStatement":24,"seen":{"f:22:4:22:Infinity":0,"b:24:8:24:Infinity":0,"f:24:8:24:41":1,"b:25:26:25:Infinity":1,"s:10:24:10:Infinity":0,"s:11:34:11:Infinity":1,"s:27:8:27:Infinity":2,"s:28:8:28:Infinity":3,"s:29:8:29:Infinity":4,"f:35:4:35:12":2,"s:36:25:36:54":5,"s:37:8:38:Infinity":6,"s:37:21:37:24":7,"s:38:12:38:Infinity":8,"s:40:8:40:Infinity":9,"f:47:4:47:17":3,"b:50:8:53:Infinity:52:15:53:Infinity":2,"s:50:8:53:Infinity":10,"s:51:12:51:Infinity":11,"s:53:12:53:Infinity":12,"s:56:8:56:Infinity":13,"s:57:8:57:Infinity":14,"f:63:4:63:12":4,"b:64:8:66:Infinity:undefined:undefined:undefined:undefined":3,"s:64:8:66:Infinity":15,"s:65:12:65:Infinity":16,"s:66:12:66:Infinity":17,"s:68:8:68:Infinity":18,"f:74:4:74:18":5,"s:75:8:75:Infinity":19,"s:76:8:76:Infinity":20,"f:82:8:82:72":6,"s:83:8:87:Infinity":21,"f:93:8:93:28":7,"s:94:8:94:Infinity":22,"f:100:8:100:25":8,"s:101:8:101:Infinity":23}}}
}
